#
# A fatal error has been detected by the Java Runtime Environment:
#
#  SIGSEGV (0xb) at pc=0x00007fca521d4e62, pid=37548, tid=37590
#
# JRE version: OpenJDK Runtime Environment (11.0.9.1+1) (build 11.0.9.1+1-Ubuntu-0ubuntu1.20.04)
# Java VM: OpenJDK 64-Bit Server VM (11.0.9.1+1-Ubuntu-0ubuntu1.20.04, mixed mode, sharing, tiered, compressed oops, g1 gc, linux-amd64)
# Problematic frame:
# V  [libjvm.so+0x77de62]
#
# Core dump will be written. Default location: Core dumps may be processed with "/usr/share/apport/apport %p %s %c %d %P %E" (or dumping to /home/stas/dev/uni/SpringRest/core.37548)
#
# If you would like to submit a bug report, please visit:
#   https://bugs.launchpad.net/ubuntu/+source/openjdk-lts
#

---------------  S U M M A R Y ------------

Command Line: -Dclassworlds.conf=/usr/share/maven/bin/m2.conf -Dmaven.home=/usr/share/maven -Dlibrary.jansi.path=/usr/share/maven/lib/jansi-native -Dmaven.multiModuleProjectDirectory=/home/stas/dev/uni/SpringRest org.codehaus.plexus.classworlds.launcher.Launcher spring-boot:run

Host: Intel(R) Core(TM) i5-4670K CPU @ 3.40GHz, 4 cores, 15G, Pop!_OS 20.04 LTS
Time: Sat Mar 27 21:08:22 2021 CET elapsed time: 1.688770 seconds (0d 0h 0m 1s)

---------------  T H R E A D  ---------------

Current thread (0x00007fca14004000):  GCTaskThread "GC Thread#3" [stack: 0x00007fca24300000,0x00007fca24400000] [id=37590]

Stack: [0x00007fca24300000,0x00007fca24400000],  sp=0x00007fca243fe9c0,  free space=1018k
Native frames: (J=compiled Java code, A=aot compiled Java code, j=interpreted, Vv=VM code, C=native code)
V  [libjvm.so+0x77de62]
V  [libjvm.so+0x77e81e]
V  [libjvm.so+0x791acd]
V  [libjvm.so+0x6f179f]
V  [libjvm.so+0x735722]
V  [libjvm.so+0x78cbef]
V  [libjvm.so+0x78cd60]
V  [libjvm.so+0x745b12]
V  [libjvm.so+0xeaee7d]
V  [libjvm.so+0xe14330]
V  [libjvm.so+0xbd26e6]


siginfo: si_signo: 11 (SIGSEGV), si_code: 128 (SI_KERNEL), si_addr: 0x0000000000000000

Register to memory mapping:

RAX=0x6a4c5b1cffff0012 is an unknown value
RBX=0x0000000707043df0 points into unknown readable memory: 00 20 00 00 00 00 00 00
RCX=0x0000000000000014 is an unknown value
RDX=0x00007fca4c01f220 points into unknown readable memory: 80 96 4b 00 08 00 00 00
RSP=0x00007fca243fe9c0 points into unknown readable memory: ca 12 0d 34 ca 7f 00 00
RBP=0x00007fca243fea00 points into unknown readable memory: 90 ea 3f 24 ca 7f 00 00
RSI=0x00007fca4c024040 points into unknown readable memory: 40 71 c5 52 ca 7f 00 00
RDI=0x0 is NULL
R8 =0x0 is NULL
R9 =0x00000007070415b8 points into unknown readable memory: 11 00 00 00 00 00 00 00
R10=0x0000000000000a28 is an unknown value
R11=0x0000000000000001 is an unknown value
R12=0x00007fc9dc0089f0 points into unknown readable memory: f0 00 bb 52 ca 7f 00 00
R13=0x00007fc9dc008b60 points into unknown readable memory: b0 00 bb 52 ca 7f 00 00
R14=0x0000000707043e68 points into unknown readable memory: 00 00 00 00 00 00 00 00
R15=0x0 is NULL


Registers:
RAX=0x6a4c5b1cffff0012, RBX=0x0000000707043df0, RCX=0x0000000000000014, RDX=0x00007fca4c01f220
RSP=0x00007fca243fe9c0, RBP=0x00007fca243fea00, RSI=0x00007fca4c024040, RDI=0x0000000000000000
R8 =0x0000000000000000, R9 =0x00000007070415b8, R10=0x0000000000000a28, R11=0x0000000000000001
R12=0x00007fc9dc0089f0, R13=0x00007fc9dc008b60, R14=0x0000000707043e68, R15=0x0000000000000000
RIP=0x00007fca521d4e62, EFLAGS=0x0000000000010246, CSGSFS=0x002b000000000033, ERR=0x0000000000000000
  TRAPNO=0x000000000000000d

Top of Stack: (sp=0x00007fca243fe9c0)
0x00007fca243fe9c0:   00007fca340d12ca 00007fca52621e53
0x00007fca243fe9d0:   0000000000005854 0000000000007070
0x00007fca243fe9e0:   0000000712c1dd5a 0000000000000040
0x00007fca243fe9f0:   00007fc9dc008b60 00007fc9dc0089f0 

Instructions: (pc=0x00007fca521d4e62)
0x00007fca521d4d62:   89 fe 41 54 53 48 83 ec 18 4c 8d 05 93 d4 ad 00
0x00007fca521d4d72:   48 8d 05 8b d4 ad 00 41 80 38 00 0f b6 00 0f 84
0x00007fca521d4d82:   9a 01 00 00 85 d2 0f 85 f2 02 00 00 3c 01 48 89
0x00007fca521d4d92:   fb 48 63 c9 48 19 d2 83 e2 04 3c 01 48 19 c0 48
0x00007fca521d4da2:   63 54 16 0c 83 e0 08 48 8d 44 06 10 48 39 f8 4c
0x00007fca521d4db2:   8d 34 90 48 0f 43 d8 48 8d 04 88 49 39 c6 4c 0f
0x00007fca521d4dc2:   43 f0 45 31 ff 4c 39 f3 0f 83 ad 00 00 00 8b 03
0x00007fca521d4dd2:   85 c0 0f 84 96 00 00 00 48 8d 15 7f 07 ab 00 49
0x00007fca521d4de2:   8b 75 10 8b 4a 08 48 d3 e0 8b 8e f0 06 00 00 48
0x00007fca521d4df2:   03 02 48 89 c2 48 d3 ea 48 8b 8e e0 06 00 00 0f
0x00007fca521d4e02:   b6 3c 11 40 84 ff 0f 8f 82 00 00 00 48 8d 15 af
0x00007fca521d4e12:   e5 ad 00 8b 0a 48 89 c2 48 31 da 48 d3 ea 48 85
0x00007fca521d4e22:   d2 74 4b 40 80 ff ff 0f 84 21 03 00 00 49 8b 55
0x00007fca521d4e32:   20 8b 92 04 01 00 00 83 e2 02 75 32 4d 8b 65 18
0x00007fca521d4e42:   49 8b 54 24 08 8b 8a c0 02 00 00 48 8b 92 b0 02
0x00007fca521d4e52:   00 00 48 d3 e8 48 8b 04 c2 48 8b 80 f8 00 00 00
0x00007fca521d4e62:   8b 90 18 01 00 00 85 d2 0f 85 68 03 00 00 48 83
0x00007fca521d4e72:   c3 04 49 39 de 0f 87 53 ff ff ff 48 83 c4 18 5b
0x00007fca521d4e82:   41 5c 41 5d 41 5e 41 5f 5d c3 0f 1f 40 00 42 0f
0x00007fca521d4e92:   18 0c 38 ba 10 00 00 00 0f 18 0c 10 49 8b 45 18
0x00007fca521d4ea2:   48 89 d9 48 83 c9 01 4c 8b 60 10 41 8b 14 24 41
0x00007fca521d4eb2:   8b 84 24 80 00 00 00 89 d7 29 c7 89 f8 25 ff ff
0x00007fca521d4ec2:   01 00 3d fd ff 01 00 0f 86 51 02 00 00 3d ff ff
0x00007fca521d4ed2:   01 00 0f 84 a6 03 00 00 49 8b 84 24 b0 00 00 00
0x00007fca521d4ee2:   49 3b 84 24 98 00 00 00 0f 84 38 03 00 00 49 8b
0x00007fca521d4ef2:   94 24 c8 00 00 00 48 83 c3 04 48 89 0c c2 49 83
0x00007fca521d4f02:   84 24 b0 00 00 00 01 49 39 de 0f 87 be fe ff ff
0x00007fca521d4f12:   e9 66 ff ff ff 66 0f 1f 84 00 00 00 00 00 85 d2
0x00007fca521d4f22:   0f 85 78 01 00 00 3c 01 48 89 fb 48 63 c9 48 19
0x00007fca521d4f32:   d2 83 e2 04 3c 01 48 19 c0 48 63 54 16 0c 83 e0
0x00007fca521d4f42:   08 48 8d 44 06 10 48 39 f8 4c 8d 34 d0 48 0f 43
0x00007fca521d4f52:   d8 48 8d 04 c8 49 39 c6 4c 0f 43 f0 4c 39 f3 0f 


Stack slot to memory mapping:
stack at sp + 0 slots: 0x00007fca340d12ca points into unknown readable memory: 04 ff ff ff ff 04
stack at sp + 1 slots: 0x00007fca52621e53: <offset 0x0000000000bcae53> in /usr/lib/jvm/java-11-openjdk-amd64/lib/server/libjvm.so at 0x00007fca51a57000
stack at sp + 2 slots: 0x0000000000005854 is an unknown value
stack at sp + 3 slots: 0x0000000000007070 is an unknown value
stack at sp + 4 slots: 0x0000000712c1dd5a points into unknown readable memory: 04 07 07 00 00 00
stack at sp + 5 slots: 0x0000000000000040 is an unknown value
stack at sp + 6 slots: 0x00007fc9dc008b60 points into unknown readable memory: b0 00 bb 52 ca 7f 00 00
stack at sp + 7 slots: 0x00007fc9dc0089f0 points into unknown readable memory: f0 00 bb 52 ca 7f 00 00


---------------  P R O C E S S  ---------------

Threads class SMR info:
_java_thread_list=0x00007fc9fc207980, length=10, elements={
0x00007fca4c016800, 0x00007fca4c1bd800, 0x00007fca4c1bf800, 0x00007fca4c1c5000,
0x00007fca4c1c7000, 0x00007fca4c1c9000, 0x00007fca4c1cb000, 0x00007fca4c1fb000,
0x00007fca4c200000, 0x00007fc9fc206000
}

Java Threads: ( => current thread )
  0x00007fca4c016800 JavaThread "main" [_thread_blocked, id=37571, stack(0x00007fca5160b000,0x00007fca5170c000)]
  0x00007fca4c1bd800 JavaThread "Reference Handler" daemon [_thread_blocked, id=37578, stack(0x00007fca24f0e000,0x00007fca2500f000)]
  0x00007fca4c1bf800 JavaThread "Finalizer" daemon [_thread_blocked, id=37579, stack(0x00007fca24e0d000,0x00007fca24f0e000)]
  0x00007fca4c1c5000 JavaThread "Signal Dispatcher" daemon [_thread_blocked, id=37580, stack(0x00007fca24d0c000,0x00007fca24e0d000)]
  0x00007fca4c1c7000 JavaThread "C2 CompilerThread0" daemon [_thread_blocked, id=37581, stack(0x00007fca24c0b000,0x00007fca24d0c000)]
  0x00007fca4c1c9000 JavaThread "C1 CompilerThread0" daemon [_thread_blocked, id=37582, stack(0x00007fca24b0a000,0x00007fca24c0b000)]
  0x00007fca4c1cb000 JavaThread "Sweeper thread" daemon [_thread_blocked, id=37583, stack(0x00007fca24a09000,0x00007fca24b0a000)]
  0x00007fca4c1fb000 JavaThread "Service Thread" daemon [_thread_blocked, id=37584, stack(0x00007fca24908000,0x00007fca24a09000)]
  0x00007fca4c200000 JavaThread "Common-Cleaner" daemon [_thread_blocked, id=37586, stack(0x00007fca24705000,0x00007fca24806000)]
  0x00007fc9fc206000 JavaThread "C2 CompilerThread1" daemon [_thread_blocked, id=37587, stack(0x00007fca24604000,0x00007fca24705000)]

Other Threads:
  0x00007fca4c1ba800 VMThread "VM Thread" [stack: 0x00007fca25011000,0x00007fca25111000] [id=37577]
  0x00007fca4c1fd000 WatcherThread [stack: 0x00007fca24808000,0x00007fca24908000] [id=37585]
  0x00007fca4c02e000 GCTaskThread "GC Thread#0" [stack: 0x00007fca512bb000,0x00007fca513bb000] [id=37572]
  0x00007fca14001000 GCTaskThread "GC Thread#1" [stack: 0x00007fca24504000,0x00007fca24604000] [id=37588]
  0x00007fca14002800 GCTaskThread "GC Thread#2" [stack: 0x00007fca24402000,0x00007fca24502000] [id=37589]
=>0x00007fca14004000 GCTaskThread "GC Thread#3" [stack: 0x00007fca24300000,0x00007fca24400000] [id=37590]
  0x00007fca4c08c000 ConcurrentGCThread "G1 Main Marker" [stack: 0x00007fca50566000,0x00007fca50666000] [id=37573]
  0x00007fca4c08e000 ConcurrentGCThread "G1 Conc#0" [stack: 0x00007fca50464000,0x00007fca50564000] [id=37574]
  0x00007fca4c17d800 ConcurrentGCThread "G1 Refine#0" [stack: 0x00007fca25a96000,0x00007fca25b96000] [id=37575]
  0x00007fca4c17f000 ConcurrentGCThread "G1 Young RemSet Sampling" [stack: 0x00007fca25994000,0x00007fca25a94000] [id=37576]

Threads with active compile tasks:
C2 CompilerThread0   1691 3739       4       java.util.regex.Pattern$CharPropertyGreedy::match (122 bytes)
C1 CompilerThread0   1691 3760       3       org.codehaus.plexus.util.xml.pull.MXParser::parseXmlDeclWithVersion (835 bytes)
C2 CompilerThread1   1691 3716   !   4       org.apache.maven.model.Dependency::clone (137 bytes)

VM state:at safepoint (normal execution)

VM Mutex/Monitor currently owned by a thread:  ([mutex/lock_event])
[0x00007fca4c013440] Threads_lock - owner thread: 0x00007fca4c1ba800
[0x00007fca4c013c20] Heap_lock - owner thread: 0x00007fca4c016800

Heap address: 0x0000000706c00000, size: 3988 MB, Compressed Oops mode: Zero based, Oop shift amount: 3
Narrow klass base: 0x0000000800000000, Narrow klass shift: 3
Compressed class space size: 1073741824 Address: 0x0000000840000000

Heap:
 garbage-first heap   total 258048K, used 84740K [0x0000000706c00000, 0x0000000800000000)
  region size 1024K, 81 young (82944K), 8 survivors (8192K)
 Metaspace       used 16513K, capacity 17886K, committed 18304K, reserved 1064960K
  class space    used 1856K, capacity 2096K, committed 2176K, reserved 1048576K
Heap Regions: E=young(eden), S=young(survivor), O=old, HS=humongous(starts), HC=humongous(continues), CS=collection set, F=free, A=archive, TAMS=top-at-mark-start (previous, next)
|   0|0x0000000706c00000, 0x0000000706d00000, 0x0000000706d00000|100%| O|  |TAMS 0x0000000706c00000, 0x0000000706c00000| Untracked 
|   1|0x0000000706d00000, 0x0000000706e00000, 0x0000000706e00000|100%| O|  |TAMS 0x0000000706d00000, 0x0000000706d00000| Untracked 
|   2|0x0000000706e00000, 0x0000000706f00000, 0x0000000706f00000|100%| O|  |TAMS 0x0000000706e00000, 0x0000000706e00000| Untracked 
|   3|0x0000000706f00000, 0x0000000707000000, 0x0000000707000000|100%| O|  |TAMS 0x0000000706f00000, 0x0000000706f00000| Untracked 
|   4|0x0000000707000000, 0x000000070705f338, 0x0000000707100000| 37%| O|  |TAMS 0x0000000707000000, 0x0000000707000000| Untracked 
|   5|0x0000000707100000, 0x0000000707100000, 0x0000000707200000|  0%| F|  |TAMS 0x0000000707100000, 0x0000000707100000| Untracked 
|   6|0x0000000707200000, 0x0000000707200000, 0x0000000707300000|  0%| F|  |TAMS 0x0000000707200000, 0x0000000707200000| Untracked 
|   7|0x0000000707300000, 0x0000000707300000, 0x0000000707400000|  0%| F|  |TAMS 0x0000000707300000, 0x0000000707300000| Untracked 
|   8|0x0000000707400000, 0x0000000707400000, 0x0000000707500000|  0%| F|  |TAMS 0x0000000707400000, 0x0000000707400000| Untracked 
|   9|0x0000000707500000, 0x0000000707500000, 0x0000000707600000|  0%| F|  |TAMS 0x0000000707500000, 0x0000000707500000| Untracked 
|  10|0x0000000707600000, 0x0000000707600000, 0x0000000707700000|  0%| F|  |TAMS 0x0000000707600000, 0x0000000707600000| Untracked 
|  11|0x0000000707700000, 0x0000000707700000, 0x0000000707800000|  0%| F|  |TAMS 0x0000000707700000, 0x0000000707700000| Untracked 
|  12|0x0000000707800000, 0x0000000707800000, 0x0000000707900000|  0%| F|  |TAMS 0x0000000707800000, 0x0000000707800000| Untracked 
|  13|0x0000000707900000, 0x0000000707900000, 0x0000000707a00000|  0%| F|  |TAMS 0x0000000707900000, 0x0000000707900000| Untracked 
|  14|0x0000000707a00000, 0x0000000707a00000, 0x0000000707b00000|  0%| F|  |TAMS 0x0000000707a00000, 0x0000000707a00000| Untracked 
|  15|0x0000000707b00000, 0x0000000707b00000, 0x0000000707c00000|  0%| F|  |TAMS 0x0000000707b00000, 0x0000000707b00000| Untracked 
|  16|0x0000000707c00000, 0x0000000707c00000, 0x0000000707d00000|  0%| F|  |TAMS 0x0000000707c00000, 0x0000000707c00000| Untracked 
|  17|0x0000000707d00000, 0x0000000707d00000, 0x0000000707e00000|  0%| F|  |TAMS 0x0000000707d00000, 0x0000000707d00000| Untracked 
|  18|0x0000000707e00000, 0x0000000707e00000, 0x0000000707f00000|  0%| F|  |TAMS 0x0000000707e00000, 0x0000000707e00000| Untracked 
|  19|0x0000000707f00000, 0x0000000707f00000, 0x0000000708000000|  0%| F|  |TAMS 0x0000000707f00000, 0x0000000707f00000| Untracked 
|  20|0x0000000708000000, 0x0000000708000000, 0x0000000708100000|  0%| F|  |TAMS 0x0000000708000000, 0x0000000708000000| Untracked 
|  21|0x0000000708100000, 0x0000000708100000, 0x0000000708200000|  0%| F|  |TAMS 0x0000000708100000, 0x0000000708100000| Untracked 
|  22|0x0000000708200000, 0x0000000708200000, 0x0000000708300000|  0%| F|  |TAMS 0x0000000708200000, 0x0000000708200000| Untracked 
|  23|0x0000000708300000, 0x0000000708300000, 0x0000000708400000|  0%| F|  |TAMS 0x0000000708300000, 0x0000000708300000| Untracked 
|  24|0x0000000708400000, 0x0000000708400000, 0x0000000708500000|  0%| F|  |TAMS 0x0000000708400000, 0x0000000708400000| Untracked 
|  25|0x0000000708500000, 0x0000000708500000, 0x0000000708600000|  0%| F|  |TAMS 0x0000000708500000, 0x0000000708500000| Untracked 
|  26|0x0000000708600000, 0x0000000708600000, 0x0000000708700000|  0%| F|  |TAMS 0x0000000708600000, 0x0000000708600000| Untracked 
|  27|0x0000000708700000, 0x0000000708700000, 0x0000000708800000|  0%| F|  |TAMS 0x0000000708700000, 0x0000000708700000| Untracked 
|  28|0x0000000708800000, 0x0000000708800000, 0x0000000708900000|  0%| F|  |TAMS 0x0000000708800000, 0x0000000708800000| Untracked 
|  29|0x0000000708900000, 0x0000000708900000, 0x0000000708a00000|  0%| F|  |TAMS 0x0000000708900000, 0x0000000708900000| Untracked 
|  30|0x0000000708a00000, 0x0000000708a00000, 0x0000000708b00000|  0%| F|  |TAMS 0x0000000708a00000, 0x0000000708a00000| Untracked 
|  31|0x0000000708b00000, 0x0000000708b00000, 0x0000000708c00000|  0%| F|  |TAMS 0x0000000708b00000, 0x0000000708b00000| Untracked 
|  32|0x0000000708c00000, 0x0000000708c00000, 0x0000000708d00000|  0%| F|  |TAMS 0x0000000708c00000, 0x0000000708c00000| Untracked 
|  33|0x0000000708d00000, 0x0000000708d00000, 0x0000000708e00000|  0%| F|  |TAMS 0x0000000708d00000, 0x0000000708d00000| Untracked 
|  34|0x0000000708e00000, 0x0000000708e00000, 0x0000000708f00000|  0%| F|  |TAMS 0x0000000708e00000, 0x0000000708e00000| Untracked 
|  35|0x0000000708f00000, 0x0000000708f00000, 0x0000000709000000|  0%| F|  |TAMS 0x0000000708f00000, 0x0000000708f00000| Untracked 
|  36|0x0000000709000000, 0x0000000709000000, 0x0000000709100000|  0%| F|  |TAMS 0x0000000709000000, 0x0000000709000000| Untracked 
|  37|0x0000000709100000, 0x0000000709100000, 0x0000000709200000|  0%| F|  |TAMS 0x0000000709100000, 0x0000000709100000| Untracked 
|  38|0x0000000709200000, 0x0000000709200000, 0x0000000709300000|  0%| F|  |TAMS 0x0000000709200000, 0x0000000709200000| Untracked 
|  39|0x0000000709300000, 0x0000000709300000, 0x0000000709400000|  0%| F|  |TAMS 0x0000000709300000, 0x0000000709300000| Untracked 
|  40|0x0000000709400000, 0x0000000709400000, 0x0000000709500000|  0%| F|  |TAMS 0x0000000709400000, 0x0000000709400000| Untracked 
|  41|0x0000000709500000, 0x0000000709500000, 0x0000000709600000|  0%| F|  |TAMS 0x0000000709500000, 0x0000000709500000| Untracked 
|  42|0x0000000709600000, 0x0000000709600000, 0x0000000709700000|  0%| F|  |TAMS 0x0000000709600000, 0x0000000709600000| Untracked 
|  43|0x0000000709700000, 0x0000000709700000, 0x0000000709800000|  0%| F|  |TAMS 0x0000000709700000, 0x0000000709700000| Untracked 
|  44|0x0000000709800000, 0x0000000709800000, 0x0000000709900000|  0%| F|  |TAMS 0x0000000709800000, 0x0000000709800000| Untracked 
|  45|0x0000000709900000, 0x0000000709900000, 0x0000000709a00000|  0%| F|  |TAMS 0x0000000709900000, 0x0000000709900000| Untracked 
|  46|0x0000000709a00000, 0x0000000709a00000, 0x0000000709b00000|  0%| F|  |TAMS 0x0000000709a00000, 0x0000000709a00000| Untracked 
|  47|0x0000000709b00000, 0x0000000709b00000, 0x0000000709c00000|  0%| F|  |TAMS 0x0000000709b00000, 0x0000000709b00000| Untracked 
|  48|0x0000000709c00000, 0x0000000709c00000, 0x0000000709d00000|  0%| F|  |TAMS 0x0000000709c00000, 0x0000000709c00000| Untracked 
|  49|0x0000000709d00000, 0x0000000709d00000, 0x0000000709e00000|  0%| F|  |TAMS 0x0000000709d00000, 0x0000000709d00000| Untracked 
|  50|0x0000000709e00000, 0x0000000709e00000, 0x0000000709f00000|  0%| F|  |TAMS 0x0000000709e00000, 0x0000000709e00000| Untracked 
|  51|0x0000000709f00000, 0x0000000709f00000, 0x000000070a000000|  0%| F|  |TAMS 0x0000000709f00000, 0x0000000709f00000| Untracked 
|  52|0x000000070a000000, 0x000000070a000000, 0x000000070a100000|  0%| F|  |TAMS 0x000000070a000000, 0x000000070a000000| Untracked 
|  53|0x000000070a100000, 0x000000070a100000, 0x000000070a200000|  0%| F|  |TAMS 0x000000070a100000, 0x000000070a100000| Untracked 
|  54|0x000000070a200000, 0x000000070a200000, 0x000000070a300000|  0%| F|  |TAMS 0x000000070a200000, 0x000000070a200000| Untracked 
|  55|0x000000070a300000, 0x000000070a300000, 0x000000070a400000|  0%| F|  |TAMS 0x000000070a300000, 0x000000070a300000| Untracked 
|  56|0x000000070a400000, 0x000000070a400000, 0x000000070a500000|  0%| F|  |TAMS 0x000000070a400000, 0x000000070a400000| Untracked 
|  57|0x000000070a500000, 0x000000070a500000, 0x000000070a600000|  0%| F|  |TAMS 0x000000070a500000, 0x000000070a500000| Untracked 
|  58|0x000000070a600000, 0x000000070a600000, 0x000000070a700000|  0%| F|  |TAMS 0x000000070a600000, 0x000000070a600000| Untracked 
|  59|0x000000070a700000, 0x000000070a700000, 0x000000070a800000|  0%| F|  |TAMS 0x000000070a700000, 0x000000070a700000| Untracked 
|  60|0x000000070a800000, 0x000000070a800000, 0x000000070a900000|  0%| F|  |TAMS 0x000000070a800000, 0x000000070a800000| Untracked 
|  61|0x000000070a900000, 0x000000070a900000, 0x000000070aa00000|  0%| F|  |TAMS 0x000000070a900000, 0x000000070a900000| Untracked 
|  62|0x000000070aa00000, 0x000000070aa00000, 0x000000070ab00000|  0%| F|  |TAMS 0x000000070aa00000, 0x000000070aa00000| Untracked 
|  63|0x000000070ab00000, 0x000000070ab00000, 0x000000070ac00000|  0%| F|  |TAMS 0x000000070ab00000, 0x000000070ab00000| Untracked 
|  64|0x000000070ac00000, 0x000000070ac00000, 0x000000070ad00000|  0%| F|  |TAMS 0x000000070ac00000, 0x000000070ac00000| Untracked 
|  65|0x000000070ad00000, 0x000000070ad00000, 0x000000070ae00000|  0%| F|  |TAMS 0x000000070ad00000, 0x000000070ad00000| Untracked 
|  66|0x000000070ae00000, 0x000000070ae00000, 0x000000070af00000|  0%| F|  |TAMS 0x000000070ae00000, 0x000000070ae00000| Untracked 
|  67|0x000000070af00000, 0x000000070af00000, 0x000000070b000000|  0%| F|  |TAMS 0x000000070af00000, 0x000000070af00000| Untracked 
|  68|0x000000070b000000, 0x000000070b000000, 0x000000070b100000|  0%| F|  |TAMS 0x000000070b000000, 0x000000070b000000| Untracked 
|  69|0x000000070b100000, 0x000000070b100000, 0x000000070b200000|  0%| F|  |TAMS 0x000000070b100000, 0x000000070b100000| Untracked 
|  70|0x000000070b200000, 0x000000070b200000, 0x000000070b300000|  0%| F|  |TAMS 0x000000070b200000, 0x000000070b200000| Untracked 
|  71|0x000000070b300000, 0x000000070b300000, 0x000000070b400000|  0%| F|  |TAMS 0x000000070b300000, 0x000000070b300000| Untracked 
|  72|0x000000070b400000, 0x000000070b400000, 0x000000070b500000|  0%| F|  |TAMS 0x000000070b400000, 0x000000070b400000| Untracked 
|  73|0x000000070b500000, 0x000000070b500000, 0x000000070b600000|  0%| F|  |TAMS 0x000000070b500000, 0x000000070b500000| Untracked 
|  74|0x000000070b600000, 0x000000070b600000, 0x000000070b700000|  0%| F|  |TAMS 0x000000070b600000, 0x000000070b600000| Untracked 
|  75|0x000000070b700000, 0x000000070b700000, 0x000000070b800000|  0%| F|  |TAMS 0x000000070b700000, 0x000000070b700000| Untracked 
|  76|0x000000070b800000, 0x000000070b800000, 0x000000070b900000|  0%| F|  |TAMS 0x000000070b800000, 0x000000070b800000| Untracked 
|  77|0x000000070b900000, 0x000000070b900000, 0x000000070ba00000|  0%| F|  |TAMS 0x000000070b900000, 0x000000070b900000| Untracked 
|  78|0x000000070ba00000, 0x000000070ba00000, 0x000000070bb00000|  0%| F|  |TAMS 0x000000070ba00000, 0x000000070ba00000| Untracked 
|  79|0x000000070bb00000, 0x000000070bb00000, 0x000000070bc00000|  0%| F|  |TAMS 0x000000070bb00000, 0x000000070bb00000| Untracked 
|  80|0x000000070bc00000, 0x000000070bc00000, 0x000000070bd00000|  0%| F|  |TAMS 0x000000070bc00000, 0x000000070bc00000| Untracked 
|  81|0x000000070bd00000, 0x000000070bd00000, 0x000000070be00000|  0%| F|  |TAMS 0x000000070bd00000, 0x000000070bd00000| Untracked 
|  82|0x000000070be00000, 0x000000070be00000, 0x000000070bf00000|  0%| F|  |TAMS 0x000000070be00000, 0x000000070be00000| Untracked 
|  83|0x000000070bf00000, 0x000000070bf00000, 0x000000070c000000|  0%| F|  |TAMS 0x000000070bf00000, 0x000000070bf00000| Untracked 
|  84|0x000000070c000000, 0x000000070c000000, 0x000000070c100000|  0%| F|  |TAMS 0x000000070c000000, 0x000000070c000000| Untracked 
|  85|0x000000070c100000, 0x000000070c100000, 0x000000070c200000|  0%| F|  |TAMS 0x000000070c100000, 0x000000070c100000| Untracked 
|  86|0x000000070c200000, 0x000000070c200000, 0x000000070c300000|  0%| F|  |TAMS 0x000000070c200000, 0x000000070c200000| Untracked 
|  87|0x000000070c300000, 0x000000070c300000, 0x000000070c400000|  0%| F|  |TAMS 0x000000070c300000, 0x000000070c300000| Untracked 
|  88|0x000000070c400000, 0x000000070c400000, 0x000000070c500000|  0%| F|  |TAMS 0x000000070c400000, 0x000000070c400000| Untracked 
|  89|0x000000070c500000, 0x000000070c500000, 0x000000070c600000|  0%| F|  |TAMS 0x000000070c500000, 0x000000070c500000| Untracked 
|  90|0x000000070c600000, 0x000000070c600000, 0x000000070c700000|  0%| F|  |TAMS 0x000000070c600000, 0x000000070c600000| Untracked 
|  91|0x000000070c700000, 0x000000070c700000, 0x000000070c800000|  0%| F|  |TAMS 0x000000070c700000, 0x000000070c700000| Untracked 
|  92|0x000000070c800000, 0x000000070c800000, 0x000000070c900000|  0%| F|  |TAMS 0x000000070c800000, 0x000000070c800000| Untracked 
|  93|0x000000070c900000, 0x000000070c900000, 0x000000070ca00000|  0%| F|  |TAMS 0x000000070c900000, 0x000000070c900000| Untracked 
|  94|0x000000070ca00000, 0x000000070ca00000, 0x000000070cb00000|  0%| F|  |TAMS 0x000000070ca00000, 0x000000070ca00000| Untracked 
|  95|0x000000070cb00000, 0x000000070cb00000, 0x000000070cc00000|  0%| F|  |TAMS 0x000000070cb00000, 0x000000070cb00000| Untracked 
|  96|0x000000070cc00000, 0x000000070cc00000, 0x000000070cd00000|  0%| F|  |TAMS 0x000000070cc00000, 0x000000070cc00000| Untracked 
|  97|0x000000070cd00000, 0x000000070cd00000, 0x000000070ce00000|  0%| F|  |TAMS 0x000000070cd00000, 0x000000070cd00000| Untracked 
|  98|0x000000070ce00000, 0x000000070ce00000, 0x000000070cf00000|  0%| F|  |TAMS 0x000000070ce00000, 0x000000070ce00000| Untracked 
|  99|0x000000070cf00000, 0x000000070cf00000, 0x000000070d000000|  0%| F|  |TAMS 0x000000070cf00000, 0x000000070cf00000| Untracked 
| 100|0x000000070d000000, 0x000000070d000000, 0x000000070d100000|  0%| F|  |TAMS 0x000000070d000000, 0x000000070d000000| Untracked 
| 101|0x000000070d100000, 0x000000070d100000, 0x000000070d200000|  0%| F|  |TAMS 0x000000070d100000, 0x000000070d100000| Untracked 
| 102|0x000000070d200000, 0x000000070d200000, 0x000000070d300000|  0%| F|  |TAMS 0x000000070d200000, 0x000000070d200000| Untracked 
| 103|0x000000070d300000, 0x000000070d300000, 0x000000070d400000|  0%| F|  |TAMS 0x000000070d300000, 0x000000070d300000| Untracked 
| 104|0x000000070d400000, 0x000000070d400000, 0x000000070d500000|  0%| F|  |TAMS 0x000000070d400000, 0x000000070d400000| Untracked 
| 105|0x000000070d500000, 0x000000070d500000, 0x000000070d600000|  0%| F|  |TAMS 0x000000070d500000, 0x000000070d500000| Untracked 
| 106|0x000000070d600000, 0x000000070d600000, 0x000000070d700000|  0%| F|  |TAMS 0x000000070d600000, 0x000000070d600000| Untracked 
| 107|0x000000070d700000, 0x000000070d700000, 0x000000070d800000|  0%| F|  |TAMS 0x000000070d700000, 0x000000070d700000| Untracked 
| 108|0x000000070d800000, 0x000000070d800000, 0x000000070d900000|  0%| F|  |TAMS 0x000000070d800000, 0x000000070d800000| Untracked 
| 109|0x000000070d900000, 0x000000070d900000, 0x000000070da00000|  0%| F|  |TAMS 0x000000070d900000, 0x000000070d900000| Untracked 
| 110|0x000000070da00000, 0x000000070da00000, 0x000000070db00000|  0%| F|  |TAMS 0x000000070da00000, 0x000000070da00000| Untracked 
| 111|0x000000070db00000, 0x000000070db00000, 0x000000070dc00000|  0%| F|  |TAMS 0x000000070db00000, 0x000000070db00000| Untracked 
| 112|0x000000070dc00000, 0x000000070dc00000, 0x000000070dd00000|  0%| F|  |TAMS 0x000000070dc00000, 0x000000070dc00000| Untracked 
| 113|0x000000070dd00000, 0x000000070dd00000, 0x000000070de00000|  0%| F|  |TAMS 0x000000070dd00000, 0x000000070dd00000| Untracked 
| 114|0x000000070de00000, 0x000000070de00000, 0x000000070df00000|  0%| F|  |TAMS 0x000000070de00000, 0x000000070de00000| Untracked 
| 115|0x000000070df00000, 0x000000070df00000, 0x000000070e000000|  0%| F|  |TAMS 0x000000070df00000, 0x000000070df00000| Untracked 
| 116|0x000000070e000000, 0x000000070e000000, 0x000000070e100000|  0%| F|  |TAMS 0x000000070e000000, 0x000000070e000000| Untracked 
| 117|0x000000070e100000, 0x000000070e100000, 0x000000070e200000|  0%| F|  |TAMS 0x000000070e100000, 0x000000070e100000| Untracked 
| 118|0x000000070e200000, 0x000000070e200000, 0x000000070e300000|  0%| F|  |TAMS 0x000000070e200000, 0x000000070e200000| Untracked 
| 119|0x000000070e300000, 0x000000070e300000, 0x000000070e400000|  0%| F|  |TAMS 0x000000070e300000, 0x000000070e300000| Untracked 
| 120|0x000000070e400000, 0x000000070e400000, 0x000000070e500000|  0%| F|  |TAMS 0x000000070e400000, 0x000000070e400000| Untracked 
| 121|0x000000070e500000, 0x000000070e500000, 0x000000070e600000|  0%| F|  |TAMS 0x000000070e500000, 0x000000070e500000| Untracked 
| 122|0x000000070e600000, 0x000000070e600000, 0x000000070e700000|  0%| F|  |TAMS 0x000000070e600000, 0x000000070e600000| Untracked 
| 123|0x000000070e700000, 0x000000070e700000, 0x000000070e800000|  0%| F|  |TAMS 0x000000070e700000, 0x000000070e700000| Untracked 
| 124|0x000000070e800000, 0x000000070e800000, 0x000000070e900000|  0%| F|  |TAMS 0x000000070e800000, 0x000000070e800000| Untracked 
| 125|0x000000070e900000, 0x000000070e900000, 0x000000070ea00000|  0%| F|  |TAMS 0x000000070e900000, 0x000000070e900000| Untracked 
| 126|0x000000070ea00000, 0x000000070ea00000, 0x000000070eb00000|  0%| F|  |TAMS 0x000000070ea00000, 0x000000070ea00000| Untracked 
| 127|0x000000070eb00000, 0x000000070eb00000, 0x000000070ec00000|  0%| F|  |TAMS 0x000000070eb00000, 0x000000070eb00000| Untracked 
| 128|0x000000070ec00000, 0x000000070ec00000, 0x000000070ed00000|  0%| F|  |TAMS 0x000000070ec00000, 0x000000070ec00000| Untracked 
| 129|0x000000070ed00000, 0x000000070ed00000, 0x000000070ee00000|  0%| F|  |TAMS 0x000000070ed00000, 0x000000070ed00000| Untracked 
| 130|0x000000070ee00000, 0x000000070ee00000, 0x000000070ef00000|  0%| F|  |TAMS 0x000000070ee00000, 0x000000070ee00000| Untracked 
| 131|0x000000070ef00000, 0x000000070ef00000, 0x000000070f000000|  0%| F|  |TAMS 0x000000070ef00000, 0x000000070ef00000| Untracked 
| 132|0x000000070f000000, 0x000000070f000000, 0x000000070f100000|  0%| F|  |TAMS 0x000000070f000000, 0x000000070f000000| Untracked 
| 133|0x000000070f100000, 0x000000070f100000, 0x000000070f200000|  0%| F|  |TAMS 0x000000070f100000, 0x000000070f100000| Untracked 
| 134|0x000000070f200000, 0x000000070f200000, 0x000000070f300000|  0%| F|  |TAMS 0x000000070f200000, 0x000000070f200000| Untracked 
| 135|0x000000070f300000, 0x000000070f300000, 0x000000070f400000|  0%| F|  |TAMS 0x000000070f300000, 0x000000070f300000| Untracked 
| 136|0x000000070f400000, 0x000000070f400000, 0x000000070f500000|  0%| F|  |TAMS 0x000000070f400000, 0x000000070f400000| Untracked 
| 137|0x000000070f500000, 0x000000070f500000, 0x000000070f600000|  0%| F|  |TAMS 0x000000070f500000, 0x000000070f500000| Untracked 
| 138|0x000000070f600000, 0x000000070f600000, 0x000000070f700000|  0%| F|  |TAMS 0x000000070f600000, 0x000000070f600000| Untracked 
| 139|0x000000070f700000, 0x000000070f700000, 0x000000070f800000|  0%| F|  |TAMS 0x000000070f700000, 0x000000070f700000| Untracked 
| 140|0x000000070f800000, 0x000000070f800000, 0x000000070f900000|  0%| F|  |TAMS 0x000000070f800000, 0x000000070f800000| Untracked 
| 141|0x000000070f900000, 0x000000070f900000, 0x000000070fa00000|  0%| F|  |TAMS 0x000000070f900000, 0x000000070f900000| Untracked 
| 142|0x000000070fa00000, 0x000000070fa00000, 0x000000070fb00000|  0%| F|  |TAMS 0x000000070fa00000, 0x000000070fa00000| Untracked 
| 143|0x000000070fb00000, 0x000000070fb00000, 0x000000070fc00000|  0%| F|  |TAMS 0x000000070fb00000, 0x000000070fb00000| Untracked 
| 144|0x000000070fc00000, 0x000000070fc00000, 0x000000070fd00000|  0%| F|  |TAMS 0x000000070fc00000, 0x000000070fc00000| Untracked 
| 145|0x000000070fd00000, 0x000000070fd00000, 0x000000070fe00000|  0%| F|  |TAMS 0x000000070fd00000, 0x000000070fd00000| Untracked 
| 146|0x000000070fe00000, 0x000000070fe00000, 0x000000070ff00000|  0%| F|  |TAMS 0x000000070fe00000, 0x000000070fe00000| Untracked 
| 147|0x000000070ff00000, 0x000000070ff00000, 0x0000000710000000|  0%| F|  |TAMS 0x000000070ff00000, 0x000000070ff00000| Untracked 
| 148|0x0000000710000000, 0x0000000710000000, 0x0000000710100000|  0%| F|  |TAMS 0x0000000710000000, 0x0000000710000000| Untracked 
| 149|0x0000000710100000, 0x0000000710100000, 0x0000000710200000|  0%| F|  |TAMS 0x0000000710100000, 0x0000000710100000| Untracked 
| 150|0x0000000710200000, 0x0000000710200000, 0x0000000710300000|  0%| F|  |TAMS 0x0000000710200000, 0x0000000710200000| Untracked 
| 151|0x0000000710300000, 0x0000000710300000, 0x0000000710400000|  0%| F|  |TAMS 0x0000000710300000, 0x0000000710300000| Untracked 
| 152|0x0000000710400000, 0x0000000710400000, 0x0000000710500000|  0%| F|  |TAMS 0x0000000710400000, 0x0000000710400000| Untracked 
| 153|0x0000000710500000, 0x0000000710500000, 0x0000000710600000|  0%| F|  |TAMS 0x0000000710500000, 0x0000000710500000| Untracked 
| 154|0x0000000710600000, 0x0000000710600000, 0x0000000710700000|  0%| F|  |TAMS 0x0000000710600000, 0x0000000710600000| Untracked 
| 155|0x0000000710700000, 0x0000000710700000, 0x0000000710800000|  0%| F|  |TAMS 0x0000000710700000, 0x0000000710700000| Untracked 
| 156|0x0000000710800000, 0x0000000710800000, 0x0000000710900000|  0%| F|  |TAMS 0x0000000710800000, 0x0000000710800000| Untracked 
| 157|0x0000000710900000, 0x0000000710900000, 0x0000000710a00000|  0%| F|  |TAMS 0x0000000710900000, 0x0000000710900000| Untracked 
| 158|0x0000000710a00000, 0x0000000710a00000, 0x0000000710b00000|  0%| F|  |TAMS 0x0000000710a00000, 0x0000000710a00000| Untracked 
| 159|0x0000000710b00000, 0x0000000710b00000, 0x0000000710c00000|  0%| F|  |TAMS 0x0000000710b00000, 0x0000000710b00000| Untracked 
| 160|0x0000000710c00000, 0x0000000710c00000, 0x0000000710d00000|  0%| F|  |TAMS 0x0000000710c00000, 0x0000000710c00000| Untracked 
| 161|0x0000000710d00000, 0x0000000710d00000, 0x0000000710e00000|  0%| F|  |TAMS 0x0000000710d00000, 0x0000000710d00000| Untracked 
| 162|0x0000000710e00000, 0x0000000710f00000, 0x0000000710f00000|100%| S|  |TAMS 0x0000000710e00000, 0x0000000710e00000| Complete 
| 163|0x0000000710f00000, 0x0000000711000000, 0x0000000711000000|100%| S|  |TAMS 0x0000000710f00000, 0x0000000710f00000| Complete 
| 164|0x0000000711000000, 0x0000000711100000, 0x0000000711100000|100%| S|  |TAMS 0x0000000711000000, 0x0000000711000000| Complete 
| 165|0x0000000711100000, 0x0000000711200000, 0x0000000711200000|100%| S|  |TAMS 0x0000000711100000, 0x0000000711100000| Complete 
| 166|0x0000000711200000, 0x0000000711300000, 0x0000000711300000|100%| S|  |TAMS 0x0000000711200000, 0x0000000711200000| Complete 
| 167|0x0000000711300000, 0x0000000711400000, 0x0000000711400000|100%| S|  |TAMS 0x0000000711300000, 0x0000000711300000| Complete 
| 168|0x0000000711400000, 0x0000000711500000, 0x0000000711500000|100%| S|  |TAMS 0x0000000711400000, 0x0000000711400000| Complete 
| 169|0x0000000711500000, 0x0000000711600000, 0x0000000711600000|100%| S|  |TAMS 0x0000000711500000, 0x0000000711500000| Complete 
| 170|0x0000000711600000, 0x0000000711700000, 0x0000000711700000|100%| E|CS|TAMS 0x0000000711600000, 0x0000000711600000| Complete 
| 171|0x0000000711700000, 0x0000000711800000, 0x0000000711800000|100%| E|CS|TAMS 0x0000000711700000, 0x0000000711700000| Complete 
| 172|0x0000000711800000, 0x0000000711900000, 0x0000000711900000|100%| E|CS|TAMS 0x0000000711800000, 0x0000000711800000| Complete 
| 173|0x0000000711900000, 0x0000000711a00000, 0x0000000711a00000|100%| E|CS|TAMS 0x0000000711900000, 0x0000000711900000| Complete 
| 174|0x0000000711a00000, 0x0000000711b00000, 0x0000000711b00000|100%| E|CS|TAMS 0x0000000711a00000, 0x0000000711a00000| Complete 
| 175|0x0000000711b00000, 0x0000000711c00000, 0x0000000711c00000|100%| E|CS|TAMS 0x0000000711b00000, 0x0000000711b00000| Complete 
| 176|0x0000000711c00000, 0x0000000711d00000, 0x0000000711d00000|100%| E|CS|TAMS 0x0000000711c00000, 0x0000000711c00000| Complete 
| 177|0x0000000711d00000, 0x0000000711e00000, 0x0000000711e00000|100%| E|CS|TAMS 0x0000000711d00000, 0x0000000711d00000| Complete 
| 178|0x0000000711e00000, 0x0000000711f00000, 0x0000000711f00000|100%| E|CS|TAMS 0x0000000711e00000, 0x0000000711e00000| Complete 
| 179|0x0000000711f00000, 0x0000000712000000, 0x0000000712000000|100%| E|CS|TAMS 0x0000000711f00000, 0x0000000711f00000| Complete 
| 180|0x0000000712000000, 0x0000000712100000, 0x0000000712100000|100%| E|CS|TAMS 0x0000000712000000, 0x0000000712000000| Complete 
| 181|0x0000000712100000, 0x0000000712200000, 0x0000000712200000|100%| E|CS|TAMS 0x0000000712100000, 0x0000000712100000| Complete 
| 182|0x0000000712200000, 0x0000000712300000, 0x0000000712300000|100%| E|CS|TAMS 0x0000000712200000, 0x0000000712200000| Complete 
| 183|0x0000000712300000, 0x0000000712400000, 0x0000000712400000|100%| E|CS|TAMS 0x0000000712300000, 0x0000000712300000| Complete 
| 184|0x0000000712400000, 0x0000000712500000, 0x0000000712500000|100%| E|CS|TAMS 0x0000000712400000, 0x0000000712400000| Complete 
| 185|0x0000000712500000, 0x0000000712600000, 0x0000000712600000|100%| E|CS|TAMS 0x0000000712500000, 0x0000000712500000| Complete 
| 186|0x0000000712600000, 0x0000000712700000, 0x0000000712700000|100%| E|CS|TAMS 0x0000000712600000, 0x0000000712600000| Complete 
| 187|0x0000000712700000, 0x0000000712771af0, 0x0000000712800000| 44%| E|CS|TAMS 0x0000000712700000, 0x0000000712700000| Complete 
| 188|0x0000000712800000, 0x0000000712900000, 0x0000000712900000|100%| E|CS|TAMS 0x0000000712800000, 0x0000000712800000| Complete 
| 189|0x0000000712900000, 0x0000000712a00000, 0x0000000712a00000|100%| E|CS|TAMS 0x0000000712900000, 0x0000000712900000| Complete 
| 190|0x0000000712a00000, 0x0000000712b00000, 0x0000000712b00000|100%| E|CS|TAMS 0x0000000712a00000, 0x0000000712a00000| Complete 
| 191|0x0000000712b00000, 0x0000000712c00000, 0x0000000712c00000|100%| E|CS|TAMS 0x0000000712b00000, 0x0000000712b00000| Complete 
| 192|0x0000000712c00000, 0x0000000712d00000, 0x0000000712d00000|100%| E|CS|TAMS 0x0000000712c00000, 0x0000000712c00000| Complete 
| 193|0x0000000712d00000, 0x0000000712e00000, 0x0000000712e00000|100%| E|CS|TAMS 0x0000000712d00000, 0x0000000712d00000| Complete 
| 194|0x0000000712e00000, 0x0000000712f00000, 0x0000000712f00000|100%| E|CS|TAMS 0x0000000712e00000, 0x0000000712e00000| Complete 
| 195|0x0000000712f00000, 0x0000000713000000, 0x0000000713000000|100%| E|CS|TAMS 0x0000000712f00000, 0x0000000712f00000| Complete 
| 196|0x0000000713000000, 0x0000000713100000, 0x0000000713100000|100%| E|CS|TAMS 0x0000000713000000, 0x0000000713000000| Complete 
| 197|0x0000000713100000, 0x0000000713200000, 0x0000000713200000|100%| E|CS|TAMS 0x0000000713100000, 0x0000000713100000| Complete 
| 198|0x0000000713200000, 0x0000000713300000, 0x0000000713300000|100%| E|CS|TAMS 0x0000000713200000, 0x0000000713200000| Complete 
| 199|0x0000000713300000, 0x0000000713400000, 0x0000000713400000|100%| E|CS|TAMS 0x0000000713300000, 0x0000000713300000| Complete 
| 200|0x0000000713400000, 0x0000000713500000, 0x0000000713500000|100%| E|CS|TAMS 0x0000000713400000, 0x0000000713400000| Complete 
| 201|0x0000000713500000, 0x0000000713600000, 0x0000000713600000|100%| E|CS|TAMS 0x0000000713500000, 0x0000000713500000| Complete 
| 202|0x0000000713600000, 0x0000000713700000, 0x0000000713700000|100%| E|CS|TAMS 0x0000000713600000, 0x0000000713600000| Complete 
| 203|0x0000000713700000, 0x0000000713800000, 0x0000000713800000|100%| E|CS|TAMS 0x0000000713700000, 0x0000000713700000| Complete 
| 204|0x0000000713800000, 0x0000000713900000, 0x0000000713900000|100%| E|CS|TAMS 0x0000000713800000, 0x0000000713800000| Complete 
| 205|0x0000000713900000, 0x0000000713a00000, 0x0000000713a00000|100%| E|CS|TAMS 0x0000000713900000, 0x0000000713900000| Complete 
| 206|0x0000000713a00000, 0x0000000713b00000, 0x0000000713b00000|100%| E|CS|TAMS 0x0000000713a00000, 0x0000000713a00000| Complete 
| 207|0x0000000713b00000, 0x0000000713c00000, 0x0000000713c00000|100%| E|CS|TAMS 0x0000000713b00000, 0x0000000713b00000| Complete 
| 208|0x0000000713c00000, 0x0000000713d00000, 0x0000000713d00000|100%| E|CS|TAMS 0x0000000713c00000, 0x0000000713c00000| Complete 
| 209|0x0000000713d00000, 0x0000000713e00000, 0x0000000713e00000|100%| E|CS|TAMS 0x0000000713d00000, 0x0000000713d00000| Complete 
| 210|0x0000000713e00000, 0x0000000713f00000, 0x0000000713f00000|100%| E|CS|TAMS 0x0000000713e00000, 0x0000000713e00000| Complete 
| 211|0x0000000713f00000, 0x0000000714000000, 0x0000000714000000|100%| E|CS|TAMS 0x0000000713f00000, 0x0000000713f00000| Complete 
| 212|0x0000000714000000, 0x0000000714100000, 0x0000000714100000|100%| E|CS|TAMS 0x0000000714000000, 0x0000000714000000| Complete 
| 213|0x0000000714100000, 0x0000000714200000, 0x0000000714200000|100%| E|CS|TAMS 0x0000000714100000, 0x0000000714100000| Complete 
| 214|0x0000000714200000, 0x0000000714300000, 0x0000000714300000|100%| E|CS|TAMS 0x0000000714200000, 0x0000000714200000| Complete 
| 215|0x0000000714300000, 0x0000000714400000, 0x0000000714400000|100%| E|CS|TAMS 0x0000000714300000, 0x0000000714300000| Complete 
| 216|0x0000000714400000, 0x0000000714500000, 0x0000000714500000|100%| E|CS|TAMS 0x0000000714400000, 0x0000000714400000| Complete 
| 217|0x0000000714500000, 0x0000000714600000, 0x0000000714600000|100%| E|CS|TAMS 0x0000000714500000, 0x0000000714500000| Complete 
| 218|0x0000000714600000, 0x0000000714700000, 0x0000000714700000|100%| E|CS|TAMS 0x0000000714600000, 0x0000000714600000| Complete 
| 219|0x0000000714700000, 0x0000000714800000, 0x0000000714800000|100%| E|CS|TAMS 0x0000000714700000, 0x0000000714700000| Complete 
| 220|0x0000000714800000, 0x0000000714900000, 0x0000000714900000|100%| E|CS|TAMS 0x0000000714800000, 0x0000000714800000| Complete 
| 221|0x0000000714900000, 0x0000000714a00000, 0x0000000714a00000|100%| E|CS|TAMS 0x0000000714900000, 0x0000000714900000| Complete 
| 222|0x0000000714a00000, 0x0000000714b00000, 0x0000000714b00000|100%| E|CS|TAMS 0x0000000714a00000, 0x0000000714a00000| Complete 
| 223|0x0000000714b00000, 0x0000000714c00000, 0x0000000714c00000|100%| E|CS|TAMS 0x0000000714b00000, 0x0000000714b00000| Complete 
| 224|0x0000000714c00000, 0x0000000714d00000, 0x0000000714d00000|100%| E|CS|TAMS 0x0000000714c00000, 0x0000000714c00000| Complete 
| 225|0x0000000714d00000, 0x0000000714e00000, 0x0000000714e00000|100%| E|CS|TAMS 0x0000000714d00000, 0x0000000714d00000| Complete 
| 226|0x0000000714e00000, 0x0000000714f00000, 0x0000000714f00000|100%| E|CS|TAMS 0x0000000714e00000, 0x0000000714e00000| Complete 
| 227|0x0000000714f00000, 0x0000000715000000, 0x0000000715000000|100%| E|CS|TAMS 0x0000000714f00000, 0x0000000714f00000| Complete 
| 228|0x0000000715000000, 0x0000000715100000, 0x0000000715100000|100%| E|CS|TAMS 0x0000000715000000, 0x0000000715000000| Complete 
| 229|0x0000000715100000, 0x0000000715200000, 0x0000000715200000|100%| E|CS|TAMS 0x0000000715100000, 0x0000000715100000| Complete 
| 230|0x0000000715200000, 0x0000000715300000, 0x0000000715300000|100%| E|CS|TAMS 0x0000000715200000, 0x0000000715200000| Complete 
| 231|0x0000000715300000, 0x0000000715400000, 0x0000000715400000|100%| E|CS|TAMS 0x0000000715300000, 0x0000000715300000| Complete 
| 232|0x0000000715400000, 0x0000000715500000, 0x0000000715500000|100%| E|CS|TAMS 0x0000000715400000, 0x0000000715400000| Complete 
| 233|0x0000000715500000, 0x0000000715600000, 0x0000000715600000|100%| E|CS|TAMS 0x0000000715500000, 0x0000000715500000| Complete 
| 234|0x0000000715600000, 0x0000000715700000, 0x0000000715700000|100%| E|CS|TAMS 0x0000000715600000, 0x0000000715600000| Complete 
| 235|0x0000000715700000, 0x0000000715800000, 0x0000000715800000|100%| E|CS|TAMS 0x0000000715700000, 0x0000000715700000| Complete 
| 236|0x0000000715800000, 0x0000000715900000, 0x0000000715900000|100%| E|CS|TAMS 0x0000000715800000, 0x0000000715800000| Complete 
| 237|0x0000000715900000, 0x0000000715a00000, 0x0000000715a00000|100%| E|CS|TAMS 0x0000000715900000, 0x0000000715900000| Complete 
| 238|0x0000000715a00000, 0x0000000715b00000, 0x0000000715b00000|100%| E|CS|TAMS 0x0000000715a00000, 0x0000000715a00000| Complete 
| 239|0x0000000715b00000, 0x0000000715c00000, 0x0000000715c00000|100%| E|CS|TAMS 0x0000000715b00000, 0x0000000715b00000| Complete 
| 240|0x0000000715c00000, 0x0000000715d00000, 0x0000000715d00000|100%| E|CS|TAMS 0x0000000715c00000, 0x0000000715c00000| Complete 
| 241|0x0000000715d00000, 0x0000000715e00000, 0x0000000715e00000|100%| E|CS|TAMS 0x0000000715d00000, 0x0000000715d00000| Complete 
| 242|0x0000000715e00000, 0x0000000715f00000, 0x0000000715f00000|100%| E|CS|TAMS 0x0000000715e00000, 0x0000000715e00000| Complete 
| 243|0x0000000715f00000, 0x0000000716000000, 0x0000000716000000|100%| E|CS|TAMS 0x0000000715f00000, 0x0000000715f00000| Complete 
| 244|0x0000000716000000, 0x0000000716100000, 0x0000000716100000|100%| E|CS|TAMS 0x0000000716000000, 0x0000000716000000| Complete 
| 245|0x0000000716100000, 0x0000000716200000, 0x0000000716200000|100%| E|CS|TAMS 0x0000000716100000, 0x0000000716100000| Complete 
| 246|0x0000000716200000, 0x0000000716300000, 0x0000000716300000|100%| E|CS|TAMS 0x0000000716200000, 0x0000000716200000| Complete 
| 247|0x0000000716300000, 0x0000000716400000, 0x0000000716400000|100%| E|CS|TAMS 0x0000000716300000, 0x0000000716300000| Complete 
| 248|0x0000000716400000, 0x0000000716500000, 0x0000000716500000|100%| E|CS|TAMS 0x0000000716400000, 0x0000000716400000| Complete 
| 249|0x0000000716500000, 0x0000000716600000, 0x0000000716600000|100%| E|CS|TAMS 0x0000000716500000, 0x0000000716500000| Complete 
|2962|0x00000007bfe00000, 0x00000007bfe47000, 0x00000007bff00000| 27%|OA|  |TAMS 0x00000007bfe00000, 0x00000007bfe00000| Untracked 
|2963|0x00000007bff00000, 0x00000007bff6b000, 0x00000007c0000000| 41%|CA|  |TAMS 0x00000007bff00000, 0x00000007bff00000| Untracked 

Card table byte_map: [0x00007fca340cf000,0x00007fca34899000] _byte_map_base: 0x00007fca30899000

Marking Bits (Prev, Next): (CMBitMap*) 0x00007fca4c07bb98, (CMBitMap*) 0x00007fca4c07bbd0
 Prev Bits: [0x00007fca2b9e6000, 0x00007fca2f836000)
 Next Bits: [0x00007fca27b96000, 0x00007fca2b9e6000)

Polling page: 0x00007fca52f33000

Metaspace:

Usage:
  Non-class:     15.42 MB capacity,    14.31 MB ( 93%) used,     1.09 MB (  7%) free+waste,    20.69 KB ( <1%) overhead. 
      Class:      2.05 MB capacity,     1.81 MB ( 89%) used,   230.53 KB ( 11%) free+waste,     8.81 KB ( <1%) overhead. 
       Both:     17.47 MB capacity,    16.13 MB ( 92%) used,     1.31 MB (  8%) free+waste,    29.50 KB ( <1%) overhead. 

Virtual space:
  Non-class space:       16.00 MB reserved,      15.75 MB ( 98%) committed 
      Class space:        1.00 GB reserved,       2.12 MB ( <1%) committed 
             Both:        1.02 GB reserved,      17.88 MB (  2%) committed 

Chunk freelists:
   Non-Class:  186.00 KB
       Class:  16.00 KB
        Both:  202.00 KB

MaxMetaspaceSize: unlimited
CompressedClassSpaceSize: 1.00 GB

CodeHeap 'non-profiled nmethods': size=120032Kb used=1664Kb max_used=1664Kb free=118367Kb
 bounds [0x00007fca3c361000, 0x00007fca3c5d1000, 0x00007fca43899000]
CodeHeap 'profiled nmethods': size=120032Kb used=7741Kb max_used=7741Kb free=112290Kb
 bounds [0x00007fca34e29000, 0x00007fca355b9000, 0x00007fca3c361000]
CodeHeap 'non-nmethods': size=5696Kb used=1115Kb max_used=1161Kb free=4580Kb
 bounds [0x00007fca34899000, 0x00007fca34b09000, 0x00007fca34e29000]
 total_blobs=4193 nmethods=3747 adapters=357
 compilation: enabled
              stopped_count=0, restarted_count=0
 full_count=0

Compilation events (20 events):
Event: 1.663 Thread 0x00007fca4c1c9000 nmethod 3750 0x00007fca355b4010 code [0x00007fca355b42c0, 0x00007fca355b5210]
Event: 1.663 Thread 0x00007fca4c1c9000 3752       3       org.eclipse.aether.resolution.ArtifactRequest::setRequestContext (16 bytes)
Event: 1.663 Thread 0x00007fca4c1c9000 nmethod 3752 0x00007fca355b5710 code [0x00007fca355b58c0, 0x00007fca355b5a90]
Event: 1.663 Thread 0x00007fca4c1c9000 3753       3       org.eclipse.aether.resolution.ArtifactRequest::setTrace (7 bytes)
Event: 1.663 Thread 0x00007fca4c1c9000 nmethod 3753 0x00007fca355b5b10 code [0x00007fca355b5cc0, 0x00007fca355b5e30]
Event: 1.664 Thread 0x00007fca4c1c9000 3754       3       org.apache.maven.model.PluginContainer::<init> (5 bytes)
Event: 1.664 Thread 0x00007fca4c1c9000 nmethod 3754 0x00007fca355b5f10 code [0x00007fca355b60c0, 0x00007fca355b6230]
Event: 1.664 Thread 0x00007fc9fc206000 nmethod 3700 0x00007fca3c4ffa10 code [0x00007fca3c4ffc00, 0x00007fca3c500808]
Event: 1.664 Thread 0x00007fca4c1c9000 3755       3       org.apache.maven.model.Organization::<init> (5 bytes)
Event: 1.664 Thread 0x00007fc9fc206000 3716   !   4       org.apache.maven.model.Dependency::clone (137 bytes)
Event: 1.664 Thread 0x00007fca4c1c9000 nmethod 3755 0x00007fca355b6310 code [0x00007fca355b64c0, 0x00007fca355b6630]
Event: 1.664 Thread 0x00007fca4c1c9000 3757       3       org.apache.maven.model.merge.ModelMerger::mergeReporting_OutputDirectory (43 bytes)
Event: 1.664 Thread 0x00007fca4c1c9000 nmethod 3757 0x00007fca355b6710 code [0x00007fca355b68e0, 0x00007fca355b6bf0]
Event: 1.664 Thread 0x00007fca4c1c9000 3758       3       org.apache.maven.model.merge.ModelMerger::mergeReporting_ExcludeDefaults (43 bytes)
Event: 1.664 Thread 0x00007fca4c1c9000 nmethod 3758 0x00007fca355b6d10 code [0x00007fca355b6f00, 0x00007fca355b7250]
Event: 1.664 Thread 0x00007fca4c1c9000 3759       3       org.apache.maven.model.interpolation.StringVisitorModelInterpolator$ModelVisitor::visit (110 bytes)
Event: 1.665 Thread 0x00007fca4c1c9000 nmethod 3759 0x00007fca355b7390 code [0x00007fca355b7620, 0x00007fca355b8100]
Event: 1.665 Thread 0x00007fca4c1c9000 3756       1       org.apache.maven.model.Site::getChildSiteUrlInheritAppendPath (5 bytes)
Event: 1.665 Thread 0x00007fca4c1c9000 nmethod 3756 0x00007fca3c500e90 code [0x00007fca3c501040, 0x00007fca3c501110]
Event: 1.665 Thread 0x00007fca4c1c9000 3760       3       org.codehaus.plexus.util.xml.pull.MXParser::parseXmlDeclWithVersion (835 bytes)

GC Heap History (9 events):
Event: 0.246 GC heap before
{Heap before GC invocations=0 (full 0):
 garbage-first heap   total 258048K, used 15048K [0x0000000706c00000, 0x0000000800000000)
  region size 1024K, 14 young (14336K), 0 survivors (0K)
 Metaspace       used 3857K, capacity 6897K, committed 7040K, reserved 1056768K
  class space    used 452K, capacity 792K, committed 896K, reserved 1048576K
}
Event: 0.251 GC heap after
{Heap after GC invocations=1 (full 0):
 garbage-first heap   total 258048K, used 3304K [0x0000000706c00000, 0x0000000800000000)
  region size 1024K, 2 young (2048K), 2 survivors (2048K)
 Metaspace       used 3857K, capacity 6897K, committed 7040K, reserved 1056768K
  class space    used 452K, capacity 792K, committed 896K, reserved 1048576K
}
Event: 0.342 GC heap before
{Heap before GC invocations=1 (full 0):
 garbage-first heap   total 258048K, used 14568K [0x0000000706c00000, 0x0000000800000000)
  region size 1024K, 13 young (13312K), 2 survivors (2048K)
 Metaspace       used 5196K, capacity 7741K, committed 7936K, reserved 1056768K
  class space    used 638K, capacity 924K, committed 1024K, reserved 1048576K
}
Event: 0.348 GC heap after
{Heap after GC invocations=2 (full 0):
 garbage-first heap   total 258048K, used 4014K [0x0000000706c00000, 0x0000000800000000)
  region size 1024K, 1 young (1024K), 1 survivors (1024K)
 Metaspace       used 5196K, capacity 7741K, committed 7936K, reserved 1056768K
  class space    used 638K, capacity 924K, committed 1024K, reserved 1048576K
}
Event: 0.673 GC heap before
{Heap before GC invocations=2 (full 0):
 garbage-first heap   total 258048K, used 35758K [0x0000000706c00000, 0x0000000800000000)
  region size 1024K, 32 young (32768K), 1 survivors (1024K)
 Metaspace       used 10315K, capacity 12448K, committed 12928K, reserved 1060864K
  class space    used 1278K, capacity 1549K, committed 1664K, reserved 1048576K
}
Event: 0.676 GC heap after
{Heap after GC invocations=3 (full 0):
 garbage-first heap   total 258048K, used 5326K [0x0000000706c00000, 0x0000000800000000)
  region size 1024K, 2 young (2048K), 2 survivors (2048K)
 Metaspace       used 10315K, capacity 12448K, committed 12928K, reserved 1060864K
  class space    used 1278K, capacity 1549K, committed 1664K, reserved 1048576K
}
Event: 1.228 GC heap before
{Heap before GC invocations=3 (full 0):
 garbage-first heap   total 258048K, used 60622K [0x0000000706c00000, 0x0000000800000000)
  region size 1024K, 56 young (57344K), 2 survivors (2048K)
 Metaspace       used 14828K, capacity 16338K, committed 16896K, reserved 1064960K
  class space    used 1715K, capacity 1946K, committed 2048K, reserved 1048576K
}
Event: 1.235 GC heap after
{Heap after GC invocations=4 (full 0):
 garbage-first heap   total 258048K, used 9988K [0x0000000706c00000, 0x0000000800000000)
  region size 1024K, 7 young (7168K), 7 survivors (7168K)
 Metaspace       used 14828K, capacity 16338K, committed 16896K, reserved 1064960K
  class space    used 1715K, capacity 1946K, committed 2048K, reserved 1048576K
}
Event: 1.666 GC heap before
{Heap before GC invocations=4 (full 0):
 garbage-first heap   total 258048K, used 84740K [0x0000000706c00000, 0x0000000800000000)
  region size 1024K, 80 young (81920K), 7 survivors (7168K)
 Metaspace       used 16513K, capacity 17886K, committed 18304K, reserved 1064960K
  class space    used 1856K, capacity 2096K, committed 2176K, reserved 1048576K
}

Deoptimization events (20 events):
Event: 1.605 Thread 0x00007fca4c016800 DEOPT PACKING pc=0x00007fca34f0a7cc sp=0x00007fca51706230
Event: 1.605 Thread 0x00007fca4c016800 DEOPT UNPACKING pc=0x00007fca348bf6ba sp=0x00007fca51705650 mode 0
Event: 1.647 Thread 0x00007fca4c016800 DEOPT PACKING pc=0x00007fca35355449 sp=0x00007fca51707bc0
Event: 1.647 Thread 0x00007fca4c016800 DEOPT UNPACKING pc=0x00007fca348bf6ba sp=0x00007fca51707188 mode 0
Event: 1.656 Thread 0x00007fca4c016800 Uncommon trap: trap_request=0xffffffbe fr.pc=0x00007fca3c4fd2cc relative=0x000000000000080c
Event: 1.656 Thread 0x00007fca4c016800 Uncommon trap: reason=profile_predicate action=maybe_recompile pc=0x00007fca3c4fd2cc method=java.util.regex.Pattern$CharPropertyGreedy.match(Ljava/util/regex/Matcher;ILjava/lang/CharSequence;)Z @ 70 c2
Event: 1.656 Thread 0x00007fca4c016800 DEOPT PACKING pc=0x00007fca3c4fd2cc sp=0x00007fca51707400
Event: 1.656 Thread 0x00007fca4c016800 DEOPT UNPACKING pc=0x00007fca348bf8a5 sp=0x00007fca517073c0 mode 2
Event: 1.656 Thread 0x00007fca4c016800 Uncommon trap: trap_request=0xffffffbe fr.pc=0x00007fca3c4fd2cc relative=0x000000000000080c
Event: 1.656 Thread 0x00007fca4c016800 Uncommon trap: reason=profile_predicate action=maybe_recompile pc=0x00007fca3c4fd2cc method=java.util.regex.Pattern$CharPropertyGreedy.match(Ljava/util/regex/Matcher;ILjava/lang/CharSequence;)Z @ 70 c2
Event: 1.656 Thread 0x00007fca4c016800 DEOPT PACKING pc=0x00007fca3c4fd2cc sp=0x00007fca51707440
Event: 1.656 Thread 0x00007fca4c016800 DEOPT UNPACKING pc=0x00007fca348bf8a5 sp=0x00007fca51707400 mode 2
Event: 1.657 Thread 0x00007fca4c016800 Uncommon trap: trap_request=0xffffffbe fr.pc=0x00007fca3c4fd2cc relative=0x000000000000080c
Event: 1.657 Thread 0x00007fca4c016800 Uncommon trap: reason=profile_predicate action=maybe_recompile pc=0x00007fca3c4fd2cc method=java.util.regex.Pattern$CharPropertyGreedy.match(Ljava/util/regex/Matcher;ILjava/lang/CharSequence;)Z @ 70 c2
Event: 1.657 Thread 0x00007fca4c016800 DEOPT PACKING pc=0x00007fca3c4fd2cc sp=0x00007fca51707790
Event: 1.657 Thread 0x00007fca4c016800 DEOPT UNPACKING pc=0x00007fca348bf8a5 sp=0x00007fca51707750 mode 2
Event: 1.657 Thread 0x00007fca4c016800 Uncommon trap: trap_request=0xffffffbe fr.pc=0x00007fca3c4fd2cc relative=0x000000000000080c
Event: 1.657 Thread 0x00007fca4c016800 Uncommon trap: reason=profile_predicate action=maybe_recompile pc=0x00007fca3c4fd2cc method=java.util.regex.Pattern$CharPropertyGreedy.match(Ljava/util/regex/Matcher;ILjava/lang/CharSequence;)Z @ 70 c2
Event: 1.657 Thread 0x00007fca4c016800 DEOPT PACKING pc=0x00007fca3c4fd2cc sp=0x00007fca51707400
Event: 1.657 Thread 0x00007fca4c016800 DEOPT UNPACKING pc=0x00007fca348bf8a5 sp=0x00007fca517073c0 mode 2

Classes redefined (0 events):
No events

Internal exceptions (13 events):
Event: 0.053 Thread 0x00007fca4c016800 Exception <a 'java/security/PrivilegedActionException'{0x00000007164f1428}> (0x00000007164f1428) thrown at [src/hotspot/share/prims/jvm.cpp, line 1303]
Event: 0.053 Thread 0x00007fca4c016800 Exception <a 'java/security/PrivilegedActionException'{0x00000007164f16f8}> (0x00000007164f16f8) thrown at [src/hotspot/share/prims/jvm.cpp, line 1303]
Event: 0.071 Thread 0x00007fca4c016800 Exception <a 'java/lang/NoSuchMethodError'{0x00000007163f7a40}: 'int java.lang.invoke.DirectMethodHandle$Holder.invokeSpecialIFC(java.lang.Object, java.lang.Object, int)'> (0x00000007163f7a40) thrown at [src/hotspot/share/interpreter/linkResolver.cpp, line 772]
Event: 0.078 Thread 0x00007fca4c016800 Exception <a 'java/lang/NoClassDefFoundError'{0x00000007162647b0}: org/fusesource/jansi/internal/CLibrary> (0x00000007162647b0) thrown at [src/hotspot/share/classfile/systemDictionary.cpp, line 220]
Event: 0.078 Thread 0x00007fca4c016800 Exception <a 'java/lang/NoClassDefFoundError'{0x0000000716264d18}: org/fusesource/jansi/internal/CLibrary> (0x0000000716264d18) thrown at [src/hotspot/share/oops/constantPool.cpp, line 775]
Event: 0.079 Thread 0x00007fca4c016800 Exception <a 'java/lang/NoClassDefFoundError'{0x0000000716270ca0}: org/fusesource/jansi/internal/CLibrary> (0x0000000716270ca0) thrown at [src/hotspot/share/oops/constantPool.cpp, line 775]
Event: 0.079 Thread 0x00007fca4c016800 Exception <a 'java/lang/NoClassDefFoundError'{0x0000000716270fc0}: org/fusesource/jansi/internal/CLibrary> (0x0000000716270fc0) thrown at [src/hotspot/share/oops/constantPool.cpp, line 775]
Event: 0.848 Thread 0x00007fca4c016800 Exception <a 'java/lang/NoClassDefFoundError'{0x0000000715649080}: com/google/inject/servlet/ServletModuleTargetVisitor> (0x0000000715649080) thrown at [src/hotspot/share/classfile/systemDictionary.cpp, line 220]
Event: 0.848 Thread 0x00007fca4c016800 Exception <a 'java/lang/NoClassDefFoundError'{0x0000000715649080}> (0x0000000715649080) thrown at [src/hotspot/share/prims/jvm.cpp, line 1309]
Event: 0.982 Thread 0x00007fca4c016800 Implicit null exception at 0x00007fca3c3bab04 to 0x00007fca3c3baffc
Event: 0.982 Thread 0x00007fca4c016800 Implicit null exception at 0x00007fca3c382884 to 0x00007fca3c382da0
Event: 1.176 Thread 0x00007fca4c016800 Implicit null exception at 0x00007fca3c3c1805 to 0x00007fca3c3c19f0
Event: 1.176 Thread 0x00007fca4c016800 Implicit null exception at 0x00007fca3c44124b to 0x00007fca3c441960

Events (20 events):
Event: 1.627 loading class sun/nio/ch/IOStatus done
Event: 1.627 loading class java/nio/channels/FileChannel$MapMode
Event: 1.627 loading class java/nio/channels/FileChannel$MapMode done
Event: 1.627 loading class sun/nio/ch/FileChannelImpl$Unmapper
Event: 1.627 loading class sun/nio/ch/FileChannelImpl$Unmapper done
Event: 1.628 loading class sun/nio/ch/Util
Event: 1.628 loading class sun/nio/ch/Util done
Event: 1.628 loading class sun/nio/ch/Util$1
Event: 1.628 loading class sun/nio/ch/Util$1 done
Event: 1.628 loading class sun/nio/ch/Util$4
Event: 1.628 loading class sun/nio/ch/Util$4 done
Event: 1.628 loading class org/apache/maven/plugin/logging/Log
Event: 1.628 loading class org/apache/maven/plugin/logging/Log done
Event: 1.628 loading class org/apache/maven/plugin/logging/Log
Event: 1.628 loading class org/apache/maven/plugin/logging/Log done
Event: 1.628 loading class org/apache/maven/artifact/resolver/filter/CumulativeScopeArtifactFilter
Event: 1.628 loading class org/apache/maven/artifact/resolver/filter/CumulativeScopeArtifactFilter done
Event: 1.628 loading class org/apache/maven/artifact/resolver/filter/AbstractScopeArtifactFilter
Event: 1.628 loading class org/apache/maven/artifact/resolver/filter/AbstractScopeArtifactFilter done
Event: 1.666 Executing VM operation: G1CollectForAllocation


Dynamic libraries:
706c00000-716600000 rw-p 00000000 00:00 0 
716600000-7bfe00000 ---p 00000000 00:00 0 
7bfe00000-7bfe47000 rw-p 01111000 08:01 2361202                          /usr/lib/jvm/java-11-openjdk-amd64/lib/server/classes.jsa
7bfe47000-7bff00000 rw-p 00000000 00:00 0 
7bff00000-7bff6b000 rw-p 010a6000 08:01 2361202                          /usr/lib/jvm/java-11-openjdk-amd64/lib/server/classes.jsa
7bff6b000-7c0000000 rw-p 00000000 00:00 0 
7c0000000-800000000 ---p 00000000 00:00 0 
800000000-800002000 rwxp 00001000 08:01 2361202                          /usr/lib/jvm/java-11-openjdk-amd64/lib/server/classes.jsa
800002000-8003b9000 rw-p 00003000 08:01 2361202                          /usr/lib/jvm/java-11-openjdk-amd64/lib/server/classes.jsa
8003b9000-800a96000 r--p 003ba000 08:01 2361202                          /usr/lib/jvm/java-11-openjdk-amd64/lib/server/classes.jsa
800a96000-800a97000 rw-p 00a97000 08:01 2361202                          /usr/lib/jvm/java-11-openjdk-amd64/lib/server/classes.jsa
800a97000-8010a5000 r--p 00a98000 08:01 2361202                          /usr/lib/jvm/java-11-openjdk-amd64/lib/server/classes.jsa
840000000-840220000 rw-p 00000000 00:00 0 
840220000-880000000 ---p 00000000 00:00 0 
562c51c01000-562c51c02000 r--p 00000000 08:01 2361089                    /usr/lib/jvm/java-11-openjdk-amd64/bin/java
562c51c02000-562c51c03000 r-xp 00001000 08:01 2361089                    /usr/lib/jvm/java-11-openjdk-amd64/bin/java
562c51c03000-562c51c04000 r--p 00002000 08:01 2361089                    /usr/lib/jvm/java-11-openjdk-amd64/bin/java
562c51c04000-562c51c05000 r--p 00002000 08:01 2361089                    /usr/lib/jvm/java-11-openjdk-amd64/bin/java
562c51c05000-562c51c06000 rw-p 00003000 08:01 2361089                    /usr/lib/jvm/java-11-openjdk-amd64/bin/java
562c52bc5000-562c52be6000 rw-p 00000000 00:00 0                          [heap]
7fc9d8000000-7fc9d8021000 rw-p 00000000 00:00 0 
7fc9d8021000-7fc9dc000000 ---p 00000000 00:00 0 
7fc9dc000000-7fc9dc021000 rw-p 00000000 00:00 0 
7fc9dc021000-7fc9e0000000 ---p 00000000 00:00 0 
7fc9e0000000-7fc9e0dea000 rw-p 00000000 00:00 0 
7fc9e0dea000-7fc9e4000000 ---p 00000000 00:00 0 
7fc9e4000000-7fc9e4021000 rw-p 00000000 00:00 0 
7fc9e4021000-7fc9e8000000 ---p 00000000 00:00 0 
7fc9e8000000-7fc9e8021000 rw-p 00000000 00:00 0 
7fc9e8021000-7fc9ec000000 ---p 00000000 00:00 0 
7fc9ec000000-7fc9ec021000 rw-p 00000000 00:00 0 
7fc9ec021000-7fc9f0000000 ---p 00000000 00:00 0 
7fc9f0000000-7fc9f0021000 rw-p 00000000 00:00 0 
7fc9f0021000-7fc9f4000000 ---p 00000000 00:00 0 
7fc9f4000000-7fc9f4021000 rw-p 00000000 00:00 0 
7fc9f4021000-7fc9f8000000 ---p 00000000 00:00 0 
7fc9f8000000-7fc9f8e02000 rw-p 00000000 00:00 0 
7fc9f8e02000-7fc9fc000000 ---p 00000000 00:00 0 
7fc9fc000000-7fc9fc7e4000 rw-p 00000000 00:00 0 
7fc9fc7e4000-7fca00000000 ---p 00000000 00:00 0 
7fca00000000-7fca00021000 rw-p 00000000 00:00 0 
7fca00021000-7fca04000000 ---p 00000000 00:00 0 
7fca06b06000-7fca06cc6000 rw-p 00000000 00:00 0 
7fca06cc6000-7fca06d06000 ---p 00000000 00:00 0 
7fca06d06000-7fca06f06000 rw-p 00000000 00:00 0 
7fca06f06000-7fca07106000 rw-p 00000000 00:00 0 
7fca07106000-7fca08000000 r--p 00000000 08:01 2490836                    /usr/lib/locale/locale-archive
7fca08000000-7fca08021000 rw-p 00000000 00:00 0 
7fca08021000-7fca0c000000 ---p 00000000 00:00 0 
7fca0c000000-7fca0c021000 rw-p 00000000 00:00 0 
7fca0c021000-7fca10000000 ---p 00000000 00:00 0 
7fca10000000-7fca10021000 rw-p 00000000 00:00 0 
7fca10021000-7fca14000000 ---p 00000000 00:00 0 
7fca14000000-7fca14021000 rw-p 00000000 00:00 0 
7fca14021000-7fca18000000 ---p 00000000 00:00 0 
7fca18000000-7fca18021000 rw-p 00000000 00:00 0 
7fca18021000-7fca1c000000 ---p 00000000 00:00 0 
7fca1c000000-7fca1c021000 rw-p 00000000 00:00 0 
7fca1c021000-7fca20000000 ---p 00000000 00:00 0 
7fca20000000-7fca20021000 rw-p 00000000 00:00 0 
7fca20021000-7fca24000000 ---p 00000000 00:00 0 
7fca240fe000-7fca242fe000 rw-p 00000000 00:00 0 
7fca242fe000-7fca242ff000 ---p 00000000 00:00 0 
7fca242ff000-7fca24400000 rw-p 00000000 00:00 0 
7fca24400000-7fca24401000 ---p 00000000 00:00 0 
7fca24401000-7fca24502000 rw-p 00000000 00:00 0 
7fca24502000-7fca24503000 ---p 00000000 00:00 0 
7fca24503000-7fca24604000 rw-p 00000000 00:00 0 
7fca24604000-7fca24608000 ---p 00000000 00:00 0 
7fca24608000-7fca24705000 rw-p 00000000 00:00 0 
7fca24705000-7fca24709000 ---p 00000000 00:00 0 
7fca24709000-7fca24806000 rw-p 00000000 00:00 0 
7fca24806000-7fca24807000 ---p 00000000 00:00 0 
7fca24807000-7fca24908000 rw-p 00000000 00:00 0 
7fca24908000-7fca2490c000 ---p 00000000 00:00 0 
7fca2490c000-7fca24a09000 rw-p 00000000 00:00 0 
7fca24a09000-7fca24a0d000 ---p 00000000 00:00 0 
7fca24a0d000-7fca24b0a000 rw-p 00000000 00:00 0 
7fca24b0a000-7fca24b0e000 ---p 00000000 00:00 0 
7fca24b0e000-7fca24c0b000 rw-p 00000000 00:00 0 
7fca24c0b000-7fca24c0f000 ---p 00000000 00:00 0 
7fca24c0f000-7fca24d0c000 rw-p 00000000 00:00 0 
7fca24d0c000-7fca24d10000 ---p 00000000 00:00 0 
7fca24d10000-7fca24e0d000 rw-p 00000000 00:00 0 
7fca24e0d000-7fca24e11000 ---p 00000000 00:00 0 
7fca24e11000-7fca24f0e000 rw-p 00000000 00:00 0 
7fca24f0e000-7fca24f12000 ---p 00000000 00:00 0 
7fca24f12000-7fca2500f000 rw-p 00000000 00:00 0 
7fca2500f000-7fca25010000 ---p 00000000 00:00 0 
7fca25010000-7fca25992000 rw-p 00000000 00:00 0 
7fca25992000-7fca25993000 ---p 00000000 00:00 0 
7fca25993000-7fca25a94000 rw-p 00000000 00:00 0 
7fca25a94000-7fca25a95000 ---p 00000000 00:00 0 
7fca25a95000-7fca27f7e000 rw-p 00000000 00:00 0 
7fca27f7e000-7fca2a9de000 ---p 00000000 00:00 0 
7fca2a9de000-7fca2a9e6000 rw-p 00000000 00:00 0 
7fca2a9e6000-7fca2b9e6000 ---p 00000000 00:00 0 
7fca2b9e6000-7fca2bdce000 rw-p 00000000 00:00 0 
7fca2bdce000-7fca2e82e000 ---p 00000000 00:00 0 
7fca2e82e000-7fca2e836000 rw-p 00000000 00:00 0 
7fca2e836000-7fca2f836000 ---p 00000000 00:00 0 
7fca2f836000-7fca2f8b3000 rw-p 00000000 00:00 0 
7fca2f8b3000-7fca2fdff000 ---p 00000000 00:00 0 
7fca2fdff000-7fca2fe00000 rw-p 00000000 00:00 0 
7fca2fe00000-7fca30000000 ---p 00000000 00:00 0 
7fca30000000-7fca30021000 rw-p 00000000 00:00 0 
7fca30021000-7fca34000000 ---p 00000000 00:00 0 
7fca34002000-7fca34033000 rw-p 00000000 00:00 0 
7fca34033000-7fca34037000 r--p 00000000 08:01 2361167                    /usr/lib/jvm/java-11-openjdk-amd64/lib/libnet.so
7fca34037000-7fca34046000 r-xp 00004000 08:01 2361167                    /usr/lib/jvm/java-11-openjdk-amd64/lib/libnet.so
7fca34046000-7fca3404a000 r--p 00013000 08:01 2361167                    /usr/lib/jvm/java-11-openjdk-amd64/lib/libnet.so
7fca3404a000-7fca3404b000 r--p 00016000 08:01 2361167                    /usr/lib/jvm/java-11-openjdk-amd64/lib/libnet.so
7fca3404b000-7fca3404c000 rw-p 00017000 08:01 2361167                    /usr/lib/jvm/java-11-openjdk-amd64/lib/libnet.so
7fca3404c000-7fca3414c000 rw-p 00000000 00:00 0 
7fca3414c000-7fca34698000 ---p 00000000 00:00 0 
7fca34698000-7fca34699000 rw-p 00000000 00:00 0 
7fca34699000-7fca34899000 ---p 00000000 00:00 0 
7fca34899000-7fca34b09000 rwxp 00000000 00:00 0 
7fca34b09000-7fca34e29000 ---p 00000000 00:00 0 
7fca34e29000-7fca355b9000 rwxp 00000000 00:00 0 
7fca355b9000-7fca3c361000 ---p 00000000 00:00 0 
7fca3c361000-7fca3c5d1000 rwxp 00000000 00:00 0 
7fca3c5d1000-7fca43899000 ---p 00000000 00:00 0 
7fca43899000-7fca4c000000 r--s 00000000 08:01 2361177                    /usr/lib/jvm/java-11-openjdk-amd64/lib/modules
7fca4c000000-7fca4cd1f000 rw-p 00000000 00:00 0 
7fca4cd1f000-7fca50000000 ---p 00000000 00:00 0 
7fca50008000-7fca5000f000 r--p 00000000 08:01 2361168                    /usr/lib/jvm/java-11-openjdk-amd64/lib/libnio.so
7fca5000f000-7fca50017000 r-xp 00007000 08:01 2361168                    /usr/lib/jvm/java-11-openjdk-amd64/lib/libnio.so
7fca50017000-7fca5001a000 r--p 0000f000 08:01 2361168                    /usr/lib/jvm/java-11-openjdk-amd64/lib/libnio.so
7fca5001a000-7fca5001b000 r--p 00011000 08:01 2361168                    /usr/lib/jvm/java-11-openjdk-amd64/lib/libnio.so
7fca5001b000-7fca5001c000 rw-p 00012000 08:01 2361168                    /usr/lib/jvm/java-11-openjdk-amd64/lib/libnio.so
7fca5001c000-7fca50462000 rw-p 00000000 00:00 0 
7fca50462000-7fca50463000 ---p 00000000 00:00 0 
7fca50463000-7fca50564000 rw-p 00000000 00:00 0 
7fca50564000-7fca50565000 ---p 00000000 00:00 0 
7fca50565000-7fca50768000 rw-p 00000000 00:00 0 
7fca50768000-7fca50cb4000 ---p 00000000 00:00 0 
7fca50cb4000-7fca50cb5000 rw-p 00000000 00:00 0 
7fca50cb5000-7fca50eb5000 ---p 00000000 00:00 0 
7fca50eb5000-7fca512b9000 rw-p 00000000 00:00 0 
7fca512b9000-7fca512ba000 ---p 00000000 00:00 0 
7fca512ba000-7fca513c0000 rw-p 00000000 00:00 0 
7fca513c0000-7fca514a6000 ---p 00000000 00:00 0 
7fca514a6000-7fca514b6000 rw-p 00000000 00:00 0 
7fca514b6000-7fca51591000 ---p 00000000 00:00 0 
7fca51591000-7fca51596000 rw-p 00000000 00:00 0 
7fca51596000-7fca5159d000 ---p 00000000 00:00 0 
7fca5159d000-7fca515a0000 r--p 00000000 08:01 2903165                    /usr/lib/x86_64-linux-gnu/libnss_files-2.31.so
7fca515a0000-7fca515a7000 r-xp 00003000 08:01 2903165                    /usr/lib/x86_64-linux-gnu/libnss_files-2.31.so
7fca515a7000-7fca515a9000 r--p 0000a000 08:01 2903165                    /usr/lib/x86_64-linux-gnu/libnss_files-2.31.so
7fca515a9000-7fca515aa000 r--p 0000b000 08:01 2903165                    /usr/lib/x86_64-linux-gnu/libnss_files-2.31.so
7fca515aa000-7fca515ab000 rw-p 0000c000 08:01 2903165                    /usr/lib/x86_64-linux-gnu/libnss_files-2.31.so
7fca515ab000-7fca515b1000 rw-p 00000000 00:00 0 
7fca515b7000-7fca515b9000 r--p 00000000 08:01 2361176                    /usr/lib/jvm/java-11-openjdk-amd64/lib/libzip.so
7fca515b9000-7fca515bd000 r-xp 00002000 08:01 2361176                    /usr/lib/jvm/java-11-openjdk-amd64/lib/libzip.so
7fca515bd000-7fca515bf000 r--p 00006000 08:01 2361176                    /usr/lib/jvm/java-11-openjdk-amd64/lib/libzip.so
7fca515bf000-7fca515c0000 r--p 00007000 08:01 2361176                    /usr/lib/jvm/java-11-openjdk-amd64/lib/libzip.so
7fca515c0000-7fca515c1000 rw-p 00008000 08:01 2361176                    /usr/lib/jvm/java-11-openjdk-amd64/lib/libzip.so
7fca515c1000-7fca515c9000 rw-s 00000000 08:01 4591342                    /tmp/hsperfdata_stas/37548
7fca515c9000-7fca515cb000 r--p 00000000 08:01 2361158                    /usr/lib/jvm/java-11-openjdk-amd64/lib/libjimage.so
7fca515cb000-7fca515ce000 r-xp 00002000 08:01 2361158                    /usr/lib/jvm/java-11-openjdk-amd64/lib/libjimage.so
7fca515ce000-7fca515cf000 r--p 00005000 08:01 2361158                    /usr/lib/jvm/java-11-openjdk-amd64/lib/libjimage.so
7fca515cf000-7fca515d0000 ---p 00006000 08:01 2361158                    /usr/lib/jvm/java-11-openjdk-amd64/lib/libjimage.so
7fca515d0000-7fca515d1000 r--p 00006000 08:01 2361158                    /usr/lib/jvm/java-11-openjdk-amd64/lib/libjimage.so
7fca515d1000-7fca515d2000 rw-p 00007000 08:01 2361158                    /usr/lib/jvm/java-11-openjdk-amd64/lib/libjimage.so
7fca515d2000-7fca515e0000 r--p 00000000 08:01 2361152                    /usr/lib/jvm/java-11-openjdk-amd64/lib/libjava.so
7fca515e0000-7fca515f6000 r-xp 0000e000 08:01 2361152                    /usr/lib/jvm/java-11-openjdk-amd64/lib/libjava.so
7fca515f6000-7fca515fd000 r--p 00024000 08:01 2361152                    /usr/lib/jvm/java-11-openjdk-amd64/lib/libjava.so
7fca515fd000-7fca515fe000 r--p 0002a000 08:01 2361152                    /usr/lib/jvm/java-11-openjdk-amd64/lib/libjava.so
7fca515fe000-7fca515ff000 rw-p 0002b000 08:01 2361152                    /usr/lib/jvm/java-11-openjdk-amd64/lib/libjava.so
7fca515ff000-7fca51600000 rw-p 00000000 00:00 0 
7fca51600000-7fca51603000 r--p 00000000 08:01 2903172                    /usr/lib/x86_64-linux-gnu/librt-2.31.so
7fca51603000-7fca51607000 r-xp 00003000 08:01 2903172                    /usr/lib/x86_64-linux-gnu/librt-2.31.so
7fca51607000-7fca51608000 r--p 00007000 08:01 2903172                    /usr/lib/x86_64-linux-gnu/librt-2.31.so
7fca51608000-7fca51609000 ---p 00008000 08:01 2903172                    /usr/lib/x86_64-linux-gnu/librt-2.31.so
7fca51609000-7fca5160a000 r--p 00008000 08:01 2903172                    /usr/lib/x86_64-linux-gnu/librt-2.31.so
7fca5160a000-7fca5160b000 rw-p 00009000 08:01 2903172                    /usr/lib/x86_64-linux-gnu/librt-2.31.so
7fca5160b000-7fca5160f000 ---p 00000000 00:00 0 
7fca5160f000-7fca5170c000 rw-p 00000000 00:00 0 
7fca5170c000-7fca5170f000 r--p 00000000 08:01 2885394                    /usr/lib/x86_64-linux-gnu/libgcc_s.so.1
7fca5170f000-7fca51721000 r-xp 00003000 08:01 2885394                    /usr/lib/x86_64-linux-gnu/libgcc_s.so.1
7fca51721000-7fca51725000 r--p 00015000 08:01 2885394                    /usr/lib/x86_64-linux-gnu/libgcc_s.so.1
7fca51725000-7fca51726000 r--p 00018000 08:01 2885394                    /usr/lib/x86_64-linux-gnu/libgcc_s.so.1
7fca51726000-7fca51727000 rw-p 00019000 08:01 2885394                    /usr/lib/x86_64-linux-gnu/libgcc_s.so.1
7fca51727000-7fca51736000 r--p 00000000 08:01 2903159                    /usr/lib/x86_64-linux-gnu/libm-2.31.so
7fca51736000-7fca517dd000 r-xp 0000f000 08:01 2903159                    /usr/lib/x86_64-linux-gnu/libm-2.31.so
7fca517dd000-7fca51874000 r--p 000b6000 08:01 2903159                    /usr/lib/x86_64-linux-gnu/libm-2.31.so
7fca51874000-7fca51875000 r--p 0014c000 08:01 2903159                    /usr/lib/x86_64-linux-gnu/libm-2.31.so
7fca51875000-7fca51876000 rw-p 0014d000 08:01 2903159                    /usr/lib/x86_64-linux-gnu/libm-2.31.so
7fca51876000-7fca5190c000 r--p 00000000 08:01 2885399                    /usr/lib/x86_64-linux-gnu/libstdc++.so.6.0.28
7fca5190c000-7fca519fc000 r-xp 00096000 08:01 2885399                    /usr/lib/x86_64-linux-gnu/libstdc++.so.6.0.28
7fca519fc000-7fca51a45000 r--p 00186000 08:01 2885399                    /usr/lib/x86_64-linux-gnu/libstdc++.so.6.0.28
7fca51a45000-7fca51a46000 ---p 001cf000 08:01 2885399                    /usr/lib/x86_64-linux-gnu/libstdc++.so.6.0.28
7fca51a46000-7fca51a51000 r--p 001cf000 08:01 2885399                    /usr/lib/x86_64-linux-gnu/libstdc++.so.6.0.28
7fca51a51000-7fca51a54000 rw-p 001da000 08:01 2885399                    /usr/lib/x86_64-linux-gnu/libstdc++.so.6.0.28
7fca51a54000-7fca51a57000 rw-p 00000000 00:00 0 
7fca51a57000-7fca51cd0000 r--p 00000000 08:01 2361180                    /usr/lib/jvm/java-11-openjdk-amd64/lib/server/libjvm.so
7fca51cd0000-7fca5294d000 r-xp 00279000 08:01 2361180                    /usr/lib/jvm/java-11-openjdk-amd64/lib/server/libjvm.so
7fca5294d000-7fca52ba3000 r--p 00ef6000 08:01 2361180                    /usr/lib/jvm/java-11-openjdk-amd64/lib/server/libjvm.so
7fca52ba3000-7fca52c64000 r--p 0114b000 08:01 2361180                    /usr/lib/jvm/java-11-openjdk-amd64/lib/server/libjvm.so
7fca52c64000-7fca52c9f000 rw-p 0120c000 08:01 2361180                    /usr/lib/jvm/java-11-openjdk-amd64/lib/server/libjvm.so
7fca52c9f000-7fca52cf8000 rw-p 00000000 00:00 0 
7fca52cf8000-7fca52cff000 r--p 00000000 08:01 2903170                    /usr/lib/x86_64-linux-gnu/libpthread-2.31.so
7fca52cff000-7fca52d10000 r-xp 00007000 08:01 2903170                    /usr/lib/x86_64-linux-gnu/libpthread-2.31.so
7fca52d10000-7fca52d15000 r--p 00018000 08:01 2903170                    /usr/lib/x86_64-linux-gnu/libpthread-2.31.so
7fca52d15000-7fca52d16000 r--p 0001c000 08:01 2903170                    /usr/lib/x86_64-linux-gnu/libpthread-2.31.so
7fca52d16000-7fca52d17000 rw-p 0001d000 08:01 2903170                    /usr/lib/x86_64-linux-gnu/libpthread-2.31.so
7fca52d17000-7fca52d1b000 rw-p 00000000 00:00 0 
7fca52d1b000-7fca52d1c000 r--p 00000000 08:01 2903158                    /usr/lib/x86_64-linux-gnu/libdl-2.31.so
7fca52d1c000-7fca52d1e000 r-xp 00001000 08:01 2903158                    /usr/lib/x86_64-linux-gnu/libdl-2.31.so
7fca52d1e000-7fca52d1f000 r--p 00003000 08:01 2903158                    /usr/lib/x86_64-linux-gnu/libdl-2.31.so
7fca52d1f000-7fca52d20000 r--p 00003000 08:01 2903158                    /usr/lib/x86_64-linux-gnu/libdl-2.31.so
7fca52d20000-7fca52d21000 rw-p 00004000 08:01 2903158                    /usr/lib/x86_64-linux-gnu/libdl-2.31.so
7fca52d21000-7fca52d23000 r--p 00000000 08:01 2885748                    /usr/lib/x86_64-linux-gnu/libz.so.1.2.11
7fca52d23000-7fca52d34000 r-xp 00002000 08:01 2885748                    /usr/lib/x86_64-linux-gnu/libz.so.1.2.11
7fca52d34000-7fca52d3a000 r--p 00013000 08:01 2885748                    /usr/lib/x86_64-linux-gnu/libz.so.1.2.11
7fca52d3a000-7fca52d3b000 ---p 00019000 08:01 2885748                    /usr/lib/x86_64-linux-gnu/libz.so.1.2.11
7fca52d3b000-7fca52d3c000 r--p 00019000 08:01 2885748                    /usr/lib/x86_64-linux-gnu/libz.so.1.2.11
7fca52d3c000-7fca52d3d000 rw-p 0001a000 08:01 2885748                    /usr/lib/x86_64-linux-gnu/libz.so.1.2.11
7fca52d3d000-7fca52d62000 r--p 00000000 08:01 2903157                    /usr/lib/x86_64-linux-gnu/libc-2.31.so
7fca52d62000-7fca52eda000 r-xp 00025000 08:01 2903157                    /usr/lib/x86_64-linux-gnu/libc-2.31.so
7fca52eda000-7fca52f24000 r--p 0019d000 08:01 2903157                    /usr/lib/x86_64-linux-gnu/libc-2.31.so
7fca52f24000-7fca52f25000 ---p 001e7000 08:01 2903157                    /usr/lib/x86_64-linux-gnu/libc-2.31.so
7fca52f25000-7fca52f28000 r--p 001e7000 08:01 2903157                    /usr/lib/x86_64-linux-gnu/libc-2.31.so
7fca52f28000-7fca52f2b000 rw-p 001ea000 08:01 2903157                    /usr/lib/x86_64-linux-gnu/libc-2.31.so
7fca52f2b000-7fca52f2f000 rw-p 00000000 00:00 0 
7fca52f31000-7fca52f33000 r--s 0000c000 08:01 4071261                    /usr/share/java/java-atk-wrapper.jar
7fca52f33000-7fca52f34000 ---p 00000000 00:00 0 
7fca52f34000-7fca52f35000 r--p 00000000 00:00 0 
7fca52f35000-7fca52f3a000 r--p 00000000 08:01 2361175                    /usr/lib/jvm/java-11-openjdk-amd64/lib/libverify.so
7fca52f3a000-7fca52f41000 r-xp 00005000 08:01 2361175                    /usr/lib/jvm/java-11-openjdk-amd64/lib/libverify.so
7fca52f41000-7fca52f43000 r--p 0000c000 08:01 2361175                    /usr/lib/jvm/java-11-openjdk-amd64/lib/libverify.so
7fca52f43000-7fca52f44000 ---p 0000e000 08:01 2361175                    /usr/lib/jvm/java-11-openjdk-amd64/lib/libverify.so
7fca52f44000-7fca52f46000 r--p 0000e000 08:01 2361175                    /usr/lib/jvm/java-11-openjdk-amd64/lib/libverify.so
7fca52f46000-7fca52f47000 rw-p 00010000 08:01 2361175                    /usr/lib/jvm/java-11-openjdk-amd64/lib/libverify.so
7fca52f47000-7fca52f4a000 r--p 00000000 08:01 2361135                    /usr/lib/jvm/java-11-openjdk-amd64/lib/jli/libjli.so
7fca52f4a000-7fca52f54000 r-xp 00003000 08:01 2361135                    /usr/lib/jvm/java-11-openjdk-amd64/lib/jli/libjli.so
7fca52f54000-7fca52f57000 r--p 0000d000 08:01 2361135                    /usr/lib/jvm/java-11-openjdk-amd64/lib/jli/libjli.so
7fca52f57000-7fca52f58000 ---p 00010000 08:01 2361135                    /usr/lib/jvm/java-11-openjdk-amd64/lib/jli/libjli.so
7fca52f58000-7fca52f59000 r--p 00010000 08:01 2361135                    /usr/lib/jvm/java-11-openjdk-amd64/lib/jli/libjli.so
7fca52f59000-7fca52f5a000 rw-p 00011000 08:01 2361135                    /usr/lib/jvm/java-11-openjdk-amd64/lib/jli/libjli.so
7fca52f5a000-7fca52f5c000 rw-p 00000000 00:00 0 
7fca52f5c000-7fca52f5d000 r--p 00000000 08:01 2903153                    /usr/lib/x86_64-linux-gnu/ld-2.31.so
7fca52f5d000-7fca52f80000 r-xp 00001000 08:01 2903153                    /usr/lib/x86_64-linux-gnu/ld-2.31.so
7fca52f80000-7fca52f88000 r--p 00024000 08:01 2903153                    /usr/lib/x86_64-linux-gnu/ld-2.31.so
7fca52f89000-7fca52f8a000 r--p 0002c000 08:01 2903153                    /usr/lib/x86_64-linux-gnu/ld-2.31.so
7fca52f8a000-7fca52f8b000 rw-p 0002d000 08:01 2903153                    /usr/lib/x86_64-linux-gnu/ld-2.31.so
7fca52f8b000-7fca52f8c000 rw-p 00000000 00:00 0 
7fffb5053000-7fffb5075000 rw-p 00000000 00:00 0                          [stack]
7fffb50a3000-7fffb50a6000 r--p 00000000 00:00 0                          [vvar]
7fffb50a6000-7fffb50a7000 r-xp 00000000 00:00 0                          [vdso]
ffffffffff600000-ffffffffff601000 --xp 00000000 00:00 0                  [vsyscall]


VM Arguments:
jvm_args: -Dclassworlds.conf=/usr/share/maven/bin/m2.conf -Dmaven.home=/usr/share/maven -Dlibrary.jansi.path=/usr/share/maven/lib/jansi-native -Dmaven.multiModuleProjectDirectory=/home/stas/dev/uni/SpringRest 
java_command: org.codehaus.plexus.classworlds.launcher.Launcher spring-boot:run
java_class_path (initial): /usr/share/maven/boot/plexus-classworlds-2.x.jar
Launcher Type: SUN_STANDARD

[Global flags]
     intx CICompilerCount                          = 3                                         {product} {ergonomic}
     uint ConcGCThreads                            = 1                                         {product} {ergonomic}
     uint G1ConcRefinementThreads                  = 4                                         {product} {ergonomic}
   size_t G1HeapRegionSize                         = 1048576                                   {product} {ergonomic}
    uintx GCDrainStackTargetSize                   = 64                                        {product} {ergonomic}
   size_t InitialHeapSize                          = 262144000                                 {product} {ergonomic}
   size_t MarkStackSize                            = 4194304                                   {product} {ergonomic}
   size_t MaxHeapSize                              = 4181721088                                {product} {ergonomic}
   size_t MaxNewSize                               = 2508193792                                {product} {ergonomic}
   size_t MinHeapDeltaBytes                        = 1048576                                   {product} {ergonomic}
    uintx NonNMethodCodeHeapSize                   = 5830732                                {pd product} {ergonomic}
    uintx NonProfiledCodeHeapSize                  = 122913754                              {pd product} {ergonomic}
    uintx ProfiledCodeHeapSize                     = 122913754                              {pd product} {ergonomic}
    uintx ReservedCodeCacheSize                    = 251658240                              {pd product} {ergonomic}
     bool SegmentedCodeCache                       = true                                      {product} {ergonomic}
     bool UseCompressedClassPointers               = true                                 {lp64_product} {ergonomic}
     bool UseCompressedOops                        = true                                 {lp64_product} {ergonomic}
     bool UseG1GC                                  = true                                      {product} {ergonomic}

Logging:
Log output configuration:
 #0: stdout all=warning uptime,level,tags
 #1: stderr all=off uptime,level,tags

Environment Variables:
JAVA_HOME=/usr/lib/jvm/java-11-openjdk-amd64/
PATH=~/.config/composer/vendor/bin/:/usr/lib/jvm/java-11-openjdk-amd64//bin:/usr/local/sbin:/usr/local/bin:/usr/sbin:/usr/bin:/sbin:/bin:/usr/games:/usr/local/games:/snap/bin
USERNAME=stas
SHELL=/usr/bin/zsh
DISPLAY=:1
LANG=en_US.UTF-8

Signal Handlers:
SIGSEGV: [libjvm.so+0xe824c0], sa_mask[0]=11111111011111111101111111111110, sa_flags=SA_RESTART|SA_SIGINFO
SIGBUS: [libjvm.so+0xe824c0], sa_mask[0]=11111111011111111101111111111110, sa_flags=SA_RESTART|SA_SIGINFO
SIGFPE: [libjvm.so+0xe824c0], sa_mask[0]=11111111011111111101111111111110, sa_flags=SA_RESTART|SA_SIGINFO
SIGPIPE: [libjvm.so+0xbc8ee0], sa_mask[0]=11111111011111111101111111111110, sa_flags=SA_RESTART|SA_SIGINFO
SIGXFSZ: [libjvm.so+0xbc8ee0], sa_mask[0]=11111111011111111101111111111110, sa_flags=SA_RESTART|SA_SIGINFO
SIGILL: [libjvm.so+0xe824c0], sa_mask[0]=11111111011111111101111111111110, sa_flags=SA_RESTART|SA_SIGINFO
SIGUSR2: [libjvm.so+0xbc8d80], sa_mask[0]=00000000000000000000000000000000, sa_flags=SA_RESTART|SA_SIGINFO
SIGHUP: [libjvm.so+0xbc9220], sa_mask[0]=11111111011111111101111111111110, sa_flags=SA_RESTART|SA_SIGINFO
SIGINT: [libjvm.so+0xbc9220], sa_mask[0]=11111111011111111101111111111110, sa_flags=SA_RESTART|SA_SIGINFO
SIGTERM: [libjvm.so+0xbc9220], sa_mask[0]=11111111011111111101111111111110, sa_flags=SA_RESTART|SA_SIGINFO
SIGQUIT: [libjvm.so+0xbc9220], sa_mask[0]=11111111011111111101111111111110, sa_flags=SA_RESTART|SA_SIGINFO


---------------  S Y S T E M  ---------------

OS:DISTRIB_ID=Pop
DISTRIB_RELEASE=20.04
DISTRIB_CODENAME=focal
DISTRIB_DESCRIPTION="Pop!_OS 20.04 LTS"
uname:Linux 5.4.0-7642-generic #46~1598628707~20.04~040157c-Ubuntu SMP Fri Aug 28 18:02:16 UTC  x86_64
OS uptime: 0 days 9:48 hours
libc:glibc 2.31 NPTL 2.31 
rlimit (soft/hard): STACK 8192k/infinity , CORE 0k/infinity , NPROC 63422/63422 , NOFILE 1048576/1048576 , AS infinity/infinity , CPU infinity/infinity , DATA infinity/infinity , FSIZE infinity/infinity , MEMLOCK 65536k/65536k
load average:1.85 1.45 1.33

/proc/meminfo:
MemTotal:       16327408 kB
MemFree:         7108640 kB
MemAvailable:   10973328 kB
Buffers:          260544 kB
Cached:          3790880 kB
SwapCached:         1888 kB
Active:          6498232 kB
Inactive:        2036760 kB
Active(anon):    3796428 kB
Inactive(anon):   729424 kB
Active(file):    2701804 kB
Inactive(file):  1307336 kB
Unevictable:          32 kB
Mlocked:              32 kB
SwapTotal:       4193784 kB
SwapFree:        4162784 kB
Dirty:                72 kB
Writeback:             0 kB
AnonPages:       4482384 kB
Mapped:           655360 kB
Shmem:             45204 kB
KReclaimable:     191528 kB
Slab:             322132 kB
SReclaimable:     191528 kB
SUnreclaim:       130604 kB
KernelStack:       18480 kB
PageTables:        38732 kB
NFS_Unstable:          0 kB
Bounce:                0 kB
WritebackTmp:          0 kB
CommitLimit:    12357488 kB
Committed_AS:   12513556 kB
VmallocTotal:   34359738367 kB
VmallocUsed:       47408 kB
VmallocChunk:          0 kB
Percpu:             3712 kB
HardwareCorrupted:     0 kB
AnonHugePages:         0 kB
ShmemHugePages:        0 kB
ShmemPmdMapped:        0 kB
FileHugePages:         0 kB
FilePmdMapped:         0 kB
CmaTotal:              0 kB
CmaFree:               0 kB
HugePages_Total:       0
HugePages_Free:        0
HugePages_Rsvd:        0
HugePages_Surp:        0
Hugepagesize:       2048 kB
Hugetlb:               0 kB
DirectMap4k:     1094548 kB
DirectMap2M:    15611904 kB
DirectMap1G:     1048576 kB

/sys/kernel/mm/transparent_hugepage/enabled:
always [madvise] never
/sys/kernel/mm/transparent_hugepage/defrag (defrag/compaction efforts parameter):
always defer defer+madvise [madvise] never

/proc/sys/kernel/threads-max (system-wide limit on the number of threads):
126844
/proc/sys/vm/max_map_count (maximum number of memory map areas a process may have):
65530
/proc/sys/kernel/pid_max (system-wide limit on number of process identifiers):
4194304

container (cgroup) information:
container_type: cgroupv1
cpu_cpuset_cpus: 0-3
cpu_memory_nodes: 0
active_processor_count: 4
cpu_quota: -1
cpu_period: 100000
cpu_shares: -1
memory_limit_in_bytes: -1
memory_and_swap_limit_in_bytes: -2
memory_soft_limit_in_bytes: -1
memory_usage_in_bytes: 7623524352
memory_max_usage_in_bytes: 14750584832

Steal ticks since vm start: 0
Steal ticks percentage since vm start:  0.000

CPU:total 4 (initial active 4) (4 cores per cpu, 1 threads per core) family 6 model 60 stepping 3, cmov, cx8, fxsr, mmx, sse, sse2, sse3, ssse3, sse4.1, sse4.2, popcnt, avx, avx2, aes, clmul, erms, lzcnt, tsc, tscinvbit, bmi1, bmi2, fma
CPU Model and flags from /proc/cpuinfo:
model name	: Intel(R) Core(TM) i5-4670K CPU @ 3.40GHz
flags		: fpu vme de pse tsc msr pae mce cx8 apic sep mtrr pge mca cmov pat pse36 clflush dts acpi mmx fxsr sse sse2 ss ht tm pbe syscall nx pdpe1gb rdtscp lm constant_tsc arch_perfmon pebs bts rep_good nopl xtopology nonstop_tsc cpuid aperfmperf pni pclmulqdq dtes64 monitor ds_cpl vmx est tm2 ssse3 sdbg fma cx16 xtpr pdcm pcid sse4_1 sse4_2 movbe popcnt tsc_deadline_timer aes xsave avx f16c rdrand lahf_lm abm cpuid_fault epb invpcid_single pti ssbd ibrs ibpb stibp tpr_shadow vnmi flexpriority ept vpid ept_ad fsgsbase tsc_adjust bmi1 avx2 smep bmi2 erms invpcid xsaveopt dtherm ida arat pln pts md_clear flush_l1d
Online cpus:
0-3
Offline cpus:

BIOS frequency limitation:
<Not Available>
Frequency switch latency (ns):
0
Available cpu frequencies:
<Not Available>
Current governor:
powersave
Core performance/turbo boost:
<Not Available>

Memory: 4k page, physical 16327408k(7108640k free), swap 4193784k(4162784k free)

vm_info: OpenJDK 64-Bit Server VM (11.0.9.1+1-Ubuntu-0ubuntu1.20.04) for linux-amd64 JRE (11.0.9.1+1-Ubuntu-0ubuntu1.20.04), built on Nov 10 2020 04:18:42 by "unknown" with gcc 9.3.0

END.
