#
# A fatal error has been detected by the Java Runtime Environment:
#
#  SIGSEGV (0xb) at pc=0x00007fcd7bf202b1, pid=8664, tid=8688
#
# JRE version: OpenJDK Runtime Environment (11.0.9.1+1) (build 11.0.9.1+1-Ubuntu-0ubuntu1.20.04)
# Java VM: OpenJDK 64-Bit Server VM (11.0.9.1+1-Ubuntu-0ubuntu1.20.04, mixed mode, sharing, tiered, compressed oops, g1 gc, linux-amd64)
# Problematic frame:
# V  [libjvm.so+0xb732b1]
#
# Core dump will be written. Default location: Core dumps may be processed with "/usr/share/apport/apport %p %s %c %d %P %E" (or dumping to /home/stas/dev/SpringRest/core.8664)
#
# If you would like to submit a bug report, please visit:
#   https://bugs.launchpad.net/ubuntu/+source/openjdk-lts
#

---------------  S U M M A R Y ------------

Command Line: -XX:TieredStopAtLevel=1 -Xverify:none -Dspring.output.ansi.enabled=always -Dcom.sun.management.jmxremote -Dspring.jmx.enabled=true -Dspring.liveBeansView.mbeanDomain -Dspring.application.admin.enabled=true -javaagent:/home/stas/Downloads/ideaIU-2020.2.3/idea-IU-202.7660.26/lib/idea_rt.jar=46111:/home/stas/Downloads/ideaIU-2020.2.3/idea-IU-202.7660.26/bin -Dfile.encoding=UTF-8 com.smartshop.SmartshopApplication

Host: Intel(R) Core(TM) i5-4670K CPU @ 3.40GHz, 4 cores, 15G, Pop!_OS 20.04 LTS
Time: Mon Dec 14 17:09:35 2020 CET elapsed time: 1.197265 seconds (0d 0h 0m 1s)

---------------  T H R E A D  ---------------

Current thread (0x00007fcd74231000):  JavaThread "C1 CompilerThread0" daemon [_thread_in_native, id=8688, stack(0x00007fcd5c2b7000,0x00007fcd5c3b8000)]


Current CompileTask:
C1:   1197 2441   !   1       org.springframework.beans.factory.support.AbstractBeanFactory::doGetBean (874 bytes)

Stack: [0x00007fcd5c2b7000,0x00007fcd5c3b8000],  sp=0x00007fcd5c3b6090,  free space=1020k
Native frames: (J=compiled Java code, A=aot compiled Java code, j=interpreted, Vv=VM code, C=native code)
V  [libjvm.so+0xb732b1]
V  [libjvm.so+0xb7347f]
V  [libjvm.so+0x572177]
V  [libjvm.so+0x4dbc66]
V  [libjvm.so+0x4ec2b3]
V  [libjvm.so+0x4dd6a8]
V  [libjvm.so+0x4bc535]
V  [libjvm.so+0x493aeb]
V  [libjvm.so+0x494d20]
V  [libjvm.so+0x494ff0]
V  [libjvm.so+0x495473]
V  [libjvm.so+0x495db1]
V  [libjvm.so+0x617261]
V  [libjvm.so+0x618438]
V  [libjvm.so+0xe17ccf]
V  [libjvm.so+0xe14330]
V  [libjvm.so+0xbd26e6]


siginfo: si_signo: 11 (SIGSEGV), si_code: 2 (SEGV_ACCERR), si_addr: 0x00007fcd6176616a

Register to memory mapping:

RAX=0x0000000000002192 is an unknown value
RBX=0x00007fcd6176616a is an unknown value
RCX=0x0000000000002192 is an unknown value
RDX=0x00007fcd2c0ecf30 points into unknown readable memory: e0 1d 50 7c cd 7f 00 00
RSP=0x00007fcd5c3b6090 is pointing into the stack for thread: 0x00007fcd74231000
RBP=0x00007fcd5c3b6110 is pointing into the stack for thread: 0x00007fcd74231000
RSI=0x00007fcd6176616a is an unknown value
RDI=0x00007fcd5c3b6120 is pointing into the stack for thread: 0x00007fcd74231000
R8 =0x0 is NULL
R9 =0x0000000000000001 is an unknown value
R10=0x00007fcd2c19ab70 points into unknown readable memory: 60 ba 4f 7c cd 7f 00 00
R11=0x00007fcd2c19b420 points into unknown readable memory: e8 c5 4f 7c cd 7f 00 00
R12=0x0000000000002192 is an unknown value
R13=0x00007fcd2c0ecf30 points into unknown readable memory: e0 1d 50 7c cd 7f 00 00
R14=0x00007fcd5c3b6120 is pointing into the stack for thread: 0x00007fcd74231000
R15=0x0000000000000005 is an unknown value


Registers:
RAX=0x0000000000002192, RBX=0x00007fcd6176616a, RCX=0x0000000000002192, RDX=0x00007fcd2c0ecf30
RSP=0x00007fcd5c3b6090, RBP=0x00007fcd5c3b6110, RSI=0x00007fcd6176616a, RDI=0x00007fcd5c3b6120
R8 =0x0000000000000000, R9 =0x0000000000000001, R10=0x00007fcd2c19ab70, R11=0x00007fcd2c19b420
R12=0x0000000000002192, R13=0x00007fcd2c0ecf30, R14=0x00007fcd5c3b6120, R15=0x0000000000000005
RIP=0x00007fcd7bf202b1, EFLAGS=0x0000000000010206, CSGSFS=0x002b000000000033, ERR=0x0000000000000004
  TRAPNO=0x000000000000000e

Top of Stack: (sp=0x00007fcd5c3b6090)
0x00007fcd5c3b6090:   00007fcd2c0f2780 00007fcd2c0f2780
0x00007fcd5c3b60a0:   000000000000018e 00007fcd5c3b60c0
0x00007fcd5c3b60b0:   00007fcd5c3b6140 00007fcd7bf20307
0x00007fcd5c3b60c0:   00007fcd2c0ecf30 00007fcd2c0ece80 

Instructions: (pc=0x00007fcd7bf202b1)
0x00007fcd7bf201b1:   5d c8 75 bb 48 83 c4 18 5b 41 5c 41 5d 41 5e 41
0x00007fcd7bf201c1:   5f 5d c3 66 66 2e 0f 1f 84 00 00 00 00 00 90 f3
0x00007fcd7bf201d1:   0f 1e fa 8b 47 20 48 c7 47 30 00 00 00 00 85 c0
0x00007fcd7bf201e1:   7e 7d 55 83 e8 01 48 8d 34 c5 08 00 00 00 31 c0
0x00007fcd7bf201f1:   48 89 e5 53 48 89 fb 31 ff 48 83 ec 08 66 90 48
0x00007fcd7bf20201:   8b 4b 18 48 89 fa 48 8b 3c 01 48 83 c0 08 48 89
0x00007fcd7bf20211:   57 78 c6 87 80 00 00 00 01 48 89 7b 30 48 39 f0
0x00007fcd7bf20221:   75 dd 48 85 ff 74 28 0f 1f 84 00 00 00 00 00 48
0x00007fcd7bf20231:   8b 47 78 c6 87 80 00 00 00 00 48 89 de 48 89 43
0x00007fcd7bf20241:   30 e8 39 fe ff ff 48 8b 7b 30 48 85 ff 75 e0 48
0x00007fcd7bf20251:   83 c4 08 5b 5d c3 66 0f 1f 84 00 00 00 00 00 c3
0x00007fcd7bf20261:   90 66 66 2e 0f 1f 84 00 00 00 00 00 0f 1f 00 f3
0x00007fcd7bf20271:   0f 1e fa 48 83 c7 20 e9 c3 84 8f ff 90 66 90 f3
0x00007fcd7bf20281:   0f 1e fa 48 83 c7 30 e9 b3 84 8f ff 90 66 90 f3
0x00007fcd7bf20291:   0f 1e fa 55 48 89 e5 41 57 41 56 49 89 fe 41 55
0x00007fcd7bf202a1:   49 89 d5 41 54 41 89 cc 53 48 89 f3 48 83 ec 58
0x00007fcd7bf202b1:   48 8b 16 48 63 72 14 ba 01 00 00 00 e8 5e 67 8f
0x00007fcd7bf202c1:   ff 41 c6 46 10 01 44 3b 63 08 0f 84 bf 00 00 00
0x00007fcd7bf202d1:   44 39 63 60 75 49 48 8d 73 20 4c 89 f7 e8 ed 81
0x00007fcd7bf202e1:   8f ff 48 8d 73 50 4c 89 f7 e8 b1 82 8f ff 48 8d
0x00007fcd7bf202f1:   73 40 4c 89 f7 e8 d5 81 8f ff 48 8d 73 30 4c 89
0x00007fcd7bf20301:   f7 e8 c9 81 8f ff 48 83 c4 58 4c 89 f0 5b 41 5c
0x00007fcd7bf20311:   41 5d 41 5e 41 5f 5d c3 0f 1f 80 00 00 00 00 4c
0x00007fcd7bf20321:   89 6d 80 4d 85 ed 74 7f 49 8b 45 28 45 8b 7d 48
0x00007fcd7bf20331:   48 89 45 88 49 8b 45 78 48 85 c0 0f 84 8e 00 00
0x00007fcd7bf20341:   00 48 89 45 b8 66 0f ef c0 48 89 45 a8 4c 01 f8
0x00007fcd7bf20351:   48 89 45 b0 0f 29 45 90 4c 8d 6d 80 44 89 e6 4c
0x00007fcd7bf20361:   89 ef e8 18 49 a1 ff 48 63 43 0c 4c 89 ee 48 03
0x00007fcd7bf20371:   45 a8 48 89 df 48 89 45 b0 e8 91 f8 ff ff 44 89
0x00007fcd7bf20381:   63 60 e9 4f ff ff ff 0f 1f 84 00 00 00 00 00 48
0x00007fcd7bf20391:   8d 73 10 4c 89 f7 e8 64 85 8f ff e9 66 ff ff ff
0x00007fcd7bf203a1:   0f 1f 80 00 00 00 00 66 0f ef c0 48 c7 45 98 00 


Stack slot to memory mapping:
stack at sp + 0 slots: 0x00007fcd2c0f2780 points into unknown readable memory: b0 e1 0e 2c cd 7f 00 00
stack at sp + 1 slots: 0x00007fcd2c0f2780 points into unknown readable memory: b0 e1 0e 2c cd 7f 00 00
stack at sp + 2 slots: 0x000000000000018e is an unknown value
stack at sp + 3 slots: 0x00007fcd5c3b60c0 is pointing into the stack for thread: 0x00007fcd74231000
stack at sp + 4 slots: 0x00007fcd5c3b6140 is pointing into the stack for thread: 0x00007fcd74231000
stack at sp + 5 slots: 0x00007fcd7bf20307: <offset 0x0000000000b73307> in /usr/lib/jvm/java-11-openjdk-amd64/lib/server/libjvm.so at 0x00007fcd7b3ad000
stack at sp + 6 slots: 0x00007fcd2c0ecf30 points into unknown readable memory: e0 1d 50 7c cd 7f 00 00
stack at sp + 7 slots: 0x00007fcd2c0ece80 points into unknown readable memory: 00 89 59 7c cd 7f 00 00


---------------  P R O C E S S  ---------------

Threads class SMR info:
_java_thread_list=0x00007fcd100023e0, length=14, elements={
0x00007fcd74019800, 0x00007fcd74227800, 0x00007fcd74229800, 0x00007fcd7422f000,
0x00007fcd74231000, 0x00007fcd74233000, 0x00007fcd74249800, 0x00007fcd745e0800,
0x00007fcd745e1800, 0x00007fcd746e4800, 0x00007fcd7491b800, 0x00007fccf8003000,
0x00007fcd28001000, 0x00007fcd10001800
}

Java Threads: ( => current thread )
  0x00007fcd74019800 JavaThread "main" [_thread_blocked, id=8666, stack(0x00007fcd7af61000,0x00007fcd7b062000)]
  0x00007fcd74227800 JavaThread "Reference Handler" daemon [_thread_blocked, id=8683, stack(0x00007fcd5c5ba000,0x00007fcd5c6bb000)]
  0x00007fcd74229800 JavaThread "Finalizer" daemon [_thread_blocked, id=8685, stack(0x00007fcd5c4b9000,0x00007fcd5c5ba000)]
  0x00007fcd7422f000 JavaThread "Signal Dispatcher" daemon [_thread_blocked, id=8687, stack(0x00007fcd5c3b8000,0x00007fcd5c4b9000)]
=>0x00007fcd74231000 JavaThread "C1 CompilerThread0" daemon [_thread_in_native, id=8688, stack(0x00007fcd5c2b7000,0x00007fcd5c3b8000)]
  0x00007fcd74233000 JavaThread "Sweeper thread" daemon [_thread_blocked, id=8690, stack(0x00007fcd5c1b6000,0x00007fcd5c2b7000)]
  0x00007fcd74249800 JavaThread "Common-Cleaner" daemon [_thread_blocked, id=8694, stack(0x00007fcd5c0b5000,0x00007fcd5c1b6000)]
  0x00007fcd745e0800 JavaThread "Monitor Ctrl-Break" daemon [_thread_in_native, id=8695, stack(0x00007fcd5025f000,0x00007fcd50360000)]
  0x00007fcd745e1800 JavaThread "Service Thread" daemon [_thread_blocked, id=8696, stack(0x00007fcd5015e000,0x00007fcd5025f000)]
  0x00007fcd746e4800 JavaThread "RMI TCP Accept-0" daemon [_thread_in_native, id=8697, stack(0x00007fcd5005d000,0x00007fcd5015e000)]
  0x00007fcd7491b800 JavaThread "Thread-0" [_thread_blocked, id=8708, stack(0x00007fcd48afb000,0x00007fcd48bfc000)]
  0x00007fccf8003000 JavaThread "restartedMain" [_thread_in_Java, id=8709, stack(0x00007fcd489fa000,0x00007fcd48afb000)]
  0x00007fcd28001000 JavaThread "Attach Listener" daemon [_thread_blocked, id=8717, stack(0x00007fcd486f9000,0x00007fcd487fa000)]
  0x00007fcd10001800 JavaThread "RMI TCP Connection(idle)" daemon [_thread_blocked, id=8719, stack(0x00007fccf7eff000,0x00007fccf8000000)]

Other Threads:
  0x00007fcd74224800 VMThread "VM Thread" [stack: 0x00007fcd5c6bd000,0x00007fcd5c7bd000] [id=8681] _threads_hazard_ptr=0x00007fcd100023e0
  0x00007fcd746eb000 WatcherThread [stack: 0x00007fcd49006000,0x00007fcd49106000] [id=8698]
  0x00007fcd74031800 GCTaskThread "GC Thread#0" [stack: 0x00007fcd7ac05000,0x00007fcd7ad05000] [id=8670]
  0x00007fcd3c001000 GCTaskThread "GC Thread#1" [stack: 0x00007fcd48f04000,0x00007fcd49004000] [id=8699]
  0x00007fcd3c003000 GCTaskThread "GC Thread#2" [stack: 0x00007fcd48e02000,0x00007fcd48f02000] [id=8700]
  0x00007fcd3c004800 GCTaskThread "GC Thread#3" [stack: 0x00007fcd48d00000,0x00007fcd48e00000] [id=8704]
  0x00007fcd7408f800 ConcurrentGCThread "G1 Main Marker" [stack: 0x00007fcd78f1c000,0x00007fcd7901c000] [id=8671]
  0x00007fcd74091000 ConcurrentGCThread "G1 Conc#0" [stack: 0x00007fcd78e1a000,0x00007fcd78f1a000] [id=8672]
  0x00007fcd74180800 ConcurrentGCThread "G1 Refine#0" [stack: 0x00007fcd78914000,0x00007fcd78a14000] [id=8675]
  0x00007fcd40001000 ConcurrentGCThread "G1 Refine#1" [stack: 0x00007fcd48bfe000,0x00007fcd48cfe000] [id=8705]
  0x00007fcd74182000 ConcurrentGCThread "G1 Young RemSet Sampling" [stack: 0x00007fcd78812000,0x00007fcd78912000] [id=8677]

Threads with active compile tasks:
C1 CompilerThread0   1201 2441   !   1       org.springframework.beans.factory.support.AbstractBeanFactory::doGetBean (874 bytes)

VM state:synchronizing (normal execution)

VM Mutex/Monitor currently owned by a thread:  ([mutex/lock_event])
[0x00007fcd74016730] Safepoint_lock - owner thread: 0x00007fcd74224800
[0x00007fcd740167c0] Threads_lock - owner thread: 0x00007fcd74224800

Heap address: 0x0000000706c00000, size: 3988 MB, Compressed Oops mode: Zero based, Oop shift amount: 3
Narrow klass base: 0x0000000800000000, Narrow klass shift: 3
Compressed class space size: 1073741824 Address: 0x0000000840000000

Heap:
 garbage-first heap   total 258048K, used 148300K [0x0000000706c00000, 0x0000000800000000)
  region size 1024K, 140 young (143360K), 2 survivors (2048K)
 Metaspace       used 19124K, capacity 19851K, committed 20096K, reserved 1067008K
  class space    used 2594K, capacity 2909K, committed 2944K, reserved 1048576K
Heap Regions: E=young(eden), S=young(survivor), O=old, HS=humongous(starts), HC=humongous(continues), CS=collection set, F=free, A=archive, TAMS=top-at-mark-start (previous, next)
|   0|0x0000000706c00000, 0x0000000706d00000, 0x0000000706d00000|100%|HS|  |TAMS 0x0000000706c00000, 0x0000000706c00000| Complete 
|   1|0x0000000706d00000, 0x0000000706e00000, 0x0000000706e00000|100%| O|  |TAMS 0x0000000706d00000, 0x0000000706d00000| Untracked 
|   2|0x0000000706e00000, 0x0000000706f00000, 0x0000000706f00000|100%| O|  |TAMS 0x0000000706e00000, 0x0000000706e00000| Untracked 
|   3|0x0000000706f00000, 0x0000000707000000, 0x0000000707000000|100%| O|  |TAMS 0x0000000706f00000, 0x0000000706f00000| Untracked 
|   4|0x0000000707000000, 0x0000000707100000, 0x0000000707100000|100%| O|  |TAMS 0x0000000707000000, 0x0000000707000000| Untracked 
|   5|0x0000000707100000, 0x0000000707200000, 0x0000000707200000|100%| O|  |TAMS 0x0000000707100000, 0x0000000707100000| Untracked 
|   6|0x0000000707200000, 0x00000007072a1c00, 0x0000000707300000| 63%| O|  |TAMS 0x0000000707200000, 0x0000000707200000| Untracked 
|   7|0x0000000707300000, 0x0000000707300000, 0x0000000707400000|  0%| F|  |TAMS 0x0000000707300000, 0x0000000707300000| Untracked 
|   8|0x0000000707400000, 0x0000000707400000, 0x0000000707500000|  0%| F|  |TAMS 0x0000000707400000, 0x0000000707400000| Untracked 
|   9|0x0000000707500000, 0x0000000707500000, 0x0000000707600000|  0%| F|  |TAMS 0x0000000707500000, 0x0000000707500000| Untracked 
|  10|0x0000000707600000, 0x0000000707600000, 0x0000000707700000|  0%| F|  |TAMS 0x0000000707600000, 0x0000000707600000| Untracked 
|  11|0x0000000707700000, 0x0000000707700000, 0x0000000707800000|  0%| F|  |TAMS 0x0000000707700000, 0x0000000707700000| Untracked 
|  12|0x0000000707800000, 0x0000000707800000, 0x0000000707900000|  0%| F|  |TAMS 0x0000000707800000, 0x0000000707800000| Untracked 
|  13|0x0000000707900000, 0x0000000707900000, 0x0000000707a00000|  0%| F|  |TAMS 0x0000000707900000, 0x0000000707900000| Untracked 
|  14|0x0000000707a00000, 0x0000000707a00000, 0x0000000707b00000|  0%| F|  |TAMS 0x0000000707a00000, 0x0000000707a00000| Untracked 
|  15|0x0000000707b00000, 0x0000000707b00000, 0x0000000707c00000|  0%| F|  |TAMS 0x0000000707b00000, 0x0000000707b00000| Untracked 
|  16|0x0000000707c00000, 0x0000000707c00000, 0x0000000707d00000|  0%| F|  |TAMS 0x0000000707c00000, 0x0000000707c00000| Untracked 
|  17|0x0000000707d00000, 0x0000000707d00000, 0x0000000707e00000|  0%| F|  |TAMS 0x0000000707d00000, 0x0000000707d00000| Untracked 
|  18|0x0000000707e00000, 0x0000000707e00000, 0x0000000707f00000|  0%| F|  |TAMS 0x0000000707e00000, 0x0000000707e00000| Untracked 
|  19|0x0000000707f00000, 0x0000000707f00000, 0x0000000708000000|  0%| F|  |TAMS 0x0000000707f00000, 0x0000000707f00000| Untracked 
|  20|0x0000000708000000, 0x0000000708000000, 0x0000000708100000|  0%| F|  |TAMS 0x0000000708000000, 0x0000000708000000| Untracked 
|  21|0x0000000708100000, 0x0000000708100000, 0x0000000708200000|  0%| F|  |TAMS 0x0000000708100000, 0x0000000708100000| Untracked 
|  22|0x0000000708200000, 0x0000000708200000, 0x0000000708300000|  0%| F|  |TAMS 0x0000000708200000, 0x0000000708200000| Untracked 
|  23|0x0000000708300000, 0x0000000708300000, 0x0000000708400000|  0%| F|  |TAMS 0x0000000708300000, 0x0000000708300000| Untracked 
|  24|0x0000000708400000, 0x0000000708400000, 0x0000000708500000|  0%| F|  |TAMS 0x0000000708400000, 0x0000000708400000| Untracked 
|  25|0x0000000708500000, 0x0000000708500000, 0x0000000708600000|  0%| F|  |TAMS 0x0000000708500000, 0x0000000708500000| Untracked 
|  26|0x0000000708600000, 0x0000000708600000, 0x0000000708700000|  0%| F|  |TAMS 0x0000000708600000, 0x0000000708600000| Untracked 
|  27|0x0000000708700000, 0x0000000708700000, 0x0000000708800000|  0%| F|  |TAMS 0x0000000708700000, 0x0000000708700000| Untracked 
|  28|0x0000000708800000, 0x0000000708800000, 0x0000000708900000|  0%| F|  |TAMS 0x0000000708800000, 0x0000000708800000| Untracked 
|  29|0x0000000708900000, 0x0000000708900000, 0x0000000708a00000|  0%| F|  |TAMS 0x0000000708900000, 0x0000000708900000| Untracked 
|  30|0x0000000708a00000, 0x0000000708a00000, 0x0000000708b00000|  0%| F|  |TAMS 0x0000000708a00000, 0x0000000708a00000| Untracked 
|  31|0x0000000708b00000, 0x0000000708b00000, 0x0000000708c00000|  0%| F|  |TAMS 0x0000000708b00000, 0x0000000708b00000| Untracked 
|  32|0x0000000708c00000, 0x0000000708c00000, 0x0000000708d00000|  0%| F|  |TAMS 0x0000000708c00000, 0x0000000708c00000| Untracked 
|  33|0x0000000708d00000, 0x0000000708d00000, 0x0000000708e00000|  0%| F|  |TAMS 0x0000000708d00000, 0x0000000708d00000| Untracked 
|  34|0x0000000708e00000, 0x0000000708e00000, 0x0000000708f00000|  0%| F|  |TAMS 0x0000000708e00000, 0x0000000708e00000| Untracked 
|  35|0x0000000708f00000, 0x0000000708f00000, 0x0000000709000000|  0%| F|  |TAMS 0x0000000708f00000, 0x0000000708f00000| Untracked 
|  36|0x0000000709000000, 0x0000000709000000, 0x0000000709100000|  0%| F|  |TAMS 0x0000000709000000, 0x0000000709000000| Untracked 
|  37|0x0000000709100000, 0x0000000709100000, 0x0000000709200000|  0%| F|  |TAMS 0x0000000709100000, 0x0000000709100000| Untracked 
|  38|0x0000000709200000, 0x0000000709200000, 0x0000000709300000|  0%| F|  |TAMS 0x0000000709200000, 0x0000000709200000| Untracked 
|  39|0x0000000709300000, 0x0000000709300000, 0x0000000709400000|  0%| F|  |TAMS 0x0000000709300000, 0x0000000709300000| Untracked 
|  40|0x0000000709400000, 0x0000000709400000, 0x0000000709500000|  0%| F|  |TAMS 0x0000000709400000, 0x0000000709400000| Untracked 
|  41|0x0000000709500000, 0x0000000709500000, 0x0000000709600000|  0%| F|  |TAMS 0x0000000709500000, 0x0000000709500000| Untracked 
|  42|0x0000000709600000, 0x0000000709600000, 0x0000000709700000|  0%| F|  |TAMS 0x0000000709600000, 0x0000000709600000| Untracked 
|  43|0x0000000709700000, 0x0000000709700000, 0x0000000709800000|  0%| F|  |TAMS 0x0000000709700000, 0x0000000709700000| Untracked 
|  44|0x0000000709800000, 0x0000000709800000, 0x0000000709900000|  0%| F|  |TAMS 0x0000000709800000, 0x0000000709800000| Untracked 
|  45|0x0000000709900000, 0x0000000709900000, 0x0000000709a00000|  0%| F|  |TAMS 0x0000000709900000, 0x0000000709900000| Untracked 
|  46|0x0000000709a00000, 0x0000000709a00000, 0x0000000709b00000|  0%| F|  |TAMS 0x0000000709a00000, 0x0000000709a00000| Untracked 
|  47|0x0000000709b00000, 0x0000000709b00000, 0x0000000709c00000|  0%| F|  |TAMS 0x0000000709b00000, 0x0000000709b00000| Untracked 
|  48|0x0000000709c00000, 0x0000000709c00000, 0x0000000709d00000|  0%| F|  |TAMS 0x0000000709c00000, 0x0000000709c00000| Untracked 
|  49|0x0000000709d00000, 0x0000000709d00000, 0x0000000709e00000|  0%| F|  |TAMS 0x0000000709d00000, 0x0000000709d00000| Untracked 
|  50|0x0000000709e00000, 0x0000000709e00000, 0x0000000709f00000|  0%| F|  |TAMS 0x0000000709e00000, 0x0000000709e00000| Untracked 
|  51|0x0000000709f00000, 0x0000000709f00000, 0x000000070a000000|  0%| F|  |TAMS 0x0000000709f00000, 0x0000000709f00000| Untracked 
|  52|0x000000070a000000, 0x000000070a000000, 0x000000070a100000|  0%| F|  |TAMS 0x000000070a000000, 0x000000070a000000| Untracked 
|  53|0x000000070a100000, 0x000000070a100000, 0x000000070a200000|  0%| F|  |TAMS 0x000000070a100000, 0x000000070a100000| Untracked 
|  54|0x000000070a200000, 0x000000070a200000, 0x000000070a300000|  0%| F|  |TAMS 0x000000070a200000, 0x000000070a200000| Untracked 
|  55|0x000000070a300000, 0x000000070a300000, 0x000000070a400000|  0%| F|  |TAMS 0x000000070a300000, 0x000000070a300000| Untracked 
|  56|0x000000070a400000, 0x000000070a400000, 0x000000070a500000|  0%| F|  |TAMS 0x000000070a400000, 0x000000070a400000| Untracked 
|  57|0x000000070a500000, 0x000000070a500000, 0x000000070a600000|  0%| F|  |TAMS 0x000000070a500000, 0x000000070a500000| Untracked 
|  58|0x000000070a600000, 0x000000070a600000, 0x000000070a700000|  0%| F|  |TAMS 0x000000070a600000, 0x000000070a600000| Untracked 
|  59|0x000000070a700000, 0x000000070a700000, 0x000000070a800000|  0%| F|  |TAMS 0x000000070a700000, 0x000000070a700000| Untracked 
|  60|0x000000070a800000, 0x000000070a800000, 0x000000070a900000|  0%| F|  |TAMS 0x000000070a800000, 0x000000070a800000| Untracked 
|  61|0x000000070a900000, 0x000000070a900000, 0x000000070aa00000|  0%| F|  |TAMS 0x000000070a900000, 0x000000070a900000| Untracked 
|  62|0x000000070aa00000, 0x000000070aa00000, 0x000000070ab00000|  0%| F|  |TAMS 0x000000070aa00000, 0x000000070aa00000| Untracked 
|  63|0x000000070ab00000, 0x000000070ab00000, 0x000000070ac00000|  0%| F|  |TAMS 0x000000070ab00000, 0x000000070ab00000| Untracked 
|  64|0x000000070ac00000, 0x000000070ac00000, 0x000000070ad00000|  0%| F|  |TAMS 0x000000070ac00000, 0x000000070ac00000| Untracked 
|  65|0x000000070ad00000, 0x000000070ad00000, 0x000000070ae00000|  0%| F|  |TAMS 0x000000070ad00000, 0x000000070ad00000| Untracked 
|  66|0x000000070ae00000, 0x000000070ae00000, 0x000000070af00000|  0%| F|  |TAMS 0x000000070ae00000, 0x000000070ae00000| Untracked 
|  67|0x000000070af00000, 0x000000070af00000, 0x000000070b000000|  0%| F|  |TAMS 0x000000070af00000, 0x000000070af00000| Untracked 
|  68|0x000000070b000000, 0x000000070b000000, 0x000000070b100000|  0%| F|  |TAMS 0x000000070b000000, 0x000000070b000000| Untracked 
|  69|0x000000070b100000, 0x000000070b100000, 0x000000070b200000|  0%| F|  |TAMS 0x000000070b100000, 0x000000070b100000| Untracked 
|  70|0x000000070b200000, 0x000000070b200000, 0x000000070b300000|  0%| F|  |TAMS 0x000000070b200000, 0x000000070b200000| Untracked 
|  71|0x000000070b300000, 0x000000070b300000, 0x000000070b400000|  0%| F|  |TAMS 0x000000070b300000, 0x000000070b300000| Untracked 
|  72|0x000000070b400000, 0x000000070b400000, 0x000000070b500000|  0%| F|  |TAMS 0x000000070b400000, 0x000000070b400000| Untracked 
|  73|0x000000070b500000, 0x000000070b500000, 0x000000070b600000|  0%| F|  |TAMS 0x000000070b500000, 0x000000070b500000| Untracked 
|  74|0x000000070b600000, 0x000000070b600000, 0x000000070b700000|  0%| F|  |TAMS 0x000000070b600000, 0x000000070b600000| Untracked 
|  75|0x000000070b700000, 0x000000070b700000, 0x000000070b800000|  0%| F|  |TAMS 0x000000070b700000, 0x000000070b700000| Untracked 
|  76|0x000000070b800000, 0x000000070b800000, 0x000000070b900000|  0%| F|  |TAMS 0x000000070b800000, 0x000000070b800000| Untracked 
|  77|0x000000070b900000, 0x000000070b900000, 0x000000070ba00000|  0%| F|  |TAMS 0x000000070b900000, 0x000000070b900000| Untracked 
|  78|0x000000070ba00000, 0x000000070ba00000, 0x000000070bb00000|  0%| F|  |TAMS 0x000000070ba00000, 0x000000070ba00000| Untracked 
|  79|0x000000070bb00000, 0x000000070bb00000, 0x000000070bc00000|  0%| F|  |TAMS 0x000000070bb00000, 0x000000070bb00000| Untracked 
|  80|0x000000070bc00000, 0x000000070bc00000, 0x000000070bd00000|  0%| F|  |TAMS 0x000000070bc00000, 0x000000070bc00000| Untracked 
|  81|0x000000070bd00000, 0x000000070bd00000, 0x000000070be00000|  0%| F|  |TAMS 0x000000070bd00000, 0x000000070bd00000| Untracked 
|  82|0x000000070be00000, 0x000000070be00000, 0x000000070bf00000|  0%| F|  |TAMS 0x000000070be00000, 0x000000070be00000| Untracked 
|  83|0x000000070bf00000, 0x000000070bf00000, 0x000000070c000000|  0%| F|  |TAMS 0x000000070bf00000, 0x000000070bf00000| Untracked 
|  84|0x000000070c000000, 0x000000070c000000, 0x000000070c100000|  0%| F|  |TAMS 0x000000070c000000, 0x000000070c000000| Untracked 
|  85|0x000000070c100000, 0x000000070c100000, 0x000000070c200000|  0%| F|  |TAMS 0x000000070c100000, 0x000000070c100000| Untracked 
|  86|0x000000070c200000, 0x000000070c200000, 0x000000070c300000|  0%| F|  |TAMS 0x000000070c200000, 0x000000070c200000| Untracked 
|  87|0x000000070c300000, 0x000000070c300000, 0x000000070c400000|  0%| F|  |TAMS 0x000000070c300000, 0x000000070c300000| Untracked 
|  88|0x000000070c400000, 0x000000070c400000, 0x000000070c500000|  0%| F|  |TAMS 0x000000070c400000, 0x000000070c400000| Untracked 
|  89|0x000000070c500000, 0x000000070c500000, 0x000000070c600000|  0%| F|  |TAMS 0x000000070c500000, 0x000000070c500000| Untracked 
|  90|0x000000070c600000, 0x000000070c600000, 0x000000070c700000|  0%| F|  |TAMS 0x000000070c600000, 0x000000070c600000| Untracked 
|  91|0x000000070c700000, 0x000000070c700000, 0x000000070c800000|  0%| F|  |TAMS 0x000000070c700000, 0x000000070c700000| Untracked 
|  92|0x000000070c800000, 0x000000070c800000, 0x000000070c900000|  0%| F|  |TAMS 0x000000070c800000, 0x000000070c800000| Untracked 
|  93|0x000000070c900000, 0x000000070c900000, 0x000000070ca00000|  0%| F|  |TAMS 0x000000070c900000, 0x000000070c900000| Untracked 
|  94|0x000000070ca00000, 0x000000070ca00000, 0x000000070cb00000|  0%| F|  |TAMS 0x000000070ca00000, 0x000000070ca00000| Untracked 
|  95|0x000000070cb00000, 0x000000070cb00000, 0x000000070cc00000|  0%| F|  |TAMS 0x000000070cb00000, 0x000000070cb00000| Untracked 
|  96|0x000000070cc00000, 0x000000070cc00000, 0x000000070cd00000|  0%| F|  |TAMS 0x000000070cc00000, 0x000000070cc00000| Untracked 
|  97|0x000000070cd00000, 0x000000070cd00000, 0x000000070ce00000|  0%| F|  |TAMS 0x000000070cd00000, 0x000000070cd00000| Untracked 
|  98|0x000000070ce00000, 0x000000070ce00000, 0x000000070cf00000|  0%| F|  |TAMS 0x000000070ce00000, 0x000000070ce00000| Untracked 
|  99|0x000000070cf00000, 0x000000070cf00000, 0x000000070d000000|  0%| F|  |TAMS 0x000000070cf00000, 0x000000070cf00000| Untracked 
| 100|0x000000070d000000, 0x000000070d000000, 0x000000070d100000|  0%| F|  |TAMS 0x000000070d000000, 0x000000070d000000| Untracked 
| 101|0x000000070d100000, 0x000000070d100000, 0x000000070d200000|  0%| F|  |TAMS 0x000000070d100000, 0x000000070d100000| Untracked 
| 102|0x000000070d200000, 0x000000070d200000, 0x000000070d300000|  0%| F|  |TAMS 0x000000070d200000, 0x000000070d200000| Untracked 
| 103|0x000000070d300000, 0x000000070d300000, 0x000000070d400000|  0%| F|  |TAMS 0x000000070d300000, 0x000000070d300000| Untracked 
| 104|0x000000070d400000, 0x000000070d400000, 0x000000070d500000|  0%| F|  |TAMS 0x000000070d400000, 0x000000070d400000| Untracked 
| 105|0x000000070d500000, 0x000000070d500000, 0x000000070d600000|  0%| F|  |TAMS 0x000000070d500000, 0x000000070d500000| Untracked 
| 106|0x000000070d600000, 0x000000070d600000, 0x000000070d700000|  0%| F|  |TAMS 0x000000070d600000, 0x000000070d600000| Untracked 
| 107|0x000000070d700000, 0x000000070d700000, 0x000000070d800000|  0%| F|  |TAMS 0x000000070d700000, 0x000000070d700000| Untracked 
| 108|0x000000070d800000, 0x000000070d800000, 0x000000070d900000|  0%| F|  |TAMS 0x000000070d800000, 0x000000070d800000| Untracked 
| 109|0x000000070d900000, 0x000000070d900000, 0x000000070da00000|  0%| F|  |TAMS 0x000000070d900000, 0x000000070d900000| Untracked 
| 110|0x000000070da00000, 0x000000070da80800, 0x000000070db00000| 50%| E|  |TAMS 0x000000070da00000, 0x000000070da00000| Complete 
| 111|0x000000070db00000, 0x000000070dc00000, 0x000000070dc00000|100%| E|CS|TAMS 0x000000070db00000, 0x000000070db00000| Complete 
| 112|0x000000070dc00000, 0x000000070dd00000, 0x000000070dd00000|100%| E|CS|TAMS 0x000000070dc00000, 0x000000070dc00000| Complete 
| 113|0x000000070dd00000, 0x000000070de00000, 0x000000070de00000|100%| E|CS|TAMS 0x000000070dd00000, 0x000000070dd00000| Complete 
| 114|0x000000070de00000, 0x000000070df00000, 0x000000070df00000|100%| E|CS|TAMS 0x000000070de00000, 0x000000070de00000| Complete 
| 115|0x000000070df00000, 0x000000070e000000, 0x000000070e000000|100%| E|CS|TAMS 0x000000070df00000, 0x000000070df00000| Complete 
| 116|0x000000070e000000, 0x000000070e100000, 0x000000070e100000|100%| E|CS|TAMS 0x000000070e000000, 0x000000070e000000| Complete 
| 117|0x000000070e100000, 0x000000070e200000, 0x000000070e200000|100%| E|CS|TAMS 0x000000070e100000, 0x000000070e100000| Complete 
| 118|0x000000070e200000, 0x000000070e300000, 0x000000070e300000|100%| E|CS|TAMS 0x000000070e200000, 0x000000070e200000| Complete 
| 119|0x000000070e300000, 0x000000070e400000, 0x000000070e400000|100%| E|CS|TAMS 0x000000070e300000, 0x000000070e300000| Complete 
| 120|0x000000070e400000, 0x000000070e500000, 0x000000070e500000|100%| E|CS|TAMS 0x000000070e400000, 0x000000070e400000| Complete 
| 121|0x000000070e500000, 0x000000070e600000, 0x000000070e600000|100%| E|CS|TAMS 0x000000070e500000, 0x000000070e500000| Complete 
| 122|0x000000070e600000, 0x000000070e700000, 0x000000070e700000|100%| E|CS|TAMS 0x000000070e600000, 0x000000070e600000| Complete 
| 123|0x000000070e700000, 0x000000070e800000, 0x000000070e800000|100%| E|CS|TAMS 0x000000070e700000, 0x000000070e700000| Complete 
| 124|0x000000070e800000, 0x000000070e900000, 0x000000070e900000|100%| E|CS|TAMS 0x000000070e800000, 0x000000070e800000| Complete 
| 125|0x000000070e900000, 0x000000070ea00000, 0x000000070ea00000|100%| E|CS|TAMS 0x000000070e900000, 0x000000070e900000| Complete 
| 126|0x000000070ea00000, 0x000000070eb00000, 0x000000070eb00000|100%| E|CS|TAMS 0x000000070ea00000, 0x000000070ea00000| Complete 
| 127|0x000000070eb00000, 0x000000070ec00000, 0x000000070ec00000|100%| E|CS|TAMS 0x000000070eb00000, 0x000000070eb00000| Complete 
| 128|0x000000070ec00000, 0x000000070ed00000, 0x000000070ed00000|100%| E|CS|TAMS 0x000000070ec00000, 0x000000070ec00000| Complete 
| 129|0x000000070ed00000, 0x000000070ee00000, 0x000000070ee00000|100%| E|CS|TAMS 0x000000070ed00000, 0x000000070ed00000| Complete 
| 130|0x000000070ee00000, 0x000000070ef00000, 0x000000070ef00000|100%| E|CS|TAMS 0x000000070ee00000, 0x000000070ee00000| Complete 
| 131|0x000000070ef00000, 0x000000070f000000, 0x000000070f000000|100%| E|CS|TAMS 0x000000070ef00000, 0x000000070ef00000| Complete 
| 132|0x000000070f000000, 0x000000070f100000, 0x000000070f100000|100%| E|CS|TAMS 0x000000070f000000, 0x000000070f000000| Complete 
| 133|0x000000070f100000, 0x000000070f200000, 0x000000070f200000|100%| E|CS|TAMS 0x000000070f100000, 0x000000070f100000| Complete 
| 134|0x000000070f200000, 0x000000070f300000, 0x000000070f300000|100%| E|CS|TAMS 0x000000070f200000, 0x000000070f200000| Complete 
| 135|0x000000070f300000, 0x000000070f400000, 0x000000070f400000|100%| E|CS|TAMS 0x000000070f300000, 0x000000070f300000| Complete 
| 136|0x000000070f400000, 0x000000070f500000, 0x000000070f500000|100%| E|CS|TAMS 0x000000070f400000, 0x000000070f400000| Complete 
| 137|0x000000070f500000, 0x000000070f600000, 0x000000070f600000|100%| E|CS|TAMS 0x000000070f500000, 0x000000070f500000| Complete 
| 138|0x000000070f600000, 0x000000070f700000, 0x000000070f700000|100%| E|CS|TAMS 0x000000070f600000, 0x000000070f600000| Complete 
| 139|0x000000070f700000, 0x000000070f800000, 0x000000070f800000|100%| E|CS|TAMS 0x000000070f700000, 0x000000070f700000| Complete 
| 140|0x000000070f800000, 0x000000070f900000, 0x000000070f900000|100%| E|CS|TAMS 0x000000070f800000, 0x000000070f800000| Complete 
| 141|0x000000070f900000, 0x000000070fa00000, 0x000000070fa00000|100%| E|CS|TAMS 0x000000070f900000, 0x000000070f900000| Complete 
| 142|0x000000070fa00000, 0x000000070fb00000, 0x000000070fb00000|100%| E|  |TAMS 0x000000070fa00000, 0x000000070fa00000| Complete 
| 143|0x000000070fb00000, 0x000000070fc00000, 0x000000070fc00000|100%| E|CS|TAMS 0x000000070fb00000, 0x000000070fb00000| Complete 
| 144|0x000000070fc00000, 0x000000070fd00000, 0x000000070fd00000|100%| E|CS|TAMS 0x000000070fc00000, 0x000000070fc00000| Complete 
| 145|0x000000070fd00000, 0x000000070fe00000, 0x000000070fe00000|100%| E|CS|TAMS 0x000000070fd00000, 0x000000070fd00000| Complete 
| 146|0x000000070fe00000, 0x000000070ff00000, 0x000000070ff00000|100%| E|CS|TAMS 0x000000070fe00000, 0x000000070fe00000| Complete 
| 147|0x000000070ff00000, 0x0000000710000000, 0x0000000710000000|100%| E|CS|TAMS 0x000000070ff00000, 0x000000070ff00000| Complete 
| 148|0x0000000710000000, 0x0000000710100000, 0x0000000710100000|100%| E|CS|TAMS 0x0000000710000000, 0x0000000710000000| Complete 
| 149|0x0000000710100000, 0x0000000710200000, 0x0000000710200000|100%| E|CS|TAMS 0x0000000710100000, 0x0000000710100000| Complete 
| 150|0x0000000710200000, 0x0000000710300000, 0x0000000710300000|100%| E|CS|TAMS 0x0000000710200000, 0x0000000710200000| Complete 
| 151|0x0000000710300000, 0x0000000710400000, 0x0000000710400000|100%| E|CS|TAMS 0x0000000710300000, 0x0000000710300000| Complete 
| 152|0x0000000710400000, 0x0000000710500000, 0x0000000710500000|100%| E|CS|TAMS 0x0000000710400000, 0x0000000710400000| Complete 
| 153|0x0000000710500000, 0x0000000710600000, 0x0000000710600000|100%| E|CS|TAMS 0x0000000710500000, 0x0000000710500000| Complete 
| 154|0x0000000710600000, 0x0000000710700000, 0x0000000710700000|100%| E|CS|TAMS 0x0000000710600000, 0x0000000710600000| Complete 
| 155|0x0000000710700000, 0x0000000710800000, 0x0000000710800000|100%| E|CS|TAMS 0x0000000710700000, 0x0000000710700000| Complete 
| 156|0x0000000710800000, 0x0000000710900000, 0x0000000710900000|100%| E|CS|TAMS 0x0000000710800000, 0x0000000710800000| Complete 
| 157|0x0000000710900000, 0x0000000710a00000, 0x0000000710a00000|100%| E|CS|TAMS 0x0000000710900000, 0x0000000710900000| Complete 
| 158|0x0000000710a00000, 0x0000000710b00000, 0x0000000710b00000|100%| E|CS|TAMS 0x0000000710a00000, 0x0000000710a00000| Complete 
| 159|0x0000000710b00000, 0x0000000710c00000, 0x0000000710c00000|100%| E|CS|TAMS 0x0000000710b00000, 0x0000000710b00000| Complete 
| 160|0x0000000710c00000, 0x0000000710d00000, 0x0000000710d00000|100%| E|CS|TAMS 0x0000000710c00000, 0x0000000710c00000| Complete 
| 161|0x0000000710d00000, 0x0000000710e00000, 0x0000000710e00000|100%| E|CS|TAMS 0x0000000710d00000, 0x0000000710d00000| Complete 
| 162|0x0000000710e00000, 0x0000000710f00000, 0x0000000710f00000|100%| E|CS|TAMS 0x0000000710e00000, 0x0000000710e00000| Complete 
| 163|0x0000000710f00000, 0x0000000711000000, 0x0000000711000000|100%| E|CS|TAMS 0x0000000710f00000, 0x0000000710f00000| Complete 
| 164|0x0000000711000000, 0x0000000711100000, 0x0000000711100000|100%| E|CS|TAMS 0x0000000711000000, 0x0000000711000000| Complete 
| 165|0x0000000711100000, 0x0000000711200000, 0x0000000711200000|100%| E|CS|TAMS 0x0000000711100000, 0x0000000711100000| Complete 
| 166|0x0000000711200000, 0x0000000711300000, 0x0000000711300000|100%| E|CS|TAMS 0x0000000711200000, 0x0000000711200000| Complete 
| 167|0x0000000711300000, 0x0000000711400000, 0x0000000711400000|100%| E|CS|TAMS 0x0000000711300000, 0x0000000711300000| Complete 
| 168|0x0000000711400000, 0x0000000711500000, 0x0000000711500000|100%| E|CS|TAMS 0x0000000711400000, 0x0000000711400000| Complete 
| 169|0x0000000711500000, 0x0000000711600000, 0x0000000711600000|100%| E|CS|TAMS 0x0000000711500000, 0x0000000711500000| Complete 
| 170|0x0000000711600000, 0x0000000711700000, 0x0000000711700000|100%| E|CS|TAMS 0x0000000711600000, 0x0000000711600000| Complete 
| 171|0x0000000711700000, 0x0000000711800000, 0x0000000711800000|100%| E|CS|TAMS 0x0000000711700000, 0x0000000711700000| Complete 
| 172|0x0000000711800000, 0x0000000711900000, 0x0000000711900000|100%| E|CS|TAMS 0x0000000711800000, 0x0000000711800000| Complete 
| 173|0x0000000711900000, 0x0000000711a00000, 0x0000000711a00000|100%| E|CS|TAMS 0x0000000711900000, 0x0000000711900000| Complete 
| 174|0x0000000711a00000, 0x0000000711b00000, 0x0000000711b00000|100%| E|CS|TAMS 0x0000000711a00000, 0x0000000711a00000| Complete 
| 175|0x0000000711b00000, 0x0000000711c00000, 0x0000000711c00000|100%| E|CS|TAMS 0x0000000711b00000, 0x0000000711b00000| Complete 
| 176|0x0000000711c00000, 0x0000000711d00000, 0x0000000711d00000|100%| E|CS|TAMS 0x0000000711c00000, 0x0000000711c00000| Complete 
| 177|0x0000000711d00000, 0x0000000711e00000, 0x0000000711e00000|100%| E|CS|TAMS 0x0000000711d00000, 0x0000000711d00000| Complete 
| 178|0x0000000711e00000, 0x0000000711f00000, 0x0000000711f00000|100%| E|CS|TAMS 0x0000000711e00000, 0x0000000711e00000| Complete 
| 179|0x0000000711f00000, 0x0000000712000000, 0x0000000712000000|100%| E|CS|TAMS 0x0000000711f00000, 0x0000000711f00000| Complete 
| 180|0x0000000712000000, 0x0000000712100000, 0x0000000712100000|100%| E|CS|TAMS 0x0000000712000000, 0x0000000712000000| Complete 
| 181|0x0000000712100000, 0x0000000712200000, 0x0000000712200000|100%| E|CS|TAMS 0x0000000712100000, 0x0000000712100000| Complete 
| 182|0x0000000712200000, 0x0000000712300000, 0x0000000712300000|100%| E|CS|TAMS 0x0000000712200000, 0x0000000712200000| Complete 
| 183|0x0000000712300000, 0x0000000712400000, 0x0000000712400000|100%| E|CS|TAMS 0x0000000712300000, 0x0000000712300000| Complete 
| 184|0x0000000712400000, 0x0000000712500000, 0x0000000712500000|100%| E|CS|TAMS 0x0000000712400000, 0x0000000712400000| Complete 
| 185|0x0000000712500000, 0x0000000712600000, 0x0000000712600000|100%| E|CS|TAMS 0x0000000712500000, 0x0000000712500000| Complete 
| 186|0x0000000712600000, 0x0000000712700000, 0x0000000712700000|100%| E|CS|TAMS 0x0000000712600000, 0x0000000712600000| Complete 
| 187|0x0000000712700000, 0x0000000712800000, 0x0000000712800000|100%| E|CS|TAMS 0x0000000712700000, 0x0000000712700000| Complete 
| 188|0x0000000712800000, 0x0000000712900000, 0x0000000712900000|100%| E|CS|TAMS 0x0000000712800000, 0x0000000712800000| Complete 
| 189|0x0000000712900000, 0x0000000712a00000, 0x0000000712a00000|100%| E|CS|TAMS 0x0000000712900000, 0x0000000712900000| Complete 
| 190|0x0000000712a00000, 0x0000000712b00000, 0x0000000712b00000|100%| E|CS|TAMS 0x0000000712a00000, 0x0000000712a00000| Complete 
| 191|0x0000000712b00000, 0x0000000712c00000, 0x0000000712c00000|100%| E|CS|TAMS 0x0000000712b00000, 0x0000000712b00000| Complete 
| 192|0x0000000712c00000, 0x0000000712d00000, 0x0000000712d00000|100%| E|CS|TAMS 0x0000000712c00000, 0x0000000712c00000| Complete 
| 193|0x0000000712d00000, 0x0000000712e00000, 0x0000000712e00000|100%| E|CS|TAMS 0x0000000712d00000, 0x0000000712d00000| Complete 
| 194|0x0000000712e00000, 0x0000000712f00000, 0x0000000712f00000|100%| E|CS|TAMS 0x0000000712e00000, 0x0000000712e00000| Complete 
| 195|0x0000000712f00000, 0x0000000713000000, 0x0000000713000000|100%| E|CS|TAMS 0x0000000712f00000, 0x0000000712f00000| Complete 
| 196|0x0000000713000000, 0x0000000713100000, 0x0000000713100000|100%| E|CS|TAMS 0x0000000713000000, 0x0000000713000000| Complete 
| 197|0x0000000713100000, 0x0000000713200000, 0x0000000713200000|100%| E|CS|TAMS 0x0000000713100000, 0x0000000713100000| Complete 
| 198|0x0000000713200000, 0x0000000713300000, 0x0000000713300000|100%| E|CS|TAMS 0x0000000713200000, 0x0000000713200000| Complete 
| 199|0x0000000713300000, 0x0000000713400000, 0x0000000713400000|100%| E|CS|TAMS 0x0000000713300000, 0x0000000713300000| Complete 
| 200|0x0000000713400000, 0x0000000713500000, 0x0000000713500000|100%| E|CS|TAMS 0x0000000713400000, 0x0000000713400000| Complete 
| 201|0x0000000713500000, 0x0000000713600000, 0x0000000713600000|100%| E|CS|TAMS 0x0000000713500000, 0x0000000713500000| Complete 
| 202|0x0000000713600000, 0x0000000713700000, 0x0000000713700000|100%| E|CS|TAMS 0x0000000713600000, 0x0000000713600000| Complete 
| 203|0x0000000713700000, 0x0000000713800000, 0x0000000713800000|100%| E|CS|TAMS 0x0000000713700000, 0x0000000713700000| Complete 
| 204|0x0000000713800000, 0x0000000713900000, 0x0000000713900000|100%| E|CS|TAMS 0x0000000713800000, 0x0000000713800000| Complete 
| 205|0x0000000713900000, 0x0000000713a00000, 0x0000000713a00000|100%| E|CS|TAMS 0x0000000713900000, 0x0000000713900000| Complete 
| 206|0x0000000713a00000, 0x0000000713b00000, 0x0000000713b00000|100%| E|CS|TAMS 0x0000000713a00000, 0x0000000713a00000| Complete 
| 207|0x0000000713b00000, 0x0000000713c00000, 0x0000000713c00000|100%| E|CS|TAMS 0x0000000713b00000, 0x0000000713b00000| Complete 
| 208|0x0000000713c00000, 0x0000000713d00000, 0x0000000713d00000|100%| E|CS|TAMS 0x0000000713c00000, 0x0000000713c00000| Complete 
| 209|0x0000000713d00000, 0x0000000713e00000, 0x0000000713e00000|100%| E|CS|TAMS 0x0000000713d00000, 0x0000000713d00000| Complete 
| 210|0x0000000713e00000, 0x0000000713f00000, 0x0000000713f00000|100%| E|CS|TAMS 0x0000000713e00000, 0x0000000713e00000| Complete 
| 211|0x0000000713f00000, 0x0000000714000000, 0x0000000714000000|100%| E|CS|TAMS 0x0000000713f00000, 0x0000000713f00000| Complete 
| 212|0x0000000714000000, 0x0000000714100000, 0x0000000714100000|100%| E|CS|TAMS 0x0000000714000000, 0x0000000714000000| Complete 
| 213|0x0000000714100000, 0x0000000714200000, 0x0000000714200000|100%| E|CS|TAMS 0x0000000714100000, 0x0000000714100000| Complete 
| 214|0x0000000714200000, 0x000000071427f5a8, 0x0000000714300000| 49%| S|CS|TAMS 0x0000000714200000, 0x0000000714200000| Complete 
| 215|0x0000000714300000, 0x0000000714400000, 0x0000000714400000|100%| S|CS|TAMS 0x0000000714300000, 0x0000000714300000| Complete 
| 216|0x0000000714400000, 0x0000000714500000, 0x0000000714500000|100%| E|CS|TAMS 0x0000000714400000, 0x0000000714400000| Complete 
| 217|0x0000000714500000, 0x0000000714600000, 0x0000000714600000|100%| E|CS|TAMS 0x0000000714500000, 0x0000000714500000| Complete 
| 218|0x0000000714600000, 0x0000000714700000, 0x0000000714700000|100%| E|CS|TAMS 0x0000000714600000, 0x0000000714600000| Complete 
| 219|0x0000000714700000, 0x0000000714800000, 0x0000000714800000|100%| E|CS|TAMS 0x0000000714700000, 0x0000000714700000| Complete 
| 220|0x0000000714800000, 0x0000000714900000, 0x0000000714900000|100%| E|CS|TAMS 0x0000000714800000, 0x0000000714800000| Complete 
| 221|0x0000000714900000, 0x0000000714a00000, 0x0000000714a00000|100%| E|CS|TAMS 0x0000000714900000, 0x0000000714900000| Complete 
| 222|0x0000000714a00000, 0x0000000714b00000, 0x0000000714b00000|100%| E|CS|TAMS 0x0000000714a00000, 0x0000000714a00000| Complete 
| 223|0x0000000714b00000, 0x0000000714c00000, 0x0000000714c00000|100%| E|CS|TAMS 0x0000000714b00000, 0x0000000714b00000| Complete 
| 224|0x0000000714c00000, 0x0000000714d00000, 0x0000000714d00000|100%| E|CS|TAMS 0x0000000714c00000, 0x0000000714c00000| Complete 
| 225|0x0000000714d00000, 0x0000000714e00000, 0x0000000714e00000|100%| E|CS|TAMS 0x0000000714d00000, 0x0000000714d00000| Complete 
| 226|0x0000000714e00000, 0x0000000714f00000, 0x0000000714f00000|100%| E|CS|TAMS 0x0000000714e00000, 0x0000000714e00000| Complete 
| 227|0x0000000714f00000, 0x0000000715000000, 0x0000000715000000|100%| E|CS|TAMS 0x0000000714f00000, 0x0000000714f00000| Complete 
| 228|0x0000000715000000, 0x0000000715100000, 0x0000000715100000|100%| E|CS|TAMS 0x0000000715000000, 0x0000000715000000| Complete 
| 229|0x0000000715100000, 0x0000000715200000, 0x0000000715200000|100%| E|CS|TAMS 0x0000000715100000, 0x0000000715100000| Complete 
| 230|0x0000000715200000, 0x0000000715300000, 0x0000000715300000|100%| E|CS|TAMS 0x0000000715200000, 0x0000000715200000| Complete 
| 231|0x0000000715300000, 0x0000000715400000, 0x0000000715400000|100%| E|CS|TAMS 0x0000000715300000, 0x0000000715300000| Complete 
| 232|0x0000000715400000, 0x0000000715500000, 0x0000000715500000|100%| E|CS|TAMS 0x0000000715400000, 0x0000000715400000| Complete 
| 233|0x0000000715500000, 0x0000000715600000, 0x0000000715600000|100%| E|CS|TAMS 0x0000000715500000, 0x0000000715500000| Complete 
| 234|0x0000000715600000, 0x0000000715700000, 0x0000000715700000|100%| E|CS|TAMS 0x0000000715600000, 0x0000000715600000| Complete 
| 235|0x0000000715700000, 0x0000000715800000, 0x0000000715800000|100%| E|CS|TAMS 0x0000000715700000, 0x0000000715700000| Complete 
| 236|0x0000000715800000, 0x0000000715900000, 0x0000000715900000|100%| E|CS|TAMS 0x0000000715800000, 0x0000000715800000| Complete 
| 237|0x0000000715900000, 0x0000000715a00000, 0x0000000715a00000|100%| E|CS|TAMS 0x0000000715900000, 0x0000000715900000| Complete 
| 238|0x0000000715a00000, 0x0000000715b00000, 0x0000000715b00000|100%| E|CS|TAMS 0x0000000715a00000, 0x0000000715a00000| Complete 
| 239|0x0000000715b00000, 0x0000000715c00000, 0x0000000715c00000|100%| E|CS|TAMS 0x0000000715b00000, 0x0000000715b00000| Complete 
| 240|0x0000000715c00000, 0x0000000715d00000, 0x0000000715d00000|100%| E|CS|TAMS 0x0000000715c00000, 0x0000000715c00000| Complete 
| 241|0x0000000715d00000, 0x0000000715e00000, 0x0000000715e00000|100%| E|CS|TAMS 0x0000000715d00000, 0x0000000715d00000| Complete 
| 242|0x0000000715e00000, 0x0000000715f00000, 0x0000000715f00000|100%| E|CS|TAMS 0x0000000715e00000, 0x0000000715e00000| Complete 
| 243|0x0000000715f00000, 0x0000000716000000, 0x0000000716000000|100%| E|CS|TAMS 0x0000000715f00000, 0x0000000715f00000| Complete 
| 244|0x0000000716000000, 0x0000000716100000, 0x0000000716100000|100%| E|CS|TAMS 0x0000000716000000, 0x0000000716000000| Complete 
| 245|0x0000000716100000, 0x0000000716200000, 0x0000000716200000|100%| E|CS|TAMS 0x0000000716100000, 0x0000000716100000| Complete 
| 246|0x0000000716200000, 0x0000000716300000, 0x0000000716300000|100%| E|CS|TAMS 0x0000000716200000, 0x0000000716200000| Complete 
| 247|0x0000000716300000, 0x0000000716400000, 0x0000000716400000|100%| E|CS|TAMS 0x0000000716300000, 0x0000000716300000| Complete 
| 248|0x0000000716400000, 0x0000000716500000, 0x0000000716500000|100%| E|CS|TAMS 0x0000000716400000, 0x0000000716400000| Complete 
| 249|0x0000000716500000, 0x0000000716600000, 0x0000000716600000|100%| E|CS|TAMS 0x0000000716500000, 0x0000000716500000| Complete 
|2962|0x00000007bfe00000, 0x00000007bfe47000, 0x00000007bff00000| 27%|OA|  |TAMS 0x00000007bfe00000, 0x00000007bfe00000| Untracked 
|2963|0x00000007bff00000, 0x00000007bff6b000, 0x00000007c0000000| 41%|CA|  |TAMS 0x00000007bff00000, 0x00000007bff00000| Untracked 

Card table byte_map: [0x00007fcd7986b000,0x00007fcd7a035000] _byte_map_base: 0x00007fcd76035000

Marking Bits (Prev, Next): (CMBitMap*) 0x00007fcd7407ed88, (CMBitMap*) 0x00007fcd7407edc0
 Prev Bits: [0x00007fcd541b0000, 0x00007fcd58000000)
 Next Bits: [0x00007fcd50360000, 0x00007fcd541b0000)

Polling page: 0x00007fcd7c889000

Metaspace:

Usage:
  Non-class:     16.54 MB capacity,    16.14 MB ( 98%) used,   336.23 KB (  2%) free+waste,    76.56 KB ( <1%) overhead. 
      Class:      2.84 MB capacity,     2.53 MB ( 89%) used,   273.45 KB (  9%) free+waste,    40.62 KB (  1%) overhead. 
       Both:     19.39 MB capacity,    18.68 MB ( 96%) used,   609.68 KB (  3%) free+waste,   117.19 KB ( <1%) overhead. 

Virtual space:
  Non-class space:       18.00 MB reserved,      16.75 MB ( 93%) committed 
      Class space:        1.00 GB reserved,       2.88 MB ( <1%) committed 
             Both:        1.02 GB reserved,      19.62 MB (  2%) committed 

Chunk freelists:
   Non-Class:  22.00 KB
       Class:  3.00 KB
        Both:  25.00 KB

MaxMetaspaceSize: unlimited
CompressedClassSpaceSize: 1.00 GB

CodeHeap 'non-profiled nmethods': size=238948Kb used=3558Kb max_used=3558Kb free=235389Kb
 bounds [0x00007fcd5cf40000, 0x00007fcd5d2c0000, 0x00007fcd6b899000]
CodeHeap 'non-nmethods': size=6812Kb used=1146Kb max_used=1146Kb free=5665Kb
 bounds [0x00007fcd5c899000, 0x00007fcd5cb09000, 0x00007fcd5cf40000]
 total_blobs=2921 nmethods=2439 adapters=408
 compilation: enabled
              stopped_count=0, restarted_count=0
 full_count=0

Compilation events (20 events):
Event: 1.174 Thread 0x00007fcd74231000 nmethod 2430 0x00007fcd5d2b5d10 code [0x00007fcd5d2b5ee0, 0x00007fcd5d2b6210]
Event: 1.174 Thread 0x00007fcd74231000 2431       1       java.util.stream.ReferencePipeline$3::<init> (20 bytes)
Event: 1.174 Thread 0x00007fcd74231000 nmethod 2431 0x00007fcd5d2b6390 code [0x00007fcd5d2b6540, 0x00007fcd5d2b6700]
Event: 1.174 Thread 0x00007fcd74231000 2432       1       java.util.stream.ReferencePipeline$3::opWrapSink (10 bytes)
Event: 1.174 Thread 0x00007fcd74231000 nmethod 2432 0x00007fcd5d2b6810 code [0x00007fcd5d2b69e0, 0x00007fcd5d2b6d20]
Event: 1.174 Thread 0x00007fcd74231000 2437       1       jdk.internal.reflect.Reflection::isSubclassOf (21 bytes)
Event: 1.174 Thread 0x00007fcd74231000 nmethod 2437 0x00007fcd5d2b6e90 code [0x00007fcd5d2b7040, 0x00007fcd5d2b7140]
Event: 1.174 Thread 0x00007fcd74231000 2435       1       java.lang.reflect.Constructor::acquireConstructorAccessor (44 bytes)
Event: 1.174 Thread 0x00007fcd74231000 nmethod 2435 0x00007fcd5d2b7210 code [0x00007fcd5d2b73e0, 0x00007fcd5d2b76d0]
Event: 1.174 Thread 0x00007fcd74231000 2436       1       jdk.internal.reflect.ReflectionFactory::newConstructorAccessor (154 bytes)
Event: 1.175 Thread 0x00007fcd74231000 nmethod 2436 0x00007fcd5d2b7810 code [0x00007fcd5d2b7aa0, 0x00007fcd5d2b8430]
Event: 1.175 Thread 0x00007fcd74231000 2438       1       org.springframework.core.type.classreading.SimpleAnnotationMetadata::getAnnotationTypes (24 bytes)
Event: 1.175 Thread 0x00007fcd74231000 nmethod 2438 0x00007fcd5d2b8890 code [0x00007fcd5d2b8a60, 0x00007fcd5d2b8d70]
Event: 1.175 Thread 0x00007fcd74231000 2434       1       java.util.stream.Sink$ChainedReference::begin (11 bytes)
Event: 1.175 Thread 0x00007fcd74231000 nmethod 2434 0x00007fcd5d2b8e90 code [0x00007fcd5d2b9040, 0x00007fcd5d2b9140]
Event: 1.175 Thread 0x00007fcd74231000 2433       1       java.util.stream.ReferencePipeline$3$1::<init> (11 bytes)
Event: 1.175 Thread 0x00007fcd74231000 nmethod 2433 0x00007fcd5d2b9210 code [0x00007fcd5d2b93e0, 0x00007fcd5d2b96a0]
Event: 1.175 Thread 0x00007fcd74231000 2440       1       org.springframework.beans.factory.support.DefaultSingletonBeanRegistry::getSingleton (7 bytes)
Event: 1.175 Thread 0x00007fcd74231000 nmethod 2440 0x00007fcd5d2b9790 code [0x00007fcd5d2b9940, 0x00007fcd5d2b9a40]
Event: 1.175 Thread 0x00007fcd74231000 2441   !   1       org.springframework.beans.factory.support.AbstractBeanFactory::doGetBean (874 bytes)

GC Heap History (8 events):
Event: 0.376 GC heap before
{Heap before GC invocations=0 (full 0):
 garbage-first heap   total 258048K, used 16072K [0x0000000706c00000, 0x0000000800000000)
  region size 1024K, 14 young (14336K), 0 survivors (0K)
 Metaspace       used 5368K, capacity 5656K, committed 5888K, reserved 1056768K
  class space    used 660K, capacity 767K, committed 768K, reserved 1048576K
}
Event: 0.400 GC heap after
{Heap after GC invocations=1 (full 0):
 garbage-first heap   total 258048K, used 7352K [0x0000000706c00000, 0x0000000800000000)
  region size 1024K, 2 young (2048K), 2 survivors (2048K)
 Metaspace       used 5368K, capacity 5656K, committed 5888K, reserved 1056768K
  class space    used 660K, capacity 767K, committed 768K, reserved 1048576K
}
Event: 0.500 GC heap before
{Heap before GC invocations=1 (full 0):
 garbage-first heap   total 258048K, used 18616K [0x0000000706c00000, 0x0000000800000000)
  region size 1024K, 13 young (13312K), 2 survivors (2048K)
 Metaspace       used 6868K, capacity 7174K, committed 7424K, reserved 1056768K
  class space    used 839K, capacity 994K, committed 1024K, reserved 1048576K
}
Event: 0.505 GC heap after
{Heap after GC invocations=2 (full 0):
 garbage-first heap   total 258048K, used 8386K [0x0000000706c00000, 0x0000000800000000)
  region size 1024K, 1 young (1024K), 1 survivors (1024K)
 Metaspace       used 6868K, capacity 7174K, committed 7424K, reserved 1056768K
  class space    used 839K, capacity 994K, committed 1024K, reserved 1048576K
}
Event: 0.510 GC heap before
{Heap before GC invocations=2 (full 0):
 garbage-first heap   total 258048K, used 28866K [0x0000000706c00000, 0x0000000800000000)
  region size 1024K, 22 young (22528K), 1 survivors (1024K)
 Metaspace       used 6869K, capacity 7174K, committed 7424K, reserved 1056768K
  class space    used 839K, capacity 994K, committed 1024K, reserved 1048576K
}
Event: 0.512 GC heap after
{Heap after GC invocations=3 (full 0):
 garbage-first heap   total 258048K, used 8386K [0x0000000706c00000, 0x0000000800000000)
  region size 1024K, 1 young (1024K), 1 survivors (1024K)
 Metaspace       used 6869K, capacity 7174K, committed 7424K, reserved 1056768K
  class space    used 839K, capacity 994K, committed 1024K, reserved 1048576K
}
Event: 0.647 GC heap before
{Heap before GC invocations=3 (full 0):
 garbage-first heap   total 258048K, used 41154K [0x0000000706c00000, 0x0000000800000000)
  region size 1024K, 34 young (34816K), 1 survivors (1024K)
 Metaspace       used 8766K, capacity 9252K, committed 9344K, reserved 1056768K
  class space    used 1139K, capacity 1335K, committed 1408K, reserved 1048576K
}
Event: 0.651 GC heap after
{Heap after GC invocations=4 (full 0):
 garbage-first heap   total 258048K, used 9036K [0x0000000706c00000, 0x0000000800000000)
  region size 1024K, 2 young (2048K), 2 survivors (2048K)
 Metaspace       used 8766K, capacity 9252K, committed 9344K, reserved 1056768K
  class space    used 1139K, capacity 1335K, committed 1408K, reserved 1048576K
}

Deoptimization events (0 events):
No events

Classes redefined (0 events):
No events

Internal exceptions (20 events):
Event: 0.888 Thread 0x00007fccf8003000 Exception <a 'java/lang/ClassNotFoundException'{0x0000000713873d38}: org/springframework/core/OrderedCustomizer> (0x0000000713873d38) thrown at [src/hotspot/share/classfile/systemDictionary.cpp, line 231]
Event: 0.889 Thread 0x00007fccf8003000 Exception <a 'java/lang/ClassNotFoundException'{0x0000000713704720}: org/springframework/context/ResourceLoaderAwareCustomizer> (0x0000000713704720) thrown at [src/hotspot/share/classfile/systemDictionary.cpp, line 231]
Event: 0.889 Thread 0x00007fccf8003000 Exception <a 'java/lang/ClassNotFoundException'{0x00000007137146a0}: org/springframework/beans/factory/AwareCustomizer> (0x00000007137146a0) thrown at [src/hotspot/share/classfile/systemDictionary.cpp, line 231]
Event: 0.889 Thread 0x00007fccf8003000 Exception <a 'java/lang/ClassNotFoundException'{0x0000000713725400}: org/springframework/beans/factory/BeanClassLoaderAwareCustomizer> (0x0000000713725400) thrown at [src/hotspot/share/classfile/systemDictionary.cpp, line 231]
Event: 0.889 Thread 0x00007fccf8003000 Exception <a 'java/lang/ClassNotFoundException'{0x0000000713735398}: org/springframework/beans/factory/AwareCustomizer> (0x0000000713735398) thrown at [src/hotspot/share/classfile/systemDictionary.cpp, line 231]
Event: 0.890 Thread 0x00007fccf8003000 Exception <a 'java/lang/ClassNotFoundException'{0x000000071374a1f0}: org/springframework/context/EnvironmentAwareCustomizer> (0x000000071374a1f0) thrown at [src/hotspot/share/classfile/systemDictionary.cpp, line 231]
Event: 0.890 Thread 0x00007fccf8003000 Exception <a 'java/lang/ClassNotFoundException'{0x000000071375a0d8}: org/springframework/beans/factory/AwareCustomizer> (0x000000071375a0d8) thrown at [src/hotspot/share/classfile/systemDictionary.cpp, line 231]
Event: 0.952 Thread 0x00007fccfc0dd800 Exception <a 'java/lang/NoSuchMethodError'{0x0000000712b8fe58}: 'java.lang.Object java.lang.invoke.DirectMethodHandle$Holder.invokeStaticInit(java.lang.Object, java.lang.Object, java.lang.Object, java.lang.Object, java.lang.Object)'> (0x0000000712b8fe58) thrown at [src/hotspot/share/interpreter/linkResolver.cpp, line 772]
Event: 0.960 Thread 0x00007fccfc0dd800 Exception <a 'java/lang/NoSuchMethodError'{0x0000000712bfb6a8}: 'java.lang.Object java.lang.invoke.DirectMethodHandle$Holder.invokeSpecial(java.lang.Object, java.lang.Object, int, int, java.lang.Object, java.lang.Object, java.lang.Object)'> (0x0000000712bfb6a8) thrown at [src/hotspot/share/interpreter/linkResolver.cpp, line 772]
Event: 0.960 Thread 0x00007fccfc0dd800 Exception <a 'java/lang/NoSuchMethodError'{0x0000000712bfec38}: 'java.lang.Object java.lang.invoke.DelegatingMethodHandle$Holder.reinvoke_L(java.lang.Object, int, int, java.lang.Object, java.lang.Object, java.lang.Object)'> (0x0000000712bfec38) thrown at [src/hotspot/share/interpreter/linkResolver.cpp, line 772]
Event: 0.960 Thread 0x00007fccfc0dd800 Exception <a 'java/lang/NoSuchMethodError'{0x0000000712903008}: 'java.lang.Object java.lang.invoke.DirectMethodHandle$Holder.invokeStatic(java.lang.Object, java.lang.Object, java.lang.Object, java.lang.Object, int)'> (0x0000000712903008) thrown at [src/hotspot/share/interpreter/linkResolver.cpp, line 772]
Event: 0.992 Thread 0x00007fccf8003000 Exception <a 'java/lang/NoSuchMethodError'{0x000000071200af58}: 'int java.lang.invoke.DirectMethodHandle$Holder.invokeSpecialIFC(java.lang.Object, java.lang.Object, java.lang.Object, java.lang.Object)'> (0x000000071200af58) thrown at [src/hotspot/share/interpreter/linkResolver.cpp, line 772]
Event: 1.022 Thread 0x00007fccfc0dd800 Exception <a 'java/lang/NoSuchMethodError'{0x00000007119ee640}: 'long java.lang.invoke.DirectMethodHandle$Holder.invokeSpecial(java.lang.Object, java.lang.Object)'> (0x00000007119ee640) thrown at [src/hotspot/share/interpreter/linkResolver.cpp, line 772]
Event: 1.023 Thread 0x00007fccfc0dd800 Exception <a 'java/lang/NoSuchMethodError'{0x0000000711732860}: 'long java.lang.invoke.DirectMethodHandle$Holder.invokeStatic(java.lang.Object, java.lang.Object)'> (0x0000000711732860) thrown at [src/hotspot/share/interpreter/linkResolver.cpp, line 772]
Event: 1.024 Thread 0x00007fccfc0dd800 Exception <a 'java/lang/NoSuchMethodError'{0x0000000711735688}: 'long java.lang.invoke.DirectMethodHandle$Holder.invokeStaticInit(java.lang.Object, java.lang.Object)'> (0x0000000711735688) thrown at [src/hotspot/share/interpreter/linkResolver.cpp, line 772]
Event: 1.025 Thread 0x00007fccfc0dd800 Exception <a 'java/lang/NoSuchMethodError'{0x000000071176cef8}: 'long java.lang.invoke.DirectMethodHandle$Holder.invokeInterface(java.lang.Object, java.lang.Object)'> (0x000000071176cef8) thrown at [src/hotspot/share/interpreter/linkResolver.cpp, line 772]
Event: 1.025 Thread 0x00007fccfc0dd800 Exception <a 'java/lang/IncompatibleClassChangeError'{0x000000071176fc90}: Found class java.lang.Object, but interface was expected> (0x000000071176fc90) thrown at [src/hotspot/share/interpreter/linkResolver.cpp, line 839]
Event: 1.033 Thread 0x00007fccfc0dd800 Exception <a 'java/lang/NoSuchMethodError'{0x00000007116e6a70}: 'java.lang.Object java.lang.invoke.DirectMethodHandle$Holder.invokeVirtual(java.lang.Object, java.lang.Object, java.lang.Object, java.lang.Object)'> (0x00000007116e6a70) thrown at [src/hotspot/share/interpreter/linkResolver.cpp, line 772]
Event: 1.075 Thread 0x00007fccf8003000 Exception <a 'java/lang/IncompatibleClassChangeError'{0x000000070ecc3b70}: Found class java.lang.Object, but interface was expected> (0x000000070ecc3b70) thrown at [src/hotspot/share/interpreter/linkResolver.cpp, line 839]
Event: 1.093 Thread 0x00007fccf8003000 Exception <a 'java/lang/NoSuchMethodError'{0x000000070e90aad0}: 'void java.lang.invoke.DirectMethodHandle$Holder.invokeInterface(java.lang.Object, java.lang.Object, java.lang.Object, java.lang.Object)'> (0x000000070e90aad0) thrown at [src/hotspot/share/interpreter/linkResolver.cpp, line 772]

Events (20 events):
Event: 1.165 loading class com/zaxxer/hikari/HikariDataSource
Event: 1.165 loading class com/zaxxer/hikari/HikariDataSource done
Event: 1.166 loading class com/zaxxer/hikari/HikariConfig
Event: 1.166 loading class com/zaxxer/hikari/HikariConfig done
Event: 1.166 loading class com/zaxxer/hikari/HikariConfigMXBean
Event: 1.166 loading class com/zaxxer/hikari/HikariConfigMXBean done
Event: 1.169 loading class org/apache/tomcat/jdbc/pool/DataSource
Event: 1.169 loading class org/apache/tomcat/jdbc/pool/DataSource done
Event: 1.170 loading class org/apache/commons/dbcp2/BasicDataSource
Event: 1.170 loading class org/apache/commons/dbcp2/BasicDataSource done
Event: 1.172 loading class javax/annotation/PostConstruct
Event: 1.172 loading class javax/annotation/PostConstruct done
Event: 1.172 loading class org/apache/tomcat/jdbc/pool/DataSourceProxy
Event: 1.172 loading class org/apache/tomcat/jdbc/pool/DataSourceProxy done
Event: 1.173 loading class org/springframework/boot/autoconfigure/jdbc/DataSourceAutoConfiguration$EmbeddedDatabaseCondition
Event: 1.173 loading class org/springframework/boot/autoconfigure/jdbc/DataSourceAutoConfiguration$EmbeddedDatabaseCondition done
Event: 1.176 loading class org/apache/commons/dbcp2/BasicDataSource
Event: 1.176 loading class org/apache/commons/dbcp2/BasicDataSource done
Event: 1.177 loading class org/apache/tomcat/jdbc/pool/DataSource
Event: 1.177 loading class org/apache/tomcat/jdbc/pool/DataSource done


Dynamic libraries:
706c00000-716600000 rw-p 00000000 00:00 0 
716600000-7bfe00000 ---p 00000000 00:00 0 
7bfe00000-7bfe47000 rw-p 01111000 08:01 2361202                          /usr/lib/jvm/java-11-openjdk-amd64/lib/server/classes.jsa
7bfe47000-7bff00000 rw-p 00000000 00:00 0 
7bff00000-7bff6b000 rw-p 010a6000 08:01 2361202                          /usr/lib/jvm/java-11-openjdk-amd64/lib/server/classes.jsa
7bff6b000-7c0000000 rw-p 00000000 00:00 0 
7c0000000-800000000 ---p 00000000 00:00 0 
800000000-800002000 rwxp 00001000 08:01 2361202                          /usr/lib/jvm/java-11-openjdk-amd64/lib/server/classes.jsa
800002000-8003b9000 rw-p 00003000 08:01 2361202                          /usr/lib/jvm/java-11-openjdk-amd64/lib/server/classes.jsa
8003b9000-800a96000 r--p 003ba000 08:01 2361202                          /usr/lib/jvm/java-11-openjdk-amd64/lib/server/classes.jsa
800a96000-800a97000 rw-p 00a97000 08:01 2361202                          /usr/lib/jvm/java-11-openjdk-amd64/lib/server/classes.jsa
800a97000-8010a5000 r--p 00a98000 08:01 2361202                          /usr/lib/jvm/java-11-openjdk-amd64/lib/server/classes.jsa
840000000-8402e0000 rw-p 00000000 00:00 0 
8402e0000-880000000 ---p 00000000 00:00 0 
55639b190000-55639b191000 r--p 00000000 08:01 2361089                    /usr/lib/jvm/java-11-openjdk-amd64/bin/java
55639b191000-55639b192000 r-xp 00001000 08:01 2361089                    /usr/lib/jvm/java-11-openjdk-amd64/bin/java
55639b192000-55639b193000 r--p 00002000 08:01 2361089                    /usr/lib/jvm/java-11-openjdk-amd64/bin/java
55639b193000-55639b194000 r--p 00002000 08:01 2361089                    /usr/lib/jvm/java-11-openjdk-amd64/bin/java
55639b194000-55639b195000 rw-p 00003000 08:01 2361089                    /usr/lib/jvm/java-11-openjdk-amd64/bin/java
55639d10f000-55639d130000 rw-p 00000000 00:00 0                          [heap]
7fccec000000-7fccec03c000 rw-p 00000000 00:00 0 
7fccec03c000-7fccf0000000 ---p 00000000 00:00 0 
7fccf0000000-7fccf0278000 rw-p 00000000 00:00 0 
7fccf0278000-7fccf4000000 ---p 00000000 00:00 0 
7fccf7cff000-7fccf7dbf000 rw-p 00000000 00:00 0 
7fccf7dbf000-7fccf7eff000 ---p 00000000 00:00 0 
7fccf7eff000-7fccf7f03000 ---p 00000000 00:00 0 
7fccf7f03000-7fccf8000000 rw-p 00000000 00:00 0 
7fccf8000000-7fccf8021000 rw-p 00000000 00:00 0 
7fccf8021000-7fccfc000000 ---p 00000000 00:00 0 
7fccfc000000-7fccfc37e000 rw-p 00000000 00:00 0 
7fccfc37e000-7fcd00000000 ---p 00000000 00:00 0 
7fcd00000000-7fcd00021000 rw-p 00000000 00:00 0 
7fcd00021000-7fcd04000000 ---p 00000000 00:00 0 
7fcd04000000-7fcd04021000 rw-p 00000000 00:00 0 
7fcd04021000-7fcd08000000 ---p 00000000 00:00 0 
7fcd08000000-7fcd08021000 rw-p 00000000 00:00 0 
7fcd08021000-7fcd0c000000 ---p 00000000 00:00 0 
7fcd0c000000-7fcd0c021000 rw-p 00000000 00:00 0 
7fcd0c021000-7fcd10000000 ---p 00000000 00:00 0 
7fcd10000000-7fcd10021000 rw-p 00000000 00:00 0 
7fcd10021000-7fcd14000000 ---p 00000000 00:00 0 
7fcd14000000-7fcd14021000 rw-p 00000000 00:00 0 
7fcd14021000-7fcd18000000 ---p 00000000 00:00 0 
7fcd18000000-7fcd18021000 rw-p 00000000 00:00 0 
7fcd18021000-7fcd1c000000 ---p 00000000 00:00 0 
7fcd1c000000-7fcd1c021000 rw-p 00000000 00:00 0 
7fcd1c021000-7fcd20000000 ---p 00000000 00:00 0 
7fcd20000000-7fcd20021000 rw-p 00000000 00:00 0 
7fcd20021000-7fcd24000000 ---p 00000000 00:00 0 
7fcd24000000-7fcd24021000 rw-p 00000000 00:00 0 
7fcd24021000-7fcd28000000 ---p 00000000 00:00 0 
7fcd28000000-7fcd28021000 rw-p 00000000 00:00 0 
7fcd28021000-7fcd2c000000 ---p 00000000 00:00 0 
7fcd2c000000-7fcd2c2fe000 rw-p 00000000 00:00 0 
7fcd2c2fe000-7fcd30000000 ---p 00000000 00:00 0 
7fcd30000000-7fcd30021000 rw-p 00000000 00:00 0 
7fcd30021000-7fcd34000000 ---p 00000000 00:00 0 
7fcd34000000-7fcd34021000 rw-p 00000000 00:00 0 
7fcd34021000-7fcd38000000 ---p 00000000 00:00 0 
7fcd38000000-7fcd38021000 rw-p 00000000 00:00 0 
7fcd38021000-7fcd3c000000 ---p 00000000 00:00 0 
7fcd3c000000-7fcd3c021000 rw-p 00000000 00:00 0 
7fcd3c021000-7fcd40000000 ---p 00000000 00:00 0 
7fcd40000000-7fcd40021000 rw-p 00000000 00:00 0 
7fcd40021000-7fcd44000000 ---p 00000000 00:00 0 
7fcd44000000-7fcd44021000 rw-p 00000000 00:00 0 
7fcd44021000-7fcd48000000 ---p 00000000 00:00 0 
7fcd480f9000-7fcd482f9000 rw-p 00000000 00:00 0 
7fcd482f9000-7fcd484f9000 rw-p 00000000 00:00 0 
7fcd484f9000-7fcd486f9000 rw-p 00000000 00:00 0 
7fcd486f9000-7fcd486fd000 ---p 00000000 00:00 0 
7fcd486fd000-7fcd489fa000 rw-p 00000000 00:00 0 
7fcd489fa000-7fcd489fe000 ---p 00000000 00:00 0 
7fcd489fe000-7fcd48afb000 rw-p 00000000 00:00 0 
7fcd48afb000-7fcd48aff000 ---p 00000000 00:00 0 
7fcd48aff000-7fcd48bfc000 rw-p 00000000 00:00 0 
7fcd48bfc000-7fcd48bfd000 ---p 00000000 00:00 0 
7fcd48bfd000-7fcd48cfe000 rw-p 00000000 00:00 0 
7fcd48cfe000-7fcd48cff000 ---p 00000000 00:00 0 
7fcd48cff000-7fcd48e00000 rw-p 00000000 00:00 0 
7fcd48e00000-7fcd48e01000 ---p 00000000 00:00 0 
7fcd48e01000-7fcd48f02000 rw-p 00000000 00:00 0 
7fcd48f02000-7fcd48f03000 ---p 00000000 00:00 0 
7fcd48f03000-7fcd49004000 rw-p 00000000 00:00 0 
7fcd49004000-7fcd49005000 ---p 00000000 00:00 0 
7fcd49005000-7fcd49106000 rw-p 00000000 00:00 0 
7fcd49106000-7fcd4a000000 r--p 00000000 08:01 2490836                    /usr/lib/locale/locale-archive
7fcd4a000000-7fcd4c000000 rw-p 00000000 00:00 0 
7fcd4c000000-7fcd4c021000 rw-p 00000000 00:00 0 
7fcd4c021000-7fcd50000000 ---p 00000000 00:00 0 
7fcd5005d000-7fcd50061000 ---p 00000000 00:00 0 
7fcd50061000-7fcd5015e000 rw-p 00000000 00:00 0 
7fcd5015e000-7fcd50162000 ---p 00000000 00:00 0 
7fcd50162000-7fcd5025f000 rw-p 00000000 00:00 0 
7fcd5025f000-7fcd50263000 ---p 00000000 00:00 0 
7fcd50263000-7fcd50748000 rw-p 00000000 00:00 0 
7fcd50748000-7fcd531a8000 ---p 00000000 00:00 0 
7fcd531a8000-7fcd531b0000 rw-p 00000000 00:00 0 
7fcd531b0000-7fcd541b0000 ---p 00000000 00:00 0 
7fcd541b0000-7fcd54598000 rw-p 00000000 00:00 0 
7fcd54598000-7fcd56ff8000 ---p 00000000 00:00 0 
7fcd56ff8000-7fcd57000000 rw-p 00000000 00:00 0 
7fcd57000000-7fcd58000000 ---p 00000000 00:00 0 
7fcd58000000-7fcd58021000 rw-p 00000000 00:00 0 
7fcd58021000-7fcd5c000000 ---p 00000000 00:00 0 
7fcd5c088000-7fcd5c08c000 r--p 00000000 08:01 2361167                    /usr/lib/jvm/java-11-openjdk-amd64/lib/libnet.so
7fcd5c08c000-7fcd5c09b000 r-xp 00004000 08:01 2361167                    /usr/lib/jvm/java-11-openjdk-amd64/lib/libnet.so
7fcd5c09b000-7fcd5c09f000 r--p 00013000 08:01 2361167                    /usr/lib/jvm/java-11-openjdk-amd64/lib/libnet.so
7fcd5c09f000-7fcd5c0a0000 r--p 00016000 08:01 2361167                    /usr/lib/jvm/java-11-openjdk-amd64/lib/libnet.so
7fcd5c0a0000-7fcd5c0a1000 rw-p 00017000 08:01 2361167                    /usr/lib/jvm/java-11-openjdk-amd64/lib/libnet.so
7fcd5c0a1000-7fcd5c0a8000 r--p 00000000 08:01 2361168                    /usr/lib/jvm/java-11-openjdk-amd64/lib/libnio.so
7fcd5c0a8000-7fcd5c0b0000 r-xp 00007000 08:01 2361168                    /usr/lib/jvm/java-11-openjdk-amd64/lib/libnio.so
7fcd5c0b0000-7fcd5c0b3000 r--p 0000f000 08:01 2361168                    /usr/lib/jvm/java-11-openjdk-amd64/lib/libnio.so
7fcd5c0b3000-7fcd5c0b4000 r--p 00011000 08:01 2361168                    /usr/lib/jvm/java-11-openjdk-amd64/lib/libnio.so
7fcd5c0b4000-7fcd5c0b5000 rw-p 00012000 08:01 2361168                    /usr/lib/jvm/java-11-openjdk-amd64/lib/libnio.so
7fcd5c0b5000-7fcd5c0b9000 ---p 00000000 00:00 0 
7fcd5c0b9000-7fcd5c1b6000 rw-p 00000000 00:00 0 
7fcd5c1b6000-7fcd5c1ba000 ---p 00000000 00:00 0 
7fcd5c1ba000-7fcd5c2b7000 rw-p 00000000 00:00 0 
7fcd5c2b7000-7fcd5c2bb000 ---p 00000000 00:00 0 
7fcd5c2bb000-7fcd5c3b8000 rw-p 00000000 00:00 0 
7fcd5c3b8000-7fcd5c3bc000 ---p 00000000 00:00 0 
7fcd5c3bc000-7fcd5c4b9000 rw-p 00000000 00:00 0 
7fcd5c4b9000-7fcd5c4bd000 ---p 00000000 00:00 0 
7fcd5c4bd000-7fcd5c5ba000 rw-p 00000000 00:00 0 
7fcd5c5ba000-7fcd5c5be000 ---p 00000000 00:00 0 
7fcd5c5be000-7fcd5c6bb000 rw-p 00000000 00:00 0 
7fcd5c6bb000-7fcd5c6bc000 ---p 00000000 00:00 0 
7fcd5c6bc000-7fcd5c899000 rw-p 00000000 00:00 0 
7fcd5c899000-7fcd5cb09000 rwxp 00000000 00:00 0 
7fcd5cb09000-7fcd5cf40000 ---p 00000000 00:00 0 
7fcd5cf40000-7fcd5d2c0000 rwxp 00000000 00:00 0 
7fcd5d2c0000-7fcd6b899000 ---p 00000000 00:00 0 
7fcd6b899000-7fcd74000000 r--s 00000000 08:01 2361177                    /usr/lib/jvm/java-11-openjdk-amd64/lib/modules
7fcd74000000-7fcd7492a000 rw-p 00000000 00:00 0 
7fcd7492a000-7fcd78000000 ---p 00000000 00:00 0 
7fcd78000000-7fcd78002000 r--p 00000000 08:01 2361165                    /usr/lib/jvm/java-11-openjdk-amd64/lib/libmanagement_ext.so
7fcd78002000-7fcd78005000 r-xp 00002000 08:01 2361165                    /usr/lib/jvm/java-11-openjdk-amd64/lib/libmanagement_ext.so
7fcd78005000-7fcd78006000 r--p 00005000 08:01 2361165                    /usr/lib/jvm/java-11-openjdk-amd64/lib/libmanagement_ext.so
7fcd78006000-7fcd78007000 ---p 00006000 08:01 2361165                    /usr/lib/jvm/java-11-openjdk-amd64/lib/libmanagement_ext.so
7fcd78007000-7fcd78008000 r--p 00006000 08:01 2361165                    /usr/lib/jvm/java-11-openjdk-amd64/lib/libmanagement_ext.so
7fcd78008000-7fcd78009000 rw-p 00007000 08:01 2361165                    /usr/lib/jvm/java-11-openjdk-amd64/lib/libmanagement_ext.so
7fcd78009000-7fcd7800c000 r--p 00000000 08:01 2361163                    /usr/lib/jvm/java-11-openjdk-amd64/lib/libmanagement.so
7fcd7800c000-7fcd7800d000 r-xp 00003000 08:01 2361163                    /usr/lib/jvm/java-11-openjdk-amd64/lib/libmanagement.so
7fcd7800d000-7fcd7800e000 r--p 00004000 08:01 2361163                    /usr/lib/jvm/java-11-openjdk-amd64/lib/libmanagement.so
7fcd7800e000-7fcd7800f000 r--p 00004000 08:01 2361163                    /usr/lib/jvm/java-11-openjdk-amd64/lib/libmanagement.so
7fcd7800f000-7fcd78010000 rw-p 00005000 08:01 2361163                    /usr/lib/jvm/java-11-openjdk-amd64/lib/libmanagement.so
7fcd78010000-7fcd78810000 rw-p 00000000 00:00 0 
7fcd78810000-7fcd78811000 ---p 00000000 00:00 0 
7fcd78811000-7fcd78912000 rw-p 00000000 00:00 0 
7fcd78912000-7fcd78913000 ---p 00000000 00:00 0 
7fcd78913000-7fcd78e18000 rw-p 00000000 00:00 0 
7fcd78e18000-7fcd78e19000 ---p 00000000 00:00 0 
7fcd78e19000-7fcd78f1a000 rw-p 00000000 00:00 0 
7fcd78f1a000-7fcd78f1b000 ---p 00000000 00:00 0 
7fcd78f1b000-7fcd7911e000 rw-p 00000000 00:00 0 
7fcd7911e000-7fcd7966a000 ---p 00000000 00:00 0 
7fcd7966a000-7fcd7966b000 rw-p 00000000 00:00 0 
7fcd7966b000-7fcd7986b000 ---p 00000000 00:00 0 
7fcd7986b000-7fcd798e8000 rw-p 00000000 00:00 0 
7fcd798e8000-7fcd79e34000 ---p 00000000 00:00 0 
7fcd79e34000-7fcd79e35000 rw-p 00000000 00:00 0 
7fcd79e35000-7fcd7a035000 ---p 00000000 00:00 0 
7fcd7a035000-7fcd7a0b2000 rw-p 00000000 00:00 0 
7fcd7a0b2000-7fcd7a5fe000 ---p 00000000 00:00 0 
7fcd7a5fe000-7fcd7a5ff000 rw-p 00000000 00:00 0 
7fcd7a5ff000-7fcd7a7ff000 ---p 00000000 00:00 0 
7fcd7a7ff000-7fcd7ac03000 rw-p 00000000 00:00 0 
7fcd7ac03000-7fcd7ac04000 ---p 00000000 00:00 0 
7fcd7ac04000-7fcd7ad0c000 rw-p 00000000 00:00 0 
7fcd7ad0c000-7fcd7aed8000 ---p 00000000 00:00 0 
7fcd7aed8000-7fcd7aedd000 rw-p 00000000 00:00 0 
7fcd7aedd000-7fcd7aee6000 ---p 00000000 00:00 0 
7fcd7aee6000-7fcd7aee9000 r--p 00000000 08:01 2893025                    /usr/lib/x86_64-linux-gnu/libnss_files-2.31.so
7fcd7aee9000-7fcd7aef0000 r-xp 00003000 08:01 2893025                    /usr/lib/x86_64-linux-gnu/libnss_files-2.31.so
7fcd7aef0000-7fcd7aef2000 r--p 0000a000 08:01 2893025                    /usr/lib/x86_64-linux-gnu/libnss_files-2.31.so
7fcd7aef2000-7fcd7aef3000 r--p 0000b000 08:01 2893025                    /usr/lib/x86_64-linux-gnu/libnss_files-2.31.so
7fcd7aef3000-7fcd7aef4000 rw-p 0000c000 08:01 2893025                    /usr/lib/x86_64-linux-gnu/libnss_files-2.31.so
7fcd7aef4000-7fcd7aefa000 rw-p 00000000 00:00 0 
7fcd7aefb000-7fcd7aefc000 r--p 00000000 08:01 2361144                    /usr/lib/jvm/java-11-openjdk-amd64/lib/libextnet.so
7fcd7aefc000-7fcd7aefd000 r-xp 00001000 08:01 2361144                    /usr/lib/jvm/java-11-openjdk-amd64/lib/libextnet.so
7fcd7aefd000-7fcd7aefe000 r--p 00002000 08:01 2361144                    /usr/lib/jvm/java-11-openjdk-amd64/lib/libextnet.so
7fcd7aefe000-7fcd7aeff000 r--p 00002000 08:01 2361144                    /usr/lib/jvm/java-11-openjdk-amd64/lib/libextnet.so
7fcd7aeff000-7fcd7af00000 rw-p 00003000 08:01 2361144                    /usr/lib/jvm/java-11-openjdk-amd64/lib/libextnet.so
7fcd7af00000-7fcd7af02000 r--p 00000000 08:01 2361176                    /usr/lib/jvm/java-11-openjdk-amd64/lib/libzip.so
7fcd7af02000-7fcd7af06000 r-xp 00002000 08:01 2361176                    /usr/lib/jvm/java-11-openjdk-amd64/lib/libzip.so
7fcd7af06000-7fcd7af08000 r--p 00006000 08:01 2361176                    /usr/lib/jvm/java-11-openjdk-amd64/lib/libzip.so
7fcd7af08000-7fcd7af09000 r--p 00007000 08:01 2361176                    /usr/lib/jvm/java-11-openjdk-amd64/lib/libzip.so
7fcd7af09000-7fcd7af0a000 rw-p 00008000 08:01 2361176                    /usr/lib/jvm/java-11-openjdk-amd64/lib/libzip.so
7fcd7af0a000-7fcd7af12000 rw-s 00000000 08:01 4588188                    /tmp/hsperfdata_stas/8664
7fcd7af12000-7fcd7af14000 r--p 00000000 08:01 2361146                    /usr/lib/jvm/java-11-openjdk-amd64/lib/libinstrument.so
7fcd7af14000-7fcd7af1a000 r-xp 00002000 08:01 2361146                    /usr/lib/jvm/java-11-openjdk-amd64/lib/libinstrument.so
7fcd7af1a000-7fcd7af1d000 r--p 00008000 08:01 2361146                    /usr/lib/jvm/java-11-openjdk-amd64/lib/libinstrument.so
7fcd7af1d000-7fcd7af1e000 r--p 0000a000 08:01 2361146                    /usr/lib/jvm/java-11-openjdk-amd64/lib/libinstrument.so
7fcd7af1e000-7fcd7af1f000 rw-p 0000b000 08:01 2361146                    /usr/lib/jvm/java-11-openjdk-amd64/lib/libinstrument.so
7fcd7af1f000-7fcd7af21000 r--p 00000000 08:01 2361158                    /usr/lib/jvm/java-11-openjdk-amd64/lib/libjimage.so
7fcd7af21000-7fcd7af24000 r-xp 00002000 08:01 2361158                    /usr/lib/jvm/java-11-openjdk-amd64/lib/libjimage.so
7fcd7af24000-7fcd7af25000 r--p 00005000 08:01 2361158                    /usr/lib/jvm/java-11-openjdk-amd64/lib/libjimage.so
7fcd7af25000-7fcd7af26000 ---p 00006000 08:01 2361158                    /usr/lib/jvm/java-11-openjdk-amd64/lib/libjimage.so
7fcd7af26000-7fcd7af27000 r--p 00006000 08:01 2361158                    /usr/lib/jvm/java-11-openjdk-amd64/lib/libjimage.so
7fcd7af27000-7fcd7af28000 rw-p 00007000 08:01 2361158                    /usr/lib/jvm/java-11-openjdk-amd64/lib/libjimage.so
7fcd7af28000-7fcd7af36000 r--p 00000000 08:01 2361152                    /usr/lib/jvm/java-11-openjdk-amd64/lib/libjava.so
7fcd7af36000-7fcd7af4c000 r-xp 0000e000 08:01 2361152                    /usr/lib/jvm/java-11-openjdk-amd64/lib/libjava.so
7fcd7af4c000-7fcd7af53000 r--p 00024000 08:01 2361152                    /usr/lib/jvm/java-11-openjdk-amd64/lib/libjava.so
7fcd7af53000-7fcd7af54000 r--p 0002a000 08:01 2361152                    /usr/lib/jvm/java-11-openjdk-amd64/lib/libjava.so
7fcd7af54000-7fcd7af55000 rw-p 0002b000 08:01 2361152                    /usr/lib/jvm/java-11-openjdk-amd64/lib/libjava.so
7fcd7af55000-7fcd7af56000 rw-p 00000000 00:00 0 
7fcd7af56000-7fcd7af59000 r--p 00000000 08:01 2893032                    /usr/lib/x86_64-linux-gnu/librt-2.31.so
7fcd7af59000-7fcd7af5d000 r-xp 00003000 08:01 2893032                    /usr/lib/x86_64-linux-gnu/librt-2.31.so
7fcd7af5d000-7fcd7af5e000 r--p 00007000 08:01 2893032                    /usr/lib/x86_64-linux-gnu/librt-2.31.so
7fcd7af5e000-7fcd7af5f000 ---p 00008000 08:01 2893032                    /usr/lib/x86_64-linux-gnu/librt-2.31.so
7fcd7af5f000-7fcd7af60000 r--p 00008000 08:01 2893032                    /usr/lib/x86_64-linux-gnu/librt-2.31.so
7fcd7af60000-7fcd7af61000 rw-p 00009000 08:01 2893032                    /usr/lib/x86_64-linux-gnu/librt-2.31.so
7fcd7af61000-7fcd7af65000 ---p 00000000 00:00 0 
7fcd7af65000-7fcd7b062000 rw-p 00000000 00:00 0 
7fcd7b062000-7fcd7b065000 r--p 00000000 08:01 2885394                    /usr/lib/x86_64-linux-gnu/libgcc_s.so.1
7fcd7b065000-7fcd7b077000 r-xp 00003000 08:01 2885394                    /usr/lib/x86_64-linux-gnu/libgcc_s.so.1
7fcd7b077000-7fcd7b07b000 r--p 00015000 08:01 2885394                    /usr/lib/x86_64-linux-gnu/libgcc_s.so.1
7fcd7b07b000-7fcd7b07c000 r--p 00018000 08:01 2885394                    /usr/lib/x86_64-linux-gnu/libgcc_s.so.1
7fcd7b07c000-7fcd7b07d000 rw-p 00019000 08:01 2885394                    /usr/lib/x86_64-linux-gnu/libgcc_s.so.1
7fcd7b07d000-7fcd7b08c000 r--p 00000000 08:01 2893019                    /usr/lib/x86_64-linux-gnu/libm-2.31.so
7fcd7b08c000-7fcd7b133000 r-xp 0000f000 08:01 2893019                    /usr/lib/x86_64-linux-gnu/libm-2.31.so
7fcd7b133000-7fcd7b1ca000 r--p 000b6000 08:01 2893019                    /usr/lib/x86_64-linux-gnu/libm-2.31.so
7fcd7b1ca000-7fcd7b1cb000 r--p 0014c000 08:01 2893019                    /usr/lib/x86_64-linux-gnu/libm-2.31.so
7fcd7b1cb000-7fcd7b1cc000 rw-p 0014d000 08:01 2893019                    /usr/lib/x86_64-linux-gnu/libm-2.31.so
7fcd7b1cc000-7fcd7b262000 r--p 00000000 08:01 2885399                    /usr/lib/x86_64-linux-gnu/libstdc++.so.6.0.28
7fcd7b262000-7fcd7b352000 r-xp 00096000 08:01 2885399                    /usr/lib/x86_64-linux-gnu/libstdc++.so.6.0.28
7fcd7b352000-7fcd7b39b000 r--p 00186000 08:01 2885399                    /usr/lib/x86_64-linux-gnu/libstdc++.so.6.0.28
7fcd7b39b000-7fcd7b39c000 ---p 001cf000 08:01 2885399                    /usr/lib/x86_64-linux-gnu/libstdc++.so.6.0.28
7fcd7b39c000-7fcd7b3a7000 r--p 001cf000 08:01 2885399                    /usr/lib/x86_64-linux-gnu/libstdc++.so.6.0.28
7fcd7b3a7000-7fcd7b3aa000 rw-p 001da000 08:01 2885399                    /usr/lib/x86_64-linux-gnu/libstdc++.so.6.0.28
7fcd7b3aa000-7fcd7b3ad000 rw-p 00000000 00:00 0 
7fcd7b3ad000-7fcd7b626000 r--p 00000000 08:01 2361180                    /usr/lib/jvm/java-11-openjdk-amd64/lib/server/libjvm.so
7fcd7b626000-7fcd7c2a3000 r-xp 00279000 08:01 2361180                    /usr/lib/jvm/java-11-openjdk-amd64/lib/server/libjvm.so
7fcd7c2a3000-7fcd7c4f9000 r--p 00ef6000 08:01 2361180                    /usr/lib/jvm/java-11-openjdk-amd64/lib/server/libjvm.so
7fcd7c4f9000-7fcd7c5ba000 r--p 0114b000 08:01 2361180                    /usr/lib/jvm/java-11-openjdk-amd64/lib/server/libjvm.so
7fcd7c5ba000-7fcd7c5f5000 rw-p 0120c000 08:01 2361180                    /usr/lib/jvm/java-11-openjdk-amd64/lib/server/libjvm.so
7fcd7c5f5000-7fcd7c64e000 rw-p 00000000 00:00 0 
7fcd7c64e000-7fcd7c655000 r--p 00000000 08:01 2893030                    /usr/lib/x86_64-linux-gnu/libpthread-2.31.so
7fcd7c655000-7fcd7c666000 r-xp 00007000 08:01 2893030                    /usr/lib/x86_64-linux-gnu/libpthread-2.31.so
7fcd7c666000-7fcd7c66b000 r--p 00018000 08:01 2893030                    /usr/lib/x86_64-linux-gnu/libpthread-2.31.so
7fcd7c66b000-7fcd7c66c000 r--p 0001c000 08:01 2893030                    /usr/lib/x86_64-linux-gnu/libpthread-2.31.so
7fcd7c66c000-7fcd7c66d000 rw-p 0001d000 08:01 2893030                    /usr/lib/x86_64-linux-gnu/libpthread-2.31.so
7fcd7c66d000-7fcd7c671000 rw-p 00000000 00:00 0 
7fcd7c671000-7fcd7c672000 r--p 00000000 08:01 2893018                    /usr/lib/x86_64-linux-gnu/libdl-2.31.so
7fcd7c672000-7fcd7c674000 r-xp 00001000 08:01 2893018                    /usr/lib/x86_64-linux-gnu/libdl-2.31.so
7fcd7c674000-7fcd7c675000 r--p 00003000 08:01 2893018                    /usr/lib/x86_64-linux-gnu/libdl-2.31.so
7fcd7c675000-7fcd7c676000 r--p 00003000 08:01 2893018                    /usr/lib/x86_64-linux-gnu/libdl-2.31.so
7fcd7c676000-7fcd7c677000 rw-p 00004000 08:01 2893018                    /usr/lib/x86_64-linux-gnu/libdl-2.31.so
7fcd7c677000-7fcd7c679000 r--p 00000000 08:01 2885748                    /usr/lib/x86_64-linux-gnu/libz.so.1.2.11
7fcd7c679000-7fcd7c68a000 r-xp 00002000 08:01 2885748                    /usr/lib/x86_64-linux-gnu/libz.so.1.2.11
7fcd7c68a000-7fcd7c690000 r--p 00013000 08:01 2885748                    /usr/lib/x86_64-linux-gnu/libz.so.1.2.11
7fcd7c690000-7fcd7c691000 ---p 00019000 08:01 2885748                    /usr/lib/x86_64-linux-gnu/libz.so.1.2.11
7fcd7c691000-7fcd7c692000 r--p 00019000 08:01 2885748                    /usr/lib/x86_64-linux-gnu/libz.so.1.2.11
7fcd7c692000-7fcd7c693000 rw-p 0001a000 08:01 2885748                    /usr/lib/x86_64-linux-gnu/libz.so.1.2.11
7fcd7c693000-7fcd7c6b8000 r--p 00000000 08:01 2893017                    /usr/lib/x86_64-linux-gnu/libc-2.31.so
7fcd7c6b8000-7fcd7c830000 r-xp 00025000 08:01 2893017                    /usr/lib/x86_64-linux-gnu/libc-2.31.so
7fcd7c830000-7fcd7c87a000 r--p 0019d000 08:01 2893017                    /usr/lib/x86_64-linux-gnu/libc-2.31.so
7fcd7c87a000-7fcd7c87b000 ---p 001e7000 08:01 2893017                    /usr/lib/x86_64-linux-gnu/libc-2.31.so
7fcd7c87b000-7fcd7c87e000 r--p 001e7000 08:01 2893017                    /usr/lib/x86_64-linux-gnu/libc-2.31.so
7fcd7c87e000-7fcd7c881000 rw-p 001ea000 08:01 2893017                    /usr/lib/x86_64-linux-gnu/libc-2.31.so
7fcd7c881000-7fcd7c885000 rw-p 00000000 00:00 0 
7fcd7c887000-7fcd7c889000 r--s 0000c000 08:01 4071261                    /usr/share/java/java-atk-wrapper.jar
7fcd7c889000-7fcd7c88a000 ---p 00000000 00:00 0 
7fcd7c88a000-7fcd7c88b000 r--p 00000000 00:00 0 
7fcd7c88b000-7fcd7c890000 r--p 00000000 08:01 2361175                    /usr/lib/jvm/java-11-openjdk-amd64/lib/libverify.so
7fcd7c890000-7fcd7c897000 r-xp 00005000 08:01 2361175                    /usr/lib/jvm/java-11-openjdk-amd64/lib/libverify.so
7fcd7c897000-7fcd7c899000 r--p 0000c000 08:01 2361175                    /usr/lib/jvm/java-11-openjdk-amd64/lib/libverify.so
7fcd7c899000-7fcd7c89a000 ---p 0000e000 08:01 2361175                    /usr/lib/jvm/java-11-openjdk-amd64/lib/libverify.so
7fcd7c89a000-7fcd7c89c000 r--p 0000e000 08:01 2361175                    /usr/lib/jvm/java-11-openjdk-amd64/lib/libverify.so
7fcd7c89c000-7fcd7c89d000 rw-p 00010000 08:01 2361175                    /usr/lib/jvm/java-11-openjdk-amd64/lib/libverify.so
7fcd7c89d000-7fcd7c8a0000 r--p 00000000 08:01 2361135                    /usr/lib/jvm/java-11-openjdk-amd64/lib/jli/libjli.so
7fcd7c8a0000-7fcd7c8aa000 r-xp 00003000 08:01 2361135                    /usr/lib/jvm/java-11-openjdk-amd64/lib/jli/libjli.so
7fcd7c8aa000-7fcd7c8ad000 r--p 0000d000 08:01 2361135                    /usr/lib/jvm/java-11-openjdk-amd64/lib/jli/libjli.so
7fcd7c8ad000-7fcd7c8ae000 ---p 00010000 08:01 2361135                    /usr/lib/jvm/java-11-openjdk-amd64/lib/jli/libjli.so
7fcd7c8ae000-7fcd7c8af000 r--p 00010000 08:01 2361135                    /usr/lib/jvm/java-11-openjdk-amd64/lib/jli/libjli.so
7fcd7c8af000-7fcd7c8b0000 rw-p 00011000 08:01 2361135                    /usr/lib/jvm/java-11-openjdk-amd64/lib/jli/libjli.so
7fcd7c8b0000-7fcd7c8b2000 rw-p 00000000 00:00 0 
7fcd7c8b2000-7fcd7c8b3000 r--p 00000000 08:01 2893013                    /usr/lib/x86_64-linux-gnu/ld-2.31.so
7fcd7c8b3000-7fcd7c8d6000 r-xp 00001000 08:01 2893013                    /usr/lib/x86_64-linux-gnu/ld-2.31.so
7fcd7c8d6000-7fcd7c8de000 r--p 00024000 08:01 2893013                    /usr/lib/x86_64-linux-gnu/ld-2.31.so
7fcd7c8df000-7fcd7c8e0000 r--p 0002c000 08:01 2893013                    /usr/lib/x86_64-linux-gnu/ld-2.31.so
7fcd7c8e0000-7fcd7c8e1000 rw-p 0002d000 08:01 2893013                    /usr/lib/x86_64-linux-gnu/ld-2.31.so
7fcd7c8e1000-7fcd7c8e2000 rw-p 00000000 00:00 0 
7ffec0556000-7ffec0579000 rw-p 00000000 00:00 0                          [stack]
7ffec057c000-7ffec057f000 r--p 00000000 00:00 0                          [vvar]
7ffec057f000-7ffec0580000 r-xp 00000000 00:00 0                          [vdso]
ffffffffff600000-ffffffffff601000 --xp 00000000 00:00 0                  [vsyscall]


VM Arguments:
jvm_args: -XX:TieredStopAtLevel=1 -Xverify:none -Dspring.output.ansi.enabled=always -Dcom.sun.management.jmxremote -Dspring.jmx.enabled=true -Dspring.liveBeansView.mbeanDomain -Dspring.application.admin.enabled=true -javaagent:/home/stas/Downloads/ideaIU-2020.2.3/idea-IU-202.7660.26/lib/idea_rt.jar=46111:/home/stas/Downloads/ideaIU-2020.2.3/idea-IU-202.7660.26/bin -Dfile.encoding=UTF-8 
java_command: com.smartshop.SmartshopApplication
java_class_path (initial): /home/stas/dev/SpringRest/target/classes:/home/stas/.m2/repository/org/springframework/boot/spring-boot-starter-data-jpa/2.3.4.RELEASE/spring-boot-starter-data-jpa-2.3.4.RELEASE.jar:/home/stas/.m2/repository/org/springframework/boot/spring-boot-starter-aop/2.3.4.RELEASE/spring-boot-starter-aop-2.3.4.RELEASE.jar:/home/stas/.m2/repository/org/aspectj/aspectjweaver/1.9.6/aspectjweaver-1.9.6.jar:/home/stas/.m2/repository/org/springframework/boot/spring-boot-starter-jdbc/2.3.4.RELEASE/spring-boot-starter-jdbc-2.3.4.RELEASE.jar:/home/stas/.m2/repository/com/zaxxer/HikariCP/3.4.5/HikariCP-3.4.5.jar:/home/stas/.m2/repository/org/springframework/spring-jdbc/5.2.9.RELEASE/spring-jdbc-5.2.9.RELEASE.jar:/home/stas/.m2/repository/jakarta/transaction/jakarta.transaction-api/1.3.3/jakarta.transaction-api-1.3.3.jar:/home/stas/.m2/repository/jakarta/persistence/jakarta.persistence-api/2.2.3/jakarta.persistence-api-2.2.3.jar:/home/stas/.m2/repository/org/hibernate/hibernate-core/5.4.21.Final/hibernate-core-5.4.21.Final.jar:/home/stas/.m2/repository/org/javassist/javassist/3.24.0-GA/javassist-3.24.0-GA.jar:/home/stas/.m2/repository/net/bytebuddy/byte-buddy/1.10.14/byte-buddy-1.10.14.jar:/home/stas/.m2/repository/antlr/antlr/2.7.7/antlr-2.7.7.jar:/home/stas/.m2/repository/org/jboss/jandex/2.1.3.Final/jandex-2.1.3.Final.jar:/home/stas/.m2/repository/com/fasterxml/classmate/1.5.1/classmate-1.5.1.jar:/home/stas/.m2/repository/org/hibernate/common/hibernate-commons-annotations/5.1.0.Final/hibernate-commons-annotations-5.1.0.Final.jar:/home/stas/.m2/repository/org/glassfish/jaxb/jaxb-runtime/2.3.3/jaxb-runtime-2.3.3.jar:/home/stas/.m2/repository/jakarta/xml/bind/jakarta.xml.bind-api/2.3.3/jakarta.xml.bind-api-2.3.3.jar:/home/stas/.m2/repository/org/glassfish/jaxb/txw2/2.3.3/txw2-2.3.3.jar:/home/stas/.m2/repository/com/sun/istack/istack-commons-runtime/3.0.11/istack-commons-runtime-3.0.11.jar:/home/stas/.m2/repository/com/sun/activation/jakarta.activation/1.2.2/j
Launcher Type: SUN_STANDARD

[Global flags]
     bool BytecodeVerificationLocal                = false                                     {product} {command line}
     bool BytecodeVerificationRemote               = false                                     {product} {command line}
     intx CICompilerCount                          = 3                                         {product} {ergonomic}
     uint ConcGCThreads                            = 1                                         {product} {ergonomic}
     uint G1ConcRefinementThreads                  = 4                                         {product} {ergonomic}
   size_t G1HeapRegionSize                         = 1048576                                   {product} {ergonomic}
    uintx GCDrainStackTargetSize                   = 64                                        {product} {ergonomic}
   size_t InitialHeapSize                          = 262144000                                 {product} {ergonomic}
     bool ManagementServer                         = true                                      {product} {command line}
   size_t MarkStackSize                            = 4194304                                   {product} {ergonomic}
   size_t MaxHeapSize                              = 4181721088                                {product} {ergonomic}
   size_t MaxNewSize                               = 2508193792                                {product} {ergonomic}
   size_t MinHeapDeltaBytes                        = 1048576                                   {product} {ergonomic}
    uintx NonNMethodCodeHeapSize                   = 6973028                                {pd product} {ergonomic}
    uintx NonProfiledCodeHeapSize                  = 244685212                              {pd product} {ergonomic}
    uintx ProfiledCodeHeapSize                     = 0                                      {pd product} {ergonomic}
    uintx ReservedCodeCacheSize                    = 251658240                              {pd product} {ergonomic}
     bool SegmentedCodeCache                       = true                                      {product} {ergonomic}
     intx TieredStopAtLevel                        = 1                                         {product} {command line}
     bool UseCompressedClassPointers               = true                                 {lp64_product} {ergonomic}
     bool UseCompressedOops                        = true                                 {lp64_product} {ergonomic}
     bool UseG1GC                                  = true                                      {product} {ergonomic}

Logging:
Log output configuration:
 #0: stdout all=warning uptime,level,tags
 #1: stderr all=off uptime,level,tags

Environment Variables:
PATH=/usr/local/sbin:/usr/local/bin:/usr/sbin:/usr/bin:/sbin:/bin:/usr/games:/usr/local/games:/snap/bin
USERNAME=stas
SHELL=/usr/bin/zsh
DISPLAY=:1
LANG=en_US.UTF-8

Signal Handlers:
SIGSEGV: [libjvm.so+0xe824c0], sa_mask[0]=11111111011111111101111111111110, sa_flags=SA_RESTART|SA_SIGINFO
SIGBUS: [libjvm.so+0xe824c0], sa_mask[0]=11111111011111111101111111111110, sa_flags=SA_RESTART|SA_SIGINFO
SIGFPE: [libjvm.so+0xe824c0], sa_mask[0]=11111111011111111101111111111110, sa_flags=SA_RESTART|SA_SIGINFO
SIGPIPE: [libjvm.so+0xbc8ee0], sa_mask[0]=11111111011111111101111111111110, sa_flags=SA_RESTART|SA_SIGINFO
SIGXFSZ: [libjvm.so+0xbc8ee0], sa_mask[0]=11111111011111111101111111111110, sa_flags=SA_RESTART|SA_SIGINFO
SIGILL: [libjvm.so+0xe824c0], sa_mask[0]=11111111011111111101111111111110, sa_flags=SA_RESTART|SA_SIGINFO
SIGUSR2: [libjvm.so+0xbc8d80], sa_mask[0]=00100000000000000000000000000000, sa_flags=SA_RESTART|SA_SIGINFO
SIGHUP: [libjvm.so+0xbc9220], sa_mask[0]=11111111011111111101111111111110, sa_flags=SA_RESTART|SA_SIGINFO
SIGINT: [libjvm.so+0xbc9220], sa_mask[0]=11111111011111111101111111111110, sa_flags=SA_RESTART|SA_SIGINFO
SIGTERM: [libjvm.so+0xbc9220], sa_mask[0]=11111111011111111101111111111110, sa_flags=SA_RESTART|SA_SIGINFO
SIGQUIT: [libjvm.so+0xbc9220], sa_mask[0]=11111111011111111101111111111110, sa_flags=SA_RESTART|SA_SIGINFO


---------------  S Y S T E M  ---------------

OS:DISTRIB_ID=Pop
DISTRIB_RELEASE=20.04
DISTRIB_CODENAME=focal
DISTRIB_DESCRIPTION="Pop!_OS 20.04 LTS"
uname:Linux 5.4.0-7642-generic #46~1598628707~20.04~040157c-Ubuntu SMP Fri Aug 28 18:02:16 UTC  x86_64
OS uptime: 0 days 1:08 hours
libc:glibc 2.31 NPTL 2.31 
rlimit (soft/hard): STACK 8192k/infinity , CORE 0k/infinity , NPROC 63422/63422 , NOFILE 1048576/1048576 , AS infinity/infinity , CPU infinity/infinity , DATA infinity/infinity , FSIZE infinity/infinity , MEMLOCK 65536k/65536k
load average:1.24 1.26 1.15

/proc/meminfo:
MemTotal:       16327408 kB
MemFree:         5958028 kB
MemAvailable:    9432456 kB
Buffers:          291064 kB
Cached:          3628336 kB
SwapCached:            0 kB
Active:          7180380 kB
Inactive:        2581768 kB
Active(anon):    5845556 kB
Inactive(anon):   276912 kB
Active(file):    1334824 kB
Inactive(file):  2304856 kB
Unevictable:          32 kB
Mlocked:              32 kB
SwapTotal:       4193784 kB
SwapFree:        4193784 kB
Dirty:              5752 kB
Writeback:             0 kB
AnonPages:       5843052 kB
Mapped:          1222908 kB
Shmem:            286924 kB
KReclaimable:     170728 kB
Slab:             297788 kB
SReclaimable:     170728 kB
SUnreclaim:       127060 kB
KernelStack:       22628 kB
PageTables:        50568 kB
NFS_Unstable:          0 kB
Bounce:                0 kB
WritebackTmp:          0 kB
CommitLimit:    12357488 kB
Committed_AS:   15061952 kB
VmallocTotal:   34359738367 kB
VmallocUsed:       51504 kB
VmallocChunk:          0 kB
Percpu:             2832 kB
HardwareCorrupted:     0 kB
AnonHugePages:         0 kB
ShmemHugePages:        0 kB
ShmemPmdMapped:        0 kB
FileHugePages:         0 kB
FilePmdMapped:         0 kB
CmaTotal:              0 kB
CmaFree:               0 kB
HugePages_Total:       0
HugePages_Free:        0
HugePages_Rsvd:        0
HugePages_Surp:        0
Hugepagesize:       2048 kB
Hugetlb:               0 kB
DirectMap4k:      486292 kB
DirectMap2M:    12025856 kB
DirectMap1G:     5242880 kB

/sys/kernel/mm/transparent_hugepage/enabled:
always [madvise] never
/sys/kernel/mm/transparent_hugepage/defrag (defrag/compaction efforts parameter):
always defer defer+madvise [madvise] never

/proc/sys/kernel/threads-max (system-wide limit on the number of threads):
126844
/proc/sys/vm/max_map_count (maximum number of memory map areas a process may have):
65530
/proc/sys/kernel/pid_max (system-wide limit on number of process identifiers):
4194304

container (cgroup) information:
container_type: cgroupv1
cpu_cpuset_cpus: 0-3
cpu_memory_nodes: 0
active_processor_count: 4
cpu_quota: -1
cpu_period: 100000
cpu_shares: -1
memory_limit_in_bytes: -1
memory_and_swap_limit_in_bytes: -2
memory_soft_limit_in_bytes: -1
memory_usage_in_bytes: 8250466304
memory_max_usage_in_bytes: 8740839424

Steal ticks since vm start: 0
Steal ticks percentage since vm start:  0.000

CPU:total 4 (initial active 4) (4 cores per cpu, 1 threads per core) family 6 model 60 stepping 3, cmov, cx8, fxsr, mmx, sse, sse2, sse3, ssse3, sse4.1, sse4.2, popcnt, avx, avx2, aes, clmul, erms, lzcnt, tsc, tscinvbit, bmi1, bmi2, fma
CPU Model and flags from /proc/cpuinfo:
model name	: Intel(R) Core(TM) i5-4670K CPU @ 3.40GHz
flags		: fpu vme de pse tsc msr pae mce cx8 apic sep mtrr pge mca cmov pat pse36 clflush dts acpi mmx fxsr sse sse2 ss ht tm pbe syscall nx pdpe1gb rdtscp lm constant_tsc arch_perfmon pebs bts rep_good nopl xtopology nonstop_tsc cpuid aperfmperf pni pclmulqdq dtes64 monitor ds_cpl vmx est tm2 ssse3 sdbg fma cx16 xtpr pdcm pcid sse4_1 sse4_2 movbe popcnt tsc_deadline_timer aes xsave avx f16c rdrand lahf_lm abm cpuid_fault epb invpcid_single pti ssbd ibrs ibpb stibp tpr_shadow vnmi flexpriority ept vpid ept_ad fsgsbase tsc_adjust bmi1 avx2 smep bmi2 erms invpcid xsaveopt dtherm ida arat pln pts md_clear flush_l1d
Online cpus:
0-3
Offline cpus:

BIOS frequency limitation:
<Not Available>
Frequency switch latency (ns):
0
Available cpu frequencies:
<Not Available>
Current governor:
powersave
Core performance/turbo boost:
<Not Available>

Memory: 4k page, physical 16327408k(5958028k free), swap 4193784k(4193784k free)

vm_info: OpenJDK 64-Bit Server VM (11.0.9.1+1-Ubuntu-0ubuntu1.20.04) for linux-amd64 JRE (11.0.9.1+1-Ubuntu-0ubuntu1.20.04), built on Nov 10 2020 04:18:42 by "unknown" with gcc 9.3.0

END.
